#
# There is insufficient memory for the Java Runtime Environment to continue.
# Native memory allocation (malloc) failed to allocate 730656 bytes for Chunk::new
# Possible reasons:
#   The system is out of physical RAM or swap space
#   The process is running with CompressedOops enabled, and the Java Heap may be blocking the growth of the native heap
# Possible solutions:
#   Reduce memory load on the system
#   Increase physical memory or swap space
#   Check if swap backing store is full
#   Decrease Java heap size (-Xmx/-Xms)
#   Decrease number of Java threads
#   Decrease Java thread stack sizes (-Xss)
#   Set larger code cache with -XX:ReservedCodeCacheSize=
#   JVM is running with Unscaled Compressed Oops mode in which the Java heap is
#     placed in the first 4GB address space. The Java Heap base address is the
#     maximum limit for the native heap growth. Please use -XX:HeapBaseMinAddress
#     to set the Java Heap base and to place the Java Heap above 4GB virtual address.
# This output file may be truncated or incomplete.
#
#  Out of Memory Error (allocation.cpp:389), pid=16876, tid=0x0000000000002dfc
#
# JRE version: OpenJDK Runtime Environment (8.0_212-b04) (build 1.8.0_212-release-1586-b04)
# Java VM: OpenJDK 64-Bit Server VM (25.212-b04 mixed mode windows-amd64 compressed oops)
# Failed to write core dump. Minidumps are not enabled by default on client versions of Windows
#

---------------  T H R E A D  ---------------

Current thread (0x000000001982d000):  JavaThread "C2 CompilerThread1" daemon [_thread_in_native, id=11772, stack(0x000000001afb0000,0x000000001b0b0000)]

Stack: [0x000000001afb0000,0x000000001b0b0000]
[error occurred during error reporting (printing stack bounds), id 0xc0000005]

Native frames: (J=compiled Java code, j=interpreted, Vv=VM code, C=native code)


Current CompileTask:
C2:   5540 2992       4       org.jetbrains.org.objectweb.asm.ClassReader::readMethod (1047 bytes)


---------------  P R O C E S S  ---------------

Java Threads: ( => current thread )
  0x0000000019858800 JavaThread "Service Thread" daemon [_thread_blocked, id=20372, stack(0x000000001b2b0000,0x000000001b3b0000)]
  0x0000000019837800 JavaThread "C1 CompilerThread3" daemon [_thread_in_native, id=19512, stack(0x000000001b1b0000,0x000000001b2b0000)]
  0x0000000019832000 JavaThread "C2 CompilerThread2" daemon [_thread_in_native, id=128, stack(0x000000001b0b0000,0x000000001b1b0000)]
=>0x000000001982d000 JavaThread "C2 CompilerThread1" daemon [_thread_in_native, id=11772, stack(0x000000001afb0000,0x000000001b0b0000)]
  0x0000000019822000 JavaThread "C2 CompilerThread0" daemon [_thread_in_native, id=19112, stack(0x000000001aeb0000,0x000000001afb0000)]
  0x0000000019821000 JavaThread "Attach Listener" daemon [_thread_blocked, id=19516, stack(0x000000001adb0000,0x000000001aeb0000)]
  0x0000000019820000 JavaThread "Signal Dispatcher" daemon [_thread_blocked, id=21040, stack(0x000000001acb0000,0x000000001adb0000)]
  0x0000000018154000 JavaThread "Finalizer" daemon [_thread_blocked, id=9828, stack(0x000000001aa90000,0x000000001ab90000)]
  0x0000000019813000 JavaThread "Reference Handler" daemon [_thread_blocked, id=14628, stack(0x000000001a990000,0x000000001aa90000)]
  0x0000000002e57800 JavaThread "main" [_thread_in_Java, id=21700, stack(0x0000000002d00000,0x0000000002e00000)]

Other Threads:
  0x0000000018144800 VMThread [stack: 0x000000001a890000,0x000000001a990000] [id=22300]
  0x0000000019859800 WatcherThread [stack: 0x000000001b3b0000,0x000000001b4b0000] [id=17036]

VM state:not at safepoint (normal execution)

VM Mutex/Monitor currently owned by a thread: None

heap address: 0x0000000080c00000, size: 2036 MB, Compressed Oops mode: 32-bit
Narrow klass base: 0x0000000000000000, Narrow klass shift: 3
Compressed class space size: 1073741824 Address: 0x0000000100000000

Heap:
 PSYoungGen      total 52736K, used 33060K [0x00000000d5980000, 0x00000000da480000, 0x0000000100000000)
  eden space 47616K, 69% used [0x00000000d5980000,0x00000000d79c9368,0x00000000d8800000)
  from space 5120K, 0% used [0x00000000d9f80000,0x00000000d9f80000,0x00000000da480000)
  to   space 5120K, 0% used [0x00000000d9a80000,0x00000000d9a80000,0x00000000d9f80000)
 ParOldGen       total 66048K, used 16381K [0x0000000080c00000, 0x0000000084c80000, 0x00000000d5980000)
  object space 66048K, 24% used [0x0000000080c00000,0x0000000081bff5c8,0x0000000084c80000)
 Metaspace       used 36899K, capacity 37479K, committed 37888K, reserved 1083392K
  class space    used 4684K, capacity 4853K, committed 4864K, reserved 1048576K

Card table byte_map: [0x0000000012310000,0x0000000012710000] byte_map_base: 0x0000000011f0a000

Marking Bits: (ParMarkBitMap*) 0x000000006b309f30
 Begin Bits: [0x00000000133c0000, 0x0000000015390000)
 End Bits:   [0x0000000015390000, 0x0000000017360000)

Polling page: 0x00000000012e0000

CodeCache: size=245760Kb used=9593Kb max_used=9593Kb free=236166Kb
 bounds [0x0000000002f50000, 0x00000000038c0000, 0x0000000011f50000]
 total_blobs=3507 nmethods=3071 adapters=350
 compilation: enabled

Compilation events (10 events):
Event: 5.530 Thread 0x0000000019837800 3077   !   3       org.jetbrains.kotlin.metadata.jvm.JvmProtoBuf$JvmMethodSignature::<init> (286 bytes)
Event: 5.532 Thread 0x0000000019837800 nmethod 3077 0x000000000389e590 code [0x000000000389e940, 0x00000000038a11a8]
Event: 5.532 Thread 0x0000000019837800 3069       3       org.jetbrains.kotlin.protobuf.FieldSet::writeElementNoTag (378 bytes)
Event: 5.534 Thread 0x0000000019837800 nmethod 3069 0x00000000038a2690 code [0x00000000038a2c80, 0x00000000038a81d8]
Event: 5.534 Thread 0x0000000019837800 3084       3       org.jetbrains.kotlin.metadata.ProtoBuf$Annotation::getSerializedSize (93 bytes)
Event: 5.535 Thread 0x0000000019837800 nmethod 3084 0x00000000038a9a10 code [0x00000000038a9c40, 0x00000000038aa758]
Event: 5.535 Thread 0x0000000019837800 3081       3       org.jetbrains.kotlin.metadata.ProtoBuf$Annotation$Argument::getSerializedSize (73 bytes)
Event: 5.536 Thread 0x0000000019837800 nmethod 3081 0x00000000038aacd0 code [0x00000000038aaec0, 0x00000000038ab658]
Event: 5.536 Thread 0x0000000019837800 3082       3       org.jetbrains.kotlin.metadata.ProtoBuf$Annotation$Argument$Value::getSerializedSize (311 bytes)
Event: 5.538 Thread 0x0000000019837800 nmethod 3082 0x00000000038aba90 code [0x00000000038abf00, 0x00000000038ae148]

GC Heap History (10 events):
Event: 2.335 GC heap before
{Heap before GC invocations=4 (full 1):
 PSYoungGen      total 38400K, used 5110K [0x00000000d5980000, 0x00000000da480000, 0x0000000100000000)
  eden space 33280K, 0% used [0x00000000d5980000,0x00000000d5980000,0x00000000d7a00000)
  from space 5120K, 99% used [0x00000000d7a00000,0x00000000d7efd958,0x00000000d7f00000)
  to   space 5120K, 0% used [0x00000000d9f80000,0x00000000d9f80000,0x00000000da480000)
 ParOldGen       total 87552K, used 11639K [0x0000000080c00000, 0x0000000086180000, 0x00000000d5980000)
  object space 87552K, 13% used [0x0000000080c00000,0x000000008175df58,0x0000000086180000)
 Metaspace       used 20762K, capacity 21140K, committed 21296K, reserved 1069056K
  class space    used 2465K, capacity 2623K, committed 2688K, reserved 1048576K
Event: 2.366 GC heap after
Heap after GC invocations=4 (full 1):
 PSYoungGen      total 38400K, used 0K [0x00000000d5980000, 0x00000000da480000, 0x0000000100000000)
  eden space 33280K, 0% used [0x00000000d5980000,0x00000000d5980000,0x00000000d7a00000)
  from space 5120K, 0% used [0x00000000d7a00000,0x00000000d7a00000,0x00000000d7f00000)
  to   space 5120K, 0% used [0x00000000d9f80000,0x00000000d9f80000,0x00000000da480000)
 ParOldGen       total 66048K, used 8860K [0x0000000080c00000, 0x0000000084c80000, 0x00000000d5980000)
  object space 66048K, 13% used [0x0000000080c00000,0x00000000814a7228,0x0000000084c80000)
 Metaspace       used 20762K, capacity 21140K, committed 21296K, reserved 1069056K
  class space    used 2465K, capacity 2623K, committed 2688K, reserved 1048576K
}
Event: 3.218 GC heap before
{Heap before GC invocations=5 (full 1):
 PSYoungGen      total 38400K, used 33280K [0x00000000d5980000, 0x00000000da480000, 0x0000000100000000)
  eden space 33280K, 100% used [0x00000000d5980000,0x00000000d7a00000,0x00000000d7a00000)
  from space 5120K, 0% used [0x00000000d7a00000,0x00000000d7a00000,0x00000000d7f00000)
  to   space 5120K, 0% used [0x00000000d9f80000,0x00000000d9f80000,0x00000000da480000)
 ParOldGen       total 66048K, used 8860K [0x0000000080c00000, 0x0000000084c80000, 0x00000000d5980000)
  object space 66048K, 13% used [0x0000000080c00000,0x00000000814a7228,0x0000000084c80000)
 Metaspace       used 24362K, capacity 24812K, committed 25088K, reserved 1071104K
  class space    used 2922K, capacity 3054K, committed 3072K, reserved 1048576K
Event: 3.224 GC heap after
Heap after GC invocations=5 (full 1):
 PSYoungGen      total 52736K, used 5116K [0x00000000d5980000, 0x00000000da480000, 0x0000000100000000)
  eden space 47616K, 0% used [0x00000000d5980000,0x00000000d5980000,0x00000000d8800000)
  from space 5120K, 99% used [0x00000000d9f80000,0x00000000da47f270,0x00000000da480000)
  to   space 5120K, 0% used [0x00000000d9a80000,0x00000000d9a80000,0x00000000d9f80000)
 ParOldGen       total 66048K, used 11342K [0x0000000080c00000, 0x0000000084c80000, 0x00000000d5980000)
  object space 66048K, 17% used [0x0000000080c00000,0x0000000081713a78,0x0000000084c80000)
 Metaspace       used 24362K, capacity 24812K, committed 25088K, reserved 1071104K
  class space    used 2922K, capacity 3054K, committed 3072K, reserved 1048576K
}
Event: 4.484 GC heap before
{Heap before GC invocations=6 (full 1):
 PSYoungGen      total 52736K, used 52732K [0x00000000d5980000, 0x00000000da480000, 0x0000000100000000)
  eden space 47616K, 100% used [0x00000000d5980000,0x00000000d8800000,0x00000000d8800000)
  from space 5120K, 99% used [0x00000000d9f80000,0x00000000da47f270,0x00000000da480000)
  to   space 5120K, 0% used [0x00000000d9a80000,0x00000000d9a80000,0x00000000d9f80000)
 ParOldGen       total 66048K, used 11342K [0x0000000080c00000, 0x0000000084c80000, 0x00000000d5980000)
  object space 66048K, 17% used [0x0000000080c00000,0x0000000081713a78,0x0000000084c80000)
 Metaspace       used 32387K, capacity 32913K, committed 33280K, reserved 1079296K
  class space    used 4114K, capacity 4246K, committed 4352K, reserved 1048576K
Event: 4.498 GC heap after
Heap after GC invocations=6 (full 1):
 PSYoungGen      total 52736K, used 5090K [0x00000000d5980000, 0x00000000da480000, 0x0000000100000000)
  eden space 47616K, 0% used [0x00000000d5980000,0x00000000d5980000,0x00000000d8800000)
  from space 5120K, 99% used [0x00000000d9a80000,0x00000000d9f78918,0x00000000d9f80000)
  to   space 5120K, 0% used [0x00000000d9f80000,0x00000000d9f80000,0x00000000da480000)
 ParOldGen       total 66048K, used 22983K [0x0000000080c00000, 0x0000000084c80000, 0x00000000d5980000)
  object space 66048K, 34% used [0x0000000080c00000,0x0000000082271e70,0x0000000084c80000)
 Metaspace       used 32387K, capacity 32913K, committed 33280K, reserved 1079296K
  class space    used 4114K, capacity 4246K, committed 4352K, reserved 1048576K
}
Event: 4.865 GC heap before
{Heap before GC invocations=7 (full 1):
 PSYoungGen      total 52736K, used 14526K [0x00000000d5980000, 0x00000000da480000, 0x0000000100000000)
  eden space 47616K, 19% used [0x00000000d5980000,0x00000000d62b70a0,0x00000000d8800000)
  from space 5120K, 99% used [0x00000000d9a80000,0x00000000d9f78918,0x00000000d9f80000)
  to   space 5120K, 0% used [0x00000000d9f80000,0x00000000d9f80000,0x00000000da480000)
 ParOldGen       total 66048K, used 22983K [0x0000000080c00000, 0x0000000084c80000, 0x00000000d5980000)
  object space 66048K, 34% used [0x0000000080c00000,0x0000000082271e70,0x0000000084c80000)
 Metaspace       used 34699K, capacity 35289K, committed 35496K, reserved 1081344K
  class space    used 4434K, capacity 4592K, committed 4608K, reserved 1048576K
Event: 4.873 GC heap after
Heap after GC invocations=7 (full 1):
 PSYoungGen      total 52736K, used 5099K [0x00000000d5980000, 0x00000000da480000, 0x0000000100000000)
  eden space 47616K, 0% used [0x00000000d5980000,0x00000000d5980000,0x00000000d8800000)
  from space 5120K, 99% used [0x00000000d9f80000,0x00000000da47add8,0x00000000da480000)
  to   space 5120K, 0% used [0x00000000d9a80000,0x00000000d9a80000,0x00000000d9f80000)
 ParOldGen       total 66048K, used 25307K [0x0000000080c00000, 0x0000000084c80000, 0x00000000d5980000)
  object space 66048K, 38% used [0x0000000080c00000,0x00000000824b6c00,0x0000000084c80000)
 Metaspace       used 34699K, capacity 35289K, committed 35496K, reserved 1081344K
  class space    used 4434K, capacity 4592K, committed 4608K, reserved 1048576K
}
Event: 4.873 GC heap before
{Heap before GC invocations=8 (full 2):
 PSYoungGen      total 52736K, used 5099K [0x00000000d5980000, 0x00000000da480000, 0x0000000100000000)
  eden space 47616K, 0% used [0x00000000d5980000,0x00000000d5980000,0x00000000d8800000)
  from space 5120K, 99% used [0x00000000d9f80000,0x00000000da47add8,0x00000000da480000)
  to   space 5120K, 0% used [0x00000000d9a80000,0x00000000d9a80000,0x00000000d9f80000)
 ParOldGen       total 66048K, used 25307K [0x0000000080c00000, 0x0000000084c80000, 0x00000000d5980000)
  object space 66048K, 38% used [0x0000000080c00000,0x00000000824b6c00,0x0000000084c80000)
 Metaspace       used 34699K, capacity 35289K, committed 35496K, reserved 1081344K
  class space    used 4434K, capacity 4592K, committed 4608K, reserved 1048576K
Event: 4.927 GC heap after
Heap after GC invocations=8 (full 2):
 PSYoungGen      total 52736K, used 0K [0x00000000d5980000, 0x00000000da480000, 0x0000000100000000)
  eden space 47616K, 0% used [0x00000000d5980000,0x00000000d5980000,0x00000000d8800000)
  from space 5120K, 0% used [0x00000000d9f80000,0x00000000d9f80000,0x00000000da480000)
  to   space 5120K, 0% used [0x00000000d9a80000,0x00000000d9a80000,0x00000000d9f80000)
 ParOldGen       total 66048K, used 16381K [0x0000000080c00000, 0x0000000084c80000, 0x00000000d5980000)
  object space 66048K, 24% used [0x0000000080c00000,0x0000000081bff5c8,0x0000000084c80000)
 Metaspace       used 34699K, capacity 35289K, committed 35496K, reserved 1081344K
  class space    used 4434K, capacity 4592K, committed 4608K, reserved 1048576K
}

Deoptimization events (10 events):
Event: 5.049 Thread 0x0000000002e57800 Uncommon trap: reason=class_check action=maybe_recompile pc=0x000000000347c204 method=java.util.AbstractList.hashCode()I @ 3
Event: 5.197 Thread 0x0000000002e57800 Uncommon trap: reason=unstable_if action=reinterpret pc=0x00000000037023a0 method=java.text.StringCharacterIterator.current()C @ 19
Event: 5.305 Thread 0x0000000002e57800 Uncommon trap: reason=bimorphic action=maybe_recompile pc=0x0000000003512238 method=org.jetbrains.kotlin.protobuf.CodedInputStream.tryRefillBuffer(I)Z @ 177
Event: 5.307 Thread 0x0000000002e57800 Uncommon trap: reason=bimorphic action=maybe_recompile pc=0x0000000003512238 method=org.jetbrains.kotlin.protobuf.CodedInputStream.tryRefillBuffer(I)Z @ 177
Event: 5.309 Thread 0x0000000002e57800 Uncommon trap: reason=bimorphic action=maybe_recompile pc=0x0000000003512238 method=org.jetbrains.kotlin.protobuf.CodedInputStream.tryRefillBuffer(I)Z @ 177
Event: 5.312 Thread 0x0000000002e57800 Uncommon trap: reason=bimorphic action=maybe_recompile pc=0x0000000003512238 method=org.jetbrains.kotlin.protobuf.CodedInputStream.tryRefillBuffer(I)Z @ 177
Event: 5.323 Thread 0x0000000002e57800 Uncommon trap: reason=unstable_if action=reinterpret pc=0x0000000003771ec0 method=org.jetbrains.org.objectweb.asm.ClassReader.readUtf(II[C)Ljava/lang/String; @ 41
Event: 5.326 Thread 0x0000000002e57800 Uncommon trap: reason=unstable_if action=reinterpret pc=0x000000000375c384 method=org.jetbrains.org.objectweb.asm.ClassReader.readUtf(II[C)Ljava/lang/String; @ 41
Event: 5.326 Thread 0x0000000002e57800 Uncommon trap: reason=unstable_if action=reinterpret pc=0x0000000003726460 method=org.jetbrains.org.objectweb.asm.ClassReader.readUtf(II[C)Ljava/lang/String; @ 41
Event: 5.365 Thread 0x0000000002e57800 Uncommon trap: reason=bimorphic action=maybe_recompile pc=0x000000000351176c method=org.jetbrains.kotlin.protobuf.CodedInputStream.tryRefillBuffer(I)Z @ 177

Classes redefined (0 events):
No events

Internal exceptions (10 events):
Event: 1.713 Thread 0x0000000002e57800 Exception <a 'java/lang/NoSuchMethodError': java.lang.Object.lambda$comparing$77a9974f$1(Ljava/util/function/Function;Ljava/lang/Object;Ljava/lang/Object;)I> (0x00000000d59c8760) thrown at [D:\src\AOSP-openjdk-cygwin\jdk8u\hotspot\src\share\vm\interpreter
Event: 1.747 Thread 0x0000000002e57800 Exception <a 'java/lang/NoSuchMethodError': java.lang.Object.lambda$static$0()J> (0x00000000d5afb368) thrown at [D:\src\AOSP-openjdk-cygwin\jdk8u\hotspot\src\share\vm\interpreter\linkResolver.cpp, line 620]
Event: 2.068 Thread 0x0000000002e57800 Exception <a 'java/lang/NoSuchMethodError': java.lang.Object.lambda$static$0(I)[Lorg/jetbrains/kotlin/com/intellij/openapi/editor/event/DocumentListener;> (0x00000000d6257480) thrown at [D:\src\AOSP-openjdk-cygwin\jdk8u\hotspot\src\share\vm\interpreter\li
Event: 2.121 Thread 0x0000000002e57800 Exception <a 'java/lang/NoSuchMethodError': java.lang.Object.lambda$static$0(I)[Lorg/jetbrains/kotlin/com/intellij/psi/PsiAnnotation;> (0x00000000d645f120) thrown at [D:\src\AOSP-openjdk-cygwin\jdk8u\hotspot\src\share\vm\interpreter\linkResolver.cpp, line
Event: 2.296 Thread 0x0000000002e57800 Exception <a 'java/lang/NoSuchMethodError': java.lang.Object.lambda$static$0(I)[Lorg/jetbrains/kotlin/com/intellij/psi/PsiElement;> (0x00000000d69a3990) thrown at [D:\src\AOSP-openjdk-cygwin\jdk8u\hotspot\src\share\vm\interpreter\linkResolver.cpp, line 62
Event: 3.590 Thread 0x0000000002e57800 Exception <a 'java/lang/ArrayIndexOutOfBoundsException': 126> (0x00000000d66d2c40) thrown at [D:\src\AOSP-openjdk-cygwin\jdk8u\hotspot\src\share\vm\interpreter\interpreterRuntime.cpp, line 368]
Event: 3.592 Thread 0x0000000002e57800 Exception <a 'java/lang/ArrayIndexOutOfBoundsException': 86> (0x00000000d66d40c8) thrown at [D:\src\AOSP-openjdk-cygwin\jdk8u\hotspot\src\share\vm\interpreter\interpreterRuntime.cpp, line 368]
Event: 4.684 Thread 0x0000000002e57800 Exception <a 'java/lang/NoSuchMethodError': java.lang.Object.lambda$static$0(I)[Lorg/jetbrains/kotlin/psi/KtExpression;> (0x00000000d5e2f448) thrown at [D:\src\AOSP-openjdk-cygwin\jdk8u\hotspot\src\share\vm\interpreter\linkResolver.cpp, line 620]
Event: 4.841 Thread 0x0000000002e57800 Exception <a 'java/lang/NoSuchMethodError': java.lang.Object.lambda$static$0(I)[Lorg/jetbrains/kotlin/psi/KtDeclaration;> (0x00000000d6137080) thrown at [D:\src\AOSP-openjdk-cygwin\jdk8u\hotspot\src\share\vm\interpreter\linkResolver.cpp, line 620]
Event: 4.952 Thread 0x0000000002e57800 Exception <a 'java/lang/NoSuchMethodError': java.lang.Object.lambda$static$0(I)[Lorg/jetbrains/kotlin/psi/KtTypeElement;> (0x00000000d5a23fb0) thrown at [D:\src\AOSP-openjdk-cygwin\jdk8u\hotspot\src\share\vm\interpreter\linkResolver.cpp, line 620]

Events (10 events):
Event: 5.416 loading class org/jetbrains/kotlin/types/AbstractTypeConstructor$supertypes$3$2
Event: 5.416 loading class org/jetbrains/kotlin/types/AbstractTypeConstructor$supertypes$3$2 done
Event: 5.416 loading class org/jetbrains/kotlin/types/AbstractTypeConstructor$supertypes$3$3
Event: 5.416 loading class org/jetbrains/kotlin/types/AbstractTypeConstructor$supertypes$3$3 done
Event: 5.420 loading class org/jetbrains/kotlin/utils/SmartList$SingletonIterator
Event: 5.420 loading class org/jetbrains/kotlin/utils/SmartList$SingletonIterator done
Event: 5.421 loading class org/jetbrains/kotlin/utils/SmartList$SingletonIteratorBase
Event: 5.421 loading class org/jetbrains/kotlin/utils/SmartList$SingletonIteratorBase done
Event: 5.496 loading class org/jetbrains/kotlin/metadata/ProtoBuf$1
Event: 5.496 loading class org/jetbrains/kotlin/metadata/ProtoBuf$1 done


Dynamic libraries:
0x00007ff6cbed0000 - 0x00007ff6cbf01000 	C:\Program Files\Android\Android Studio\jre\jre\bin\java.exe
0x00007ffee58c0000 - 0x00007ffee5ab0000 	C:\Windows\SYSTEM32\ntdll.dll
0x00007ffee5560000 - 0x00007ffee5612000 	C:\Windows\System32\KERNEL32.DLL
0x00007ffee3420000 - 0x00007ffee36c3000 	C:\Windows\System32\KERNELBASE.dll
0x00007ffee4c00000 - 0x00007ffee4ca3000 	C:\Windows\System32\ADVAPI32.dll
0x00007ffee45b0000 - 0x00007ffee464e000 	C:\Windows\System32\msvcrt.dll
0x00007ffee5250000 - 0x00007ffee52e7000 	C:\Windows\System32\sechost.dll
0x00007ffee5620000 - 0x00007ffee5740000 	C:\Windows\System32\RPCRT4.dll
0x00007ffee49f0000 - 0x00007ffee4b84000 	C:\Windows\System32\USER32.dll
0x00007ffee36d0000 - 0x00007ffee36f1000 	C:\Windows\System32\win32u.dll
0x00007ffee39f0000 - 0x00007ffee3a16000 	C:\Windows\System32\GDI32.dll
0x00007ffee3280000 - 0x00007ffee3414000 	C:\Windows\System32\gdi32full.dll
0x00007ffee2850000 - 0x00007ffee28ee000 	C:\Windows\System32\msvcp_win.dll
0x00007ffee2a00000 - 0x00007ffee2afa000 	C:\Windows\System32\ucrtbase.dll
0x00007ffed5c50000 - 0x00007ffed5ed5000 	C:\Windows\WinSxS\amd64_microsoft.windows.common-controls_6595b64144ccf1df_6.0.18362.778_none_e6c6b761130d4fb8\COMCTL32.dll
0x00007ffee4650000 - 0x00007ffee4986000 	C:\Windows\System32\combase.dll
0x00007ffee2950000 - 0x00007ffee29d0000 	C:\Windows\System32\bcryptPrimitives.dll
0x00007ffee3a50000 - 0x00007ffee3a7e000 	C:\Windows\System32\IMM32.DLL
0x000000006a980000 - 0x000000006aa52000 	C:\Program Files\Android\Android Studio\jre\jre\bin\msvcr100.dll
0x000000006ab40000 - 0x000000006b386000 	C:\Program Files\Android\Android Studio\jre\jre\bin\server\jvm.dll
0x00007ffee4dd0000 - 0x00007ffee4dd8000 	C:\Windows\System32\PSAPI.DLL
0x00007ffedf0b0000 - 0x00007ffedf0b9000 	C:\Windows\SYSTEM32\WSOCK32.dll
0x00007ffedd280000 - 0x00007ffedd28a000 	C:\Windows\SYSTEM32\VERSION.dll
0x00007ffee07e0000 - 0x00007ffee0804000 	C:\Windows\SYSTEM32\WINMM.dll
0x00007ffee0780000 - 0x00007ffee07ad000 	C:\Windows\SYSTEM32\winmmbase.dll
0x00007ffee37d0000 - 0x00007ffee381a000 	C:\Windows\System32\cfgmgr32.dll
0x00007ffee4d60000 - 0x00007ffee4dcf000 	C:\Windows\System32\WS2_32.dll
0x00007ffede8f0000 - 0x00007ffede8ff000 	C:\Program Files\Android\Android Studio\jre\jre\bin\verify.dll
0x00007ffed7600000 - 0x00007ffed7629000 	C:\Program Files\Android\Android Studio\jre\jre\bin\java.dll
0x00007ffeda7c0000 - 0x00007ffeda7d6000 	C:\Program Files\Android\Android Studio\jre\jre\bin\zip.dll
0x00007ffee3bf0000 - 0x00007ffee42d5000 	C:\Windows\System32\SHELL32.dll
0x00007ffee4500000 - 0x00007ffee45a9000 	C:\Windows\System32\shcore.dll
0x00007ffee2b00000 - 0x00007ffee3280000 	C:\Windows\System32\windows.storage.dll
0x00007ffee2820000 - 0x00007ffee2843000 	C:\Windows\System32\profapi.dll
0x00007ffee27b0000 - 0x00007ffee27fa000 	C:\Windows\System32\powrprof.dll
0x00007ffee2780000 - 0x00007ffee2790000 	C:\Windows\System32\UMPDC.dll
0x00007ffee4990000 - 0x00007ffee49e2000 	C:\Windows\System32\shlwapi.dll
0x00007ffee2790000 - 0x00007ffee27a1000 	C:\Windows\System32\kernel.appcore.dll
0x00007ffee37b0000 - 0x00007ffee37c7000 	C:\Windows\System32\cryptsp.dll
0x00007ffed72d0000 - 0x00007ffed72ea000 	C:\Program Files\Android\Android Studio\jre\jre\bin\net.dll
0x00007ffed32a0000 - 0x00007ffed3475000 	C:\Windows\SYSTEM32\urlmon.dll
0x00007ffed2820000 - 0x00007ffed2ac6000 	C:\Windows\SYSTEM32\iertutil.dll
0x00007ffee2120000 - 0x00007ffee212c000 	C:\Windows\SYSTEM32\CRYPTBASE.DLL
0x00007ffee1fa0000 - 0x00007ffee2007000 	C:\Windows\system32\mswsock.dll
0x00007ffed71f0000 - 0x00007ffed7203000 	C:\Program Files\Android\Android Studio\jre\jre\bin\nio.dll

VM Arguments:
java_command: org.jetbrains.kotlin.cli.jvm.K2JVMCompiler -Xallow-no-source-files -classpath D:\SiReMu\Cliente_Android\app\build\intermediates\compile_and_runtime_not_namespaced_r_class_jar\debug\R.jar;C:\Users\IS Infinite Stratos\.gradle\caches\transforms-2\files-2.1\ac133f4f7b59ea808d5dde8f87520393\jetified-kotlin-android-extensions-runtime-1.3.61.jar;C:\Users\IS Infinite Stratos\.gradle\caches\transforms-2\files-2.1\e249d585a9e0aaea80ea7d36d9b03247\jetified-kotlin-stdlib-jdk7-1.3.61.jar;C:\Users\IS Infinite Stratos\.gradle\caches\transforms-2\files-2.1\20f2a71d67afd3f1f98a16777407c8f8\jetified-core-ktx-1.0.2-api.jar;C:\Users\IS Infinite Stratos\.gradle\caches\transforms-2\files-2.1\d6ccefdcf0350bed2fe2f0df7cec2ac2\jetified-kotlin-stdlib-1.3.61.jar;C:\Users\IS Infinite Stratos\.gradle\caches\transforms-2\files-2.1\511357db57332c0406f045438e0d7a70\jetified-kotlin-stdlib-common-1.3.61.jar;C:\Users\IS Infinite Stratos\.gradle\caches\transforms-2\files-2.1\67a68da6377c1fe62da3f856ae16ad16\jetified-annotations-13.0.jar;C:\Users\IS Infinite Stratos\.gradle\caches\transforms-2\files-2.1\430639de695edd425cebdf1cc7072c7d\material-1.0.0-api.jar;C:\Users\IS Infinite Stratos\.gradle\caches\transforms-2\files-2.1\26251c872424f803c0c5ee3c3962b0fe\appcompat-1.1.0-api.jar;C:\Users\IS Infinite Stratos\.gradle\caches\transforms-2\files-2.1\513522c2bb068bcf33105fff04bfaf68\lifecycle-extensions-2.0.0-api.jar;C:\Users\IS Infinite Stratos\.gradle\caches\transforms-2\files-2.1\e95f91b3de88105c435aa77c2b8c4ecd\jetified-play-services-auth-18.0.0-api.jar;C:\Users\IS Infinite Stratos\.gradle\caches\transforms-2\files-2.1\2a1f47e8f4e7abb607be2a6f38a34535\jetified-glide-4.11.0-api.jar;C:\Users\IS Infinite Stratos\.gradle\caches\transforms-2\files-2.1\5b0ba8efef6493dbee76e39b8f5277ab\jetified-play-services-auth-api-phone-17.0.0-api.jar;C:\Users\IS Infinite Stratos\.gradle\caches\transforms-2\files-2.1\33418790fc64b5c2d01cc13940e3b6c7\jetified-play-services-auth-base-17.0.0-api.jar;C:\Users\IS
java_class_path (initial): C:\Users\IS Infinite Stratos\.gradle\caches\modules-2\files-2.1\org.jetbrains.kotlin\kotlin-compiler-embeddable\1.3.61\c35c0833d5a1e3d229359758482c480306724618\kotlin-compiler-embeddable-1.3.61.jar;C:\Users\IS Infinite Stratos\.gradle\caches\modules-2\files-2.1\org.jetbrains.kotlin\kotlin-reflect\1.3.61\2e07c9a84c9e118efb70eede7e579fd663932122\kotlin-reflect-1.3.61.jar;C:\Users\IS Infinite Stratos\.gradle\caches\modules-2\files-2.1\org.jetbrains.kotlin\kotlin-stdlib\1.3.61\4702105e97f7396ae41b113fdbdc180ec1eb1e36\kotlin-stdlib-1.3.61.jar;C:\Users\IS Infinite Stratos\.gradle\caches\modules-2\files-2.1\org.jetbrains.kotlin\kotlin-script-runtime\1.3.61\e5feb39c8de63dcbdc1154b34ca4413874231605\kotlin-script-runtime-1.3.61.jar;C:\Users\IS Infinite Stratos\.gradle\caches\modules-2\files-2.1\org.jetbrains.kotlin\kotlin-daemon-embeddable\1.3.61\4de83e41a92c8395d89ab2e81d26b788ba163824\kotlin-daemon-embeddable-1.3.61.jar;C:\Users\IS Infinite Stratos\.gradle\caches\modules-2\files-2.1\org.jetbrains.intellij.deps\trove4j\1.0.20181211\216c2e14b070f334479d800987affe4054cd563f\trove4j-1.0.20181211.jar;C:\Users\IS Infinite Stratos\.gradle\caches\modules-2\files-2.1\org.jetbrains.kotlin\kotlin-stdlib-common\1.3.61\65abb71d5afb850b68be03987b08e2c864ca3110\kotlin-stdlib-common-1.3.61.jar;C:\Users\IS Infinite Stratos\.gradle\caches\modules-2\files-2.1\org.jetbrains\annotations\13.0\919f0dfe192fb4e063e7dacadee7f8bb9a2672a9\annotations-13.0.jar;C:\Program Files\Android\Android Studio\jre\lib\tools.jar
Launcher Type: SUN_STANDARD

Environment Variables:
PATH=C:\Program Files (x86)\Common Files\Oracle\Java\javapath;C:\Windows\system32;C:\Windows;C:\Program Files\Java\jdk-14\bin;C:\Windows\System32\Wbem;C:\Windows\System32\WindowsPowerShell\v1.0\;C:\Windows\System32\OpenSSH\;C:\Program Files (x86)\NVIDIA Corporation\PhysX\Common;C:\Program Files\NVIDIA Corporation\NVIDIA NvDLISR;C:\Program Files\dotnet\;C:\Program Files\Microsoft SQL Server\130\Tools\Binn\;C:\Program Files\Microsoft SQL Server\Client SDK\ODBC\170\Tools\Binn\;C:\Program Files\Git\cmd;C:\Program Files (x86)\Microsoft SQL Server\140\Tools\Binn\;C:\Program Files\Microsoft SQL Server\140\Tools\Binn\;C:\Program Files (x86)\Microsoft SQL Server\140\DTS\Binn\;C:\Program Files\Microsoft SQL Server\140\DTS\Binn\;C:\Program Files\Microsoft SQL Server\Client SDK\ODBC\130\Tools\Binn\;C:\Program Files (x86)\Microsoft SQL Server\150\DTS\Binn\;C:\HashiCorp\Vagrant\bin;C:\Ruby26-x64\bin;C:\Users\IS Infinite Stratos\AppData\Local\Microsoft\WindowsApps;C:\Users\IS Infinite Stratos\AppData\Local\Programs\Microsoft VS Code\bin
USERNAME=IS Vega
OS=Windows_NT
PROCESSOR_IDENTIFIER=AMD64 Family 23 Model 8 Stepping 2, AuthenticAMD



---------------  S Y S T E M  ---------------

OS: Windows 10.0 , 64 bit Build 18362 (10.0.18362.778)

CPU:total 12 (initial active 12) (12 cores per cpu, 1 threads per core) family 23 model 8 stepping 2, cmov, cx8, fxsr, mmx, sse, sse2, sse3, ssse3, sse4.1, sse4.2, popcnt, avx, avx2, aes, clmul, mmxext, 3dnowpref, lzcnt, sse4a, tsc, tscinvbit, tscinv, bmi1

Memory: 4k page, physical 8337212k(320908k free), swap 12531516k(3652k free)

vm_info: OpenJDK 64-Bit Server VM (25.212-b04) for windows-amd64 JRE (1.8.0_212-release-1586-b04), built by "builder" with MS VC++ 10.0 (VS2010)

time: Mon May 04 12:55:56 2020
timezone: Hora de verano central (México)
elapsed time: 5 seconds (0d 0h 0m 5s)

