#
# There is insufficient memory for the Java Runtime Environment to continue.
# Native memory allocation (malloc) failed to allocate 744496 bytes for Chunk::new
# Possible reasons:
#   The system is out of physical RAM or swap space
#   The process is running with CompressedOops enabled, and the Java Heap may be blocking the growth of the native heap
# Possible solutions:
#   Reduce memory load on the system
#   Increase physical memory or swap space
#   Check if swap backing store is full
#   Decrease Java heap size (-Xmx/-Xms)
#   Decrease number of Java threads
#   Decrease Java thread stack sizes (-Xss)
#   Set larger code cache with -XX:ReservedCodeCacheSize=
#   JVM is running with Unscaled Compressed Oops mode in which the Java heap is
#     placed in the first 4GB address space. The Java Heap base address is the
#     maximum limit for the native heap growth. Please use -XX:HeapBaseMinAddress
#     to set the Java Heap base and to place the Java Heap above 4GB virtual address.
# This output file may be truncated or incomplete.
#
#  Out of Memory Error (allocation.cpp:389), pid=7772, tid=0x00000000000008dc
#
# JRE version: OpenJDK Runtime Environment (8.0_212-b04) (build 1.8.0_212-release-1586-b04)
# Java VM: OpenJDK 64-Bit Server VM (25.212-b04 mixed mode windows-amd64 compressed oops)
# Failed to write core dump. Minidumps are not enabled by default on client versions of Windows
#

---------------  T H R E A D  ---------------

Current thread (0x000000001992b800):  JavaThread "C2 CompilerThread1" daemon [_thread_in_native, id=2268, stack(0x000000001b0a0000,0x000000001b1a0000)]

Stack: [0x000000001b0a0000,0x000000001b1a0000]
[error occurred during error reporting (printing stack bounds), id 0xc0000005]

Native frames: (J=compiled Java code, j=interpreted, Vv=VM code, C=native code)


Current CompileTask:
C2:   1808 1572       4       java.net.URLClassLoader$1::run (5 bytes)


---------------  P R O C E S S  ---------------

Java Threads: ( => current thread )
  0x000000001996b800 JavaThread "Service Thread" daemon [_thread_blocked, id=21820, stack(0x000000001b3a0000,0x000000001b4a0000)]
  0x0000000019936000 JavaThread "C1 CompilerThread3" daemon [_thread_blocked, id=10192, stack(0x000000001b2a0000,0x000000001b3a0000)]
  0x0000000019934800 JavaThread "C2 CompilerThread2" daemon [_thread_in_native, id=2452, stack(0x000000001b1a0000,0x000000001b2a0000)]
=>0x000000001992b800 JavaThread "C2 CompilerThread1" daemon [_thread_in_native, id=2268, stack(0x000000001b0a0000,0x000000001b1a0000)]
  0x0000000019924800 JavaThread "C2 CompilerThread0" daemon [_thread_in_native, id=11260, stack(0x000000001afa0000,0x000000001b0a0000)]
  0x0000000019923800 JavaThread "Attach Listener" daemon [_thread_blocked, id=22672, stack(0x000000001aea0000,0x000000001afa0000)]
  0x0000000019922000 JavaThread "Signal Dispatcher" daemon [_thread_blocked, id=13004, stack(0x000000001ada0000,0x000000001aea0000)]
  0x0000000018242800 JavaThread "Finalizer" daemon [_thread_blocked, id=19520, stack(0x000000001ab80000,0x000000001ac80000)]
  0x0000000019913000 JavaThread "Reference Handler" daemon [_thread_blocked, id=20100, stack(0x000000001aa80000,0x000000001ab80000)]
  0x0000000002f46800 JavaThread "main" [_thread_in_vm, id=18772, stack(0x0000000002d90000,0x0000000002e90000)]

Other Threads:
  0x000000000303d000 VMThread [stack: 0x000000001a980000,0x000000001aa80000] [id=16492]
  0x000000001996c800 WatcherThread [stack: 0x000000001b4a0000,0x000000001b5a0000] [id=6876]

VM state:not at safepoint (normal execution)

VM Mutex/Monitor currently owned by a thread: None

heap address: 0x0000000080c00000, size: 2036 MB, Compressed Oops mode: 32-bit
Narrow klass base: 0x0000000000000000, Narrow klass shift: 3
Compressed class space size: 1073741824 Address: 0x0000000100000000

Heap:
 PSYoungGen      total 38400K, used 27110K [0x00000000d5980000, 0x00000000d8400000, 0x0000000100000000)
  eden space 33280K, 81% used [0x00000000d5980000,0x00000000d73f99c8,0x00000000d7a00000)
  from space 5120K, 0% used [0x00000000d7a00000,0x00000000d7a00000,0x00000000d7f00000)
  to   space 5120K, 0% used [0x00000000d7f00000,0x00000000d7f00000,0x00000000d8400000)
 ParOldGen       total 63488K, used 8839K [0x0000000080c00000, 0x0000000084a00000, 0x00000000d5980000)
  object space 63488K, 13% used [0x0000000080c00000,0x00000000814a1ca0,0x0000000084a00000)
 Metaspace       used 23324K, capacity 23820K, committed 24064K, reserved 1071104K
  class space    used 2812K, capacity 2958K, committed 3072K, reserved 1048576K

Card table byte_map: [0x0000000012400000,0x0000000012800000] byte_map_base: 0x0000000011ffa000

Marking Bits: (ParMarkBitMap*) 0x000000006b309f30
 Begin Bits: [0x00000000134b0000, 0x0000000015480000)
 End Bits:   [0x0000000015480000, 0x0000000017450000)

Polling page: 0x00000000013c0000

CodeCache: size=245760Kb used=5267Kb max_used=5268Kb free=240492Kb
 bounds [0x0000000003040000, 0x0000000003570000, 0x0000000012040000]
 total_blobs=2156 nmethods=1745 adapters=325
 compilation: enabled

Compilation events (10 events):
Event: 1.777 Thread 0x0000000019936000 1746       3       java.nio.charset.CharsetDecoder::implFlush (4 bytes)
Event: 1.777 Thread 0x0000000019936000 nmethod 1746 0x0000000003568010 code [0x0000000003568160, 0x00000000035682b0]
Event: 1.787 Thread 0x0000000019936000 1747       3       org.jetbrains.kotlin.name.FqNameUnsafe::isRoot (8 bytes)
Event: 1.787 Thread 0x0000000019936000 nmethod 1747 0x0000000003567b10 code [0x0000000003567c80, 0x0000000003567f30]
Event: 1.787 Thread 0x0000000019936000 1748       3       org.jetbrains.kotlin.name.FqName::asString (16 bytes)
Event: 1.788 Thread 0x0000000019936000 nmethod 1748 0x0000000003567550 code [0x00000000035676e0, 0x00000000035679f8]
Event: 1.788 Thread 0x0000000019936000 1750       3       org.jetbrains.kotlin.name.FqName::toUnsafe (13 bytes)
Event: 1.788 Thread 0x0000000019936000 nmethod 1750 0x0000000003567190 code [0x0000000003567300, 0x00000000035674c8]
Event: 1.788 Thread 0x0000000019936000 1749       3       org.jetbrains.kotlin.name.FqNameUnsafe::asString (13 bytes)
Event: 1.788 Thread 0x0000000019936000 nmethod 1749 0x0000000003566dd0 code [0x0000000003566f40, 0x0000000003567108]

GC Heap History (8 events):
Event: 0.740 GC heap before
{Heap before GC invocations=1 (full 0):
 PSYoungGen      total 38400K, used 33280K [0x00000000d5980000, 0x00000000d8400000, 0x0000000100000000)
  eden space 33280K, 100% used [0x00000000d5980000,0x00000000d7a00000,0x00000000d7a00000)
  from space 5120K, 0% used [0x00000000d7f00000,0x00000000d7f00000,0x00000000d8400000)
  to   space 5120K, 0% used [0x00000000d7a00000,0x00000000d7a00000,0x00000000d7f00000)
 ParOldGen       total 87552K, used 0K [0x0000000080c00000, 0x0000000086180000, 0x00000000d5980000)
  object space 87552K, 0% used [0x0000000080c00000,0x0000000080c00000,0x0000000086180000)
 Metaspace       used 9939K, capacity 10220K, committed 10496K, reserved 1058816K
  class space    used 1104K, capacity 1180K, committed 1280K, reserved 1048576K
Event: 0.749 GC heap after
Heap after GC invocations=1 (full 0):
 PSYoungGen      total 38400K, used 5104K [0x00000000d5980000, 0x00000000d8400000, 0x0000000100000000)
  eden space 33280K, 0% used [0x00000000d5980000,0x00000000d5980000,0x00000000d7a00000)
  from space 5120K, 99% used [0x00000000d7a00000,0x00000000d7efc158,0x00000000d7f00000)
  to   space 5120K, 0% used [0x00000000d7f00000,0x00000000d7f00000,0x00000000d8400000)
 ParOldGen       total 87552K, used 2777K [0x0000000080c00000, 0x0000000086180000, 0x00000000d5980000)
  object space 87552K, 3% used [0x0000000080c00000,0x0000000080eb6520,0x0000000086180000)
 Metaspace       used 9939K, capacity 10220K, committed 10496K, reserved 1058816K
  class space    used 1104K, capacity 1180K, committed 1280K, reserved 1048576K
}
Event: 1.253 GC heap before
{Heap before GC invocations=2 (full 0):
 PSYoungGen      total 38400K, used 38384K [0x00000000d5980000, 0x00000000d8400000, 0x0000000100000000)
  eden space 33280K, 100% used [0x00000000d5980000,0x00000000d7a00000,0x00000000d7a00000)
  from space 5120K, 99% used [0x00000000d7a00000,0x00000000d7efc158,0x00000000d7f00000)
  to   space 5120K, 0% used [0x00000000d7f00000,0x00000000d7f00000,0x00000000d8400000)
 ParOldGen       total 87552K, used 2777K [0x0000000080c00000, 0x0000000086180000, 0x00000000d5980000)
  object space 87552K, 3% used [0x0000000080c00000,0x0000000080eb6520,0x0000000086180000)
 Metaspace       used 15930K, capacity 16242K, committed 16384K, reserved 1062912K
  class space    used 1870K, capacity 1947K, committed 2048K, reserved 1048576K
Event: 1.263 GC heap after
Heap after GC invocations=2 (full 0):
 PSYoungGen      total 38400K, used 5090K [0x00000000d5980000, 0x00000000d8400000, 0x0000000100000000)
  eden space 33280K, 0% used [0x00000000d5980000,0x00000000d5980000,0x00000000d7a00000)
  from space 5120K, 99% used [0x00000000d7f00000,0x00000000d83f8ab8,0x00000000d8400000)
  to   space 5120K, 0% used [0x00000000d7a00000,0x00000000d7a00000,0x00000000d7f00000)
 ParOldGen       total 87552K, used 7779K [0x0000000080c00000, 0x0000000086180000, 0x00000000d5980000)
  object space 87552K, 8% used [0x0000000080c00000,0x0000000081398ec0,0x0000000086180000)
 Metaspace       used 15930K, capacity 16242K, committed 16384K, reserved 1062912K
  class space    used 1870K, capacity 1947K, committed 2048K, reserved 1048576K
}
Event: 1.506 GC heap before
{Heap before GC invocations=3 (full 0):
 PSYoungGen      total 38400K, used 22702K [0x00000000d5980000, 0x00000000d8400000, 0x0000000100000000)
  eden space 33280K, 52% used [0x00000000d5980000,0x00000000d6ab2ee0,0x00000000d7a00000)
  from space 5120K, 99% used [0x00000000d7f00000,0x00000000d83f8ab8,0x00000000d8400000)
  to   space 5120K, 0% used [0x00000000d7a00000,0x00000000d7a00000,0x00000000d7f00000)
 ParOldGen       total 87552K, used 7779K [0x0000000080c00000, 0x0000000086180000, 0x00000000d5980000)
  object space 87552K, 8% used [0x0000000080c00000,0x0000000081398ec0,0x0000000086180000)
 Metaspace       used 20754K, capacity 21140K, committed 21296K, reserved 1069056K
  class space    used 2465K, capacity 2623K, committed 2688K, reserved 1048576K
Event: 1.513 GC heap after
Heap after GC invocations=3 (full 0):
 PSYoungGen      total 38400K, used 5104K [0x00000000d5980000, 0x00000000d8400000, 0x0000000100000000)
  eden space 33280K, 0% used [0x00000000d5980000,0x00000000d5980000,0x00000000d7a00000)
  from space 5120K, 99% used [0x00000000d7a00000,0x00000000d7efc010,0x00000000d7f00000)
  to   space 5120K, 0% used [0x00000000d7f00000,0x00000000d7f00000,0x00000000d8400000)
 ParOldGen       total 87552K, used 11710K [0x0000000080c00000, 0x0000000086180000, 0x00000000d5980000)
  object space 87552K, 13% used [0x0000000080c00000,0x000000008176f8c8,0x0000000086180000)
 Metaspace       used 20754K, capacity 21140K, committed 21296K, reserved 1069056K
  class space    used 2465K, capacity 2623K, committed 2688K, reserved 1048576K
}
Event: 1.513 GC heap before
{Heap before GC invocations=4 (full 1):
 PSYoungGen      total 38400K, used 5104K [0x00000000d5980000, 0x00000000d8400000, 0x0000000100000000)
  eden space 33280K, 0% used [0x00000000d5980000,0x00000000d5980000,0x00000000d7a00000)
  from space 5120K, 99% used [0x00000000d7a00000,0x00000000d7efc010,0x00000000d7f00000)
  to   space 5120K, 0% used [0x00000000d7f00000,0x00000000d7f00000,0x00000000d8400000)
 ParOldGen       total 87552K, used 11710K [0x0000000080c00000, 0x0000000086180000, 0x00000000d5980000)
  object space 87552K, 13% used [0x0000000080c00000,0x000000008176f8c8,0x0000000086180000)
 Metaspace       used 20754K, capacity 21140K, committed 21296K, reserved 1069056K
  class space    used 2465K, capacity 2623K, committed 2688K, reserved 1048576K
Event: 1.540 GC heap after
Heap after GC invocations=4 (full 1):
 PSYoungGen      total 38400K, used 0K [0x00000000d5980000, 0x00000000d8400000, 0x0000000100000000)
  eden space 33280K, 0% used [0x00000000d5980000,0x00000000d5980000,0x00000000d7a00000)
  from space 5120K, 0% used [0x00000000d7a00000,0x00000000d7a00000,0x00000000d7f00000)
  to   space 5120K, 0% used [0x00000000d7f00000,0x00000000d7f00000,0x00000000d8400000)
 ParOldGen       total 63488K, used 8839K [0x0000000080c00000, 0x0000000084a00000, 0x00000000d5980000)
  object space 63488K, 13% used [0x0000000080c00000,0x00000000814a1ca0,0x0000000084a00000)
 Metaspace       used 20754K, capacity 21140K, committed 21296K, reserved 1069056K
  class space    used 2465K, capacity 2623K, committed 2688K, reserved 1048576K
}

Deoptimization events (10 events):
Event: 1.502 Thread 0x0000000002f46800 Uncommon trap: reason=unstable_if action=reinterpret pc=0x000000000324ac9c method=sun.misc.MetaIndex.mayContain(Ljava/lang/String;)Z @ 38
Event: 1.619 Thread 0x0000000002f46800 Uncommon trap: reason=unstable_if action=reinterpret pc=0x00000000033bfb50 method=java.lang.String.<init>([CII)V @ 18
Event: 1.747 Thread 0x0000000002f46800 Uncommon trap: reason=class_check action=maybe_recompile pc=0x000000000353bd20 method=gnu.trove.TObjectHash.computeHashCode(Ljava/lang/Object;)I @ 5
Event: 1.747 Thread 0x0000000002f46800 Uncommon trap: reason=class_check action=maybe_recompile pc=0x000000000353bd20 method=gnu.trove.TObjectHash.computeHashCode(Ljava/lang/Object;)I @ 5
Event: 1.747 Thread 0x0000000002f46800 Uncommon trap: reason=class_check action=maybe_recompile pc=0x00000000035400c8 method=gnu.trove.TObjectHash.equals(Ljava/lang/Object;Ljava/lang/Object;)Z @ 6
Event: 1.747 Thread 0x0000000002f46800 Uncommon trap: reason=class_check action=maybe_recompile pc=0x000000000353bd20 method=gnu.trove.TObjectHash.computeHashCode(Ljava/lang/Object;)I @ 5
Event: 1.747 Thread 0x0000000002f46800 Uncommon trap: reason=class_check action=maybe_recompile pc=0x00000000035400c8 method=gnu.trove.TObjectHash.equals(Ljava/lang/Object;Ljava/lang/Object;)Z @ 6
Event: 1.747 Thread 0x0000000002f46800 Uncommon trap: reason=class_check action=maybe_recompile pc=0x000000000353bd20 method=gnu.trove.TObjectHash.computeHashCode(Ljava/lang/Object;)I @ 5
Event: 1.749 Thread 0x0000000002f46800 Uncommon trap: reason=class_check action=maybe_recompile pc=0x00000000035400c8 method=gnu.trove.TObjectHash.equals(Ljava/lang/Object;Ljava/lang/Object;)Z @ 6
Event: 1.749 Thread 0x0000000002f46800 Uncommon trap: reason=class_check action=maybe_recompile pc=0x00000000035400c8 method=gnu.trove.TObjectHash.equals(Ljava/lang/Object;Ljava/lang/Object;)Z @ 6

Classes redefined (0 events):
No events

Internal exceptions (10 events):
Event: 0.366 Thread 0x0000000002f46800 Exception <a 'java/security/PrivilegedActionException'> (0x00000000d678d468) thrown at [D:\src\AOSP-openjdk-cygwin\jdk8u\hotspot\src\share\vm\prims\jvm.cpp, line 1502]
Event: 0.366 Thread 0x0000000002f46800 Exception <a 'java/security/PrivilegedActionException'> (0x00000000d678d860) thrown at [D:\src\AOSP-openjdk-cygwin\jdk8u\hotspot\src\share\vm\prims\jvm.cpp, line 1502]
Event: 0.636 Thread 0x0000000002f46800 Exception <a 'java/lang/ArrayIndexOutOfBoundsException'> (0x00000000d74b1e08) thrown at [D:\src\AOSP-openjdk-cygwin\jdk8u\hotspot\src\share\vm\runtime\sharedRuntime.cpp, line 605]
Event: 0.843 Thread 0x0000000002f46800 Exception <a 'java/lang/ArrayIndexOutOfBoundsException'> (0x00000000d5dfe288) thrown at [D:\src\AOSP-openjdk-cygwin\jdk8u\hotspot\src\share\vm\runtime\sharedRuntime.cpp, line 605]
Event: 1.197 Thread 0x0000000002f46800 Implicit null exception at 0x00000000032914af to 0x0000000003291519
Event: 1.268 Thread 0x0000000002f46800 Exception <a 'java/lang/NoSuchMethodError': java.lang.Object.lambda$comparing$77a9974f$1(Ljava/util/function/Function;Ljava/lang/Object;Ljava/lang/Object;)I> (0x00000000d59c40d8) thrown at [D:\src\AOSP-openjdk-cygwin\jdk8u\hotspot\src\share\vm\interpreter
Event: 1.281 Thread 0x0000000002f46800 Exception <a 'java/lang/NoSuchMethodError': java.lang.Object.lambda$static$0()J> (0x00000000d5af6520) thrown at [D:\src\AOSP-openjdk-cygwin\jdk8u\hotspot\src\share\vm\interpreter\linkResolver.cpp, line 620]
Event: 1.396 Thread 0x0000000002f46800 Exception <a 'java/lang/NoSuchMethodError': java.lang.Object.lambda$static$0(I)[Lorg/jetbrains/kotlin/com/intellij/openapi/editor/event/DocumentListener;> (0x00000000d6251da8) thrown at [D:\src\AOSP-openjdk-cygwin\jdk8u\hotspot\src\share\vm\interpreter\li
Event: 1.420 Thread 0x0000000002f46800 Exception <a 'java/lang/NoSuchMethodError': java.lang.Object.lambda$static$0(I)[Lorg/jetbrains/kotlin/com/intellij/psi/PsiAnnotation;> (0x00000000d645c550) thrown at [D:\src\AOSP-openjdk-cygwin\jdk8u\hotspot\src\share\vm\interpreter\linkResolver.cpp, line
Event: 1.492 Thread 0x0000000002f46800 Exception <a 'java/lang/NoSuchMethodError': java.lang.Object.lambda$static$0(I)[Lorg/jetbrains/kotlin/com/intellij/psi/PsiElement;> (0x00000000d69a0b58) thrown at [D:\src\AOSP-openjdk-cygwin\jdk8u\hotspot\src\share\vm\interpreter\linkResolver.cpp, line 62

Events (10 events):
Event: 1.807 loading class org/jetbrains/kotlin/descriptors/Visibilities$3
Event: 1.807 loading class org/jetbrains/kotlin/descriptors/Visibilities$3 done
Event: 1.807 loading class org/jetbrains/kotlin/descriptors/Visibilities$4
Event: 1.807 loading class org/jetbrains/kotlin/descriptors/Visibilities$4 done
Event: 1.807 loading class org/jetbrains/kotlin/descriptors/Visibilities$5
Event: 1.807 loading class org/jetbrains/kotlin/descriptors/Visibilities$5 done
Event: 1.807 loading class org/jetbrains/kotlin/descriptors/Visibilities$6
Event: 1.807 loading class org/jetbrains/kotlin/descriptors/Visibilities$6 done
Event: 1.808 loading class org/jetbrains/kotlin/descriptors/Visibilities$7
Event: 1.808 loading class org/jetbrains/kotlin/descriptors/Visibilities$7 done


Dynamic libraries:
0x00007ff744630000 - 0x00007ff744661000 	C:\Program Files\Android\Android Studio\jre\jre\bin\java.exe
0x00007ffee58c0000 - 0x00007ffee5ab0000 	C:\Windows\SYSTEM32\ntdll.dll
0x00007ffee5560000 - 0x00007ffee5612000 	C:\Windows\System32\KERNEL32.DLL
0x00007ffee3420000 - 0x00007ffee36c3000 	C:\Windows\System32\KERNELBASE.dll
0x00007ffee4c00000 - 0x00007ffee4ca3000 	C:\Windows\System32\ADVAPI32.dll
0x00007ffee45b0000 - 0x00007ffee464e000 	C:\Windows\System32\msvcrt.dll
0x00007ffee5250000 - 0x00007ffee52e7000 	C:\Windows\System32\sechost.dll
0x00007ffee5620000 - 0x00007ffee5740000 	C:\Windows\System32\RPCRT4.dll
0x00007ffee49f0000 - 0x00007ffee4b84000 	C:\Windows\System32\USER32.dll
0x00007ffee36d0000 - 0x00007ffee36f1000 	C:\Windows\System32\win32u.dll
0x00007ffee39f0000 - 0x00007ffee3a16000 	C:\Windows\System32\GDI32.dll
0x00007ffee3280000 - 0x00007ffee3414000 	C:\Windows\System32\gdi32full.dll
0x00007ffee2850000 - 0x00007ffee28ee000 	C:\Windows\System32\msvcp_win.dll
0x00007ffee2a00000 - 0x00007ffee2afa000 	C:\Windows\System32\ucrtbase.dll
0x00007ffed5c50000 - 0x00007ffed5ed5000 	C:\Windows\WinSxS\amd64_microsoft.windows.common-controls_6595b64144ccf1df_6.0.18362.778_none_e6c6b761130d4fb8\COMCTL32.dll
0x00007ffee4650000 - 0x00007ffee4986000 	C:\Windows\System32\combase.dll
0x00007ffee2950000 - 0x00007ffee29d0000 	C:\Windows\System32\bcryptPrimitives.dll
0x00007ffee3a50000 - 0x00007ffee3a7e000 	C:\Windows\System32\IMM32.DLL
0x000000006b970000 - 0x000000006ba42000 	C:\Program Files\Android\Android Studio\jre\jre\bin\msvcr100.dll
0x000000006ab40000 - 0x000000006b386000 	C:\Program Files\Android\Android Studio\jre\jre\bin\server\jvm.dll
0x00007ffee4dd0000 - 0x00007ffee4dd8000 	C:\Windows\System32\PSAPI.DLL
0x00007ffeda7b0000 - 0x00007ffeda7b9000 	C:\Windows\SYSTEM32\WSOCK32.dll
0x00007ffedd280000 - 0x00007ffedd28a000 	C:\Windows\SYSTEM32\VERSION.dll
0x00007ffee07e0000 - 0x00007ffee0804000 	C:\Windows\SYSTEM32\WINMM.dll
0x00007ffee4d60000 - 0x00007ffee4dcf000 	C:\Windows\System32\ws2_32.DLL
0x00007ffee0780000 - 0x00007ffee07ad000 	C:\Windows\SYSTEM32\WINMMBASE.dll
0x00007ffee37d0000 - 0x00007ffee381a000 	C:\Windows\System32\cfgmgr32.dll
0x00007ffed3bf0000 - 0x00007ffed3bff000 	C:\Program Files\Android\Android Studio\jre\jre\bin\verify.dll
0x00007ffeb61e0000 - 0x00007ffeb6209000 	C:\Program Files\Android\Android Studio\jre\jre\bin\java.dll
0x00007ffebb310000 - 0x00007ffebb326000 	C:\Program Files\Android\Android Studio\jre\jre\bin\zip.dll
0x00007ffee3bf0000 - 0x00007ffee42d5000 	C:\Windows\System32\SHELL32.dll
0x00007ffee4500000 - 0x00007ffee45a9000 	C:\Windows\System32\shcore.dll
0x00007ffee2b00000 - 0x00007ffee3280000 	C:\Windows\System32\windows.storage.dll
0x00007ffee2820000 - 0x00007ffee2843000 	C:\Windows\System32\profapi.dll
0x00007ffee27b0000 - 0x00007ffee27fa000 	C:\Windows\System32\powrprof.dll
0x00007ffee2780000 - 0x00007ffee2790000 	C:\Windows\System32\UMPDC.dll
0x00007ffee4990000 - 0x00007ffee49e2000 	C:\Windows\System32\shlwapi.dll
0x00007ffee2790000 - 0x00007ffee27a1000 	C:\Windows\System32\kernel.appcore.dll
0x00007ffee37b0000 - 0x00007ffee37c7000 	C:\Windows\System32\cryptsp.dll
0x00007ffeb6240000 - 0x00007ffeb625a000 	C:\Program Files\Android\Android Studio\jre\jre\bin\net.dll
0x00007ffed32a0000 - 0x00007ffed3475000 	C:\Windows\SYSTEM32\urlmon.dll
0x00007ffed2820000 - 0x00007ffed2ac6000 	C:\Windows\SYSTEM32\iertutil.dll
0x00007ffee2120000 - 0x00007ffee212c000 	C:\Windows\SYSTEM32\CRYPTBASE.DLL
0x00007ffee1fa0000 - 0x00007ffee2007000 	C:\Windows\system32\mswsock.dll
0x00007ffeb61c0000 - 0x00007ffeb61d3000 	C:\Program Files\Android\Android Studio\jre\jre\bin\nio.dll

VM Arguments:
java_command: org.jetbrains.kotlin.cli.jvm.K2JVMCompiler -Xallow-no-source-files -classpath D:\SiReMu\Cliente_Android\app\build\intermediates\compile_and_runtime_not_namespaced_r_class_jar\debug\R.jar;C:\Users\IS Infinite Stratos\.gradle\caches\transforms-2\files-2.1\ac133f4f7b59ea808d5dde8f87520393\jetified-kotlin-android-extensions-runtime-1.3.61.jar;C:\Users\IS Infinite Stratos\.gradle\caches\transforms-2\files-2.1\e249d585a9e0aaea80ea7d36d9b03247\jetified-kotlin-stdlib-jdk7-1.3.61.jar;C:\Users\IS Infinite Stratos\.gradle\caches\transforms-2\files-2.1\20f2a71d67afd3f1f98a16777407c8f8\jetified-core-ktx-1.0.2-api.jar;C:\Users\IS Infinite Stratos\.gradle\caches\transforms-2\files-2.1\d6ccefdcf0350bed2fe2f0df7cec2ac2\jetified-kotlin-stdlib-1.3.61.jar;C:\Users\IS Infinite Stratos\.gradle\caches\transforms-2\files-2.1\511357db57332c0406f045438e0d7a70\jetified-kotlin-stdlib-common-1.3.61.jar;C:\Users\IS Infinite Stratos\.gradle\caches\transforms-2\files-2.1\67a68da6377c1fe62da3f856ae16ad16\jetified-annotations-13.0.jar;C:\Users\IS Infinite Stratos\.gradle\caches\transforms-2\files-2.1\430639de695edd425cebdf1cc7072c7d\material-1.0.0-api.jar;C:\Users\IS Infinite Stratos\.gradle\caches\transforms-2\files-2.1\26251c872424f803c0c5ee3c3962b0fe\appcompat-1.1.0-api.jar;C:\Users\IS Infinite Stratos\.gradle\caches\transforms-2\files-2.1\513522c2bb068bcf33105fff04bfaf68\lifecycle-extensions-2.0.0-api.jar;C:\Users\IS Infinite Stratos\.gradle\caches\transforms-2\files-2.1\3e5a85307b5245d9b9f194828d813a33\fragment-1.1.0-api.jar;C:\Users\IS Infinite Stratos\.gradle\caches\transforms-2\files-2.1\dc962f76f566c30e1f0d0b922a43481a\jetified-appcompat-resources-1.1.0-api.jar;C:\Users\IS Infinite Stratos\.gradle\caches\transforms-2\files-2.1\a83dba59f759350fe1f3ec7b0c11c956\recyclerview-1.0.0-api.jar;C:\Users\IS Infinite Stratos\.gradle\caches\transforms-2\files-2.1\0926ea520a5e4ee476e5c0b7f0c64db3\legacy-support-core-ui-1.0.0-api.jar;C:\Users\IS Infinite Stratos\.gradle\caches\transforms-
java_class_path (initial): C:\Users\IS Infinite Stratos\.gradle\caches\modules-2\files-2.1\org.jetbrains.kotlin\kotlin-compiler-embeddable\1.3.61\c35c0833d5a1e3d229359758482c480306724618\kotlin-compiler-embeddable-1.3.61.jar;C:\Users\IS Infinite Stratos\.gradle\caches\modules-2\files-2.1\org.jetbrains.kotlin\kotlin-reflect\1.3.61\2e07c9a84c9e118efb70eede7e579fd663932122\kotlin-reflect-1.3.61.jar;C:\Users\IS Infinite Stratos\.gradle\caches\modules-2\files-2.1\org.jetbrains.kotlin\kotlin-stdlib\1.3.61\4702105e97f7396ae41b113fdbdc180ec1eb1e36\kotlin-stdlib-1.3.61.jar;C:\Users\IS Infinite Stratos\.gradle\caches\modules-2\files-2.1\org.jetbrains.kotlin\kotlin-script-runtime\1.3.61\e5feb39c8de63dcbdc1154b34ca4413874231605\kotlin-script-runtime-1.3.61.jar;C:\Users\IS Infinite Stratos\.gradle\caches\modules-2\files-2.1\org.jetbrains.kotlin\kotlin-daemon-embeddable\1.3.61\4de83e41a92c8395d89ab2e81d26b788ba163824\kotlin-daemon-embeddable-1.3.61.jar;C:\Users\IS Infinite Stratos\.gradle\caches\modules-2\files-2.1\org.jetbrains.intellij.deps\trove4j\1.0.20181211\216c2e14b070f334479d800987affe4054cd563f\trove4j-1.0.20181211.jar;C:\Users\IS Infinite Stratos\.gradle\caches\modules-2\files-2.1\org.jetbrains.kotlin\kotlin-stdlib-common\1.3.61\65abb71d5afb850b68be03987b08e2c864ca3110\kotlin-stdlib-common-1.3.61.jar;C:\Users\IS Infinite Stratos\.gradle\caches\modules-2\files-2.1\org.jetbrains\annotations\13.0\919f0dfe192fb4e063e7dacadee7f8bb9a2672a9\annotations-13.0.jar;C:\Program Files\Android\Android Studio\jre\lib\tools.jar
Launcher Type: SUN_STANDARD

Environment Variables:
PATH=C:\Program Files (x86)\Common Files\Oracle\Java\javapath;C:\Windows\system32;C:\Windows;C:\Program Files\Java\jdk-14\bin;C:\Windows\System32\Wbem;C:\Windows\System32\WindowsPowerShell\v1.0\;C:\Windows\System32\OpenSSH\;C:\Program Files (x86)\NVIDIA Corporation\PhysX\Common;C:\Program Files\NVIDIA Corporation\NVIDIA NvDLISR;C:\Program Files\dotnet\;C:\Program Files\Microsoft SQL Server\130\Tools\Binn\;C:\Program Files\Microsoft SQL Server\Client SDK\ODBC\170\Tools\Binn\;C:\Program Files\Git\cmd;C:\Program Files (x86)\Microsoft SQL Server\140\Tools\Binn\;C:\Program Files\Microsoft SQL Server\140\Tools\Binn\;C:\Program Files (x86)\Microsoft SQL Server\140\DTS\Binn\;C:\Program Files\Microsoft SQL Server\140\DTS\Binn\;C:\Program Files\Microsoft SQL Server\Client SDK\ODBC\130\Tools\Binn\;C:\Program Files (x86)\Microsoft SQL Server\150\DTS\Binn\;C:\HashiCorp\Vagrant\bin;C:\Ruby26-x64\bin;C:\Users\IS Infinite Stratos\AppData\Local\Microsoft\WindowsApps;C:\Users\IS Infinite Stratos\AppData\Local\Programs\Microsoft VS Code\bin
USERNAME=IS Vega
OS=Windows_NT
PROCESSOR_IDENTIFIER=AMD64 Family 23 Model 8 Stepping 2, AuthenticAMD



---------------  S Y S T E M  ---------------

OS: Windows 10.0 , 64 bit Build 18362 (10.0.18362.778)

CPU:total 12 (initial active 12) (12 cores per cpu, 1 threads per core) family 23 model 8 stepping 2, cmov, cx8, fxsr, mmx, sse, sse2, sse3, ssse3, sse4.1, sse4.2, popcnt, avx, avx2, aes, clmul, mmxext, 3dnowpref, lzcnt, sse4a, tsc, tscinvbit, tscinv, bmi1

Memory: 4k page, physical 8337212k(488996k free), swap 12531516k(5276k free)

vm_info: OpenJDK 64-Bit Server VM (25.212-b04) for windows-amd64 JRE (1.8.0_212-release-1586-b04), built by "builder" with MS VC++ 10.0 (VS2010)

time: Mon May 04 00:54:18 2020
timezone: Hora de verano central (México)
elapsed time: 1 seconds (0d 0h 0m 1s)

