#
# There is insufficient memory for the Java Runtime Environment to continue.
# Native memory allocation (malloc) failed to allocate 1219216 bytes for Chunk::new
# Possible reasons:
#   The system is out of physical RAM or swap space
#   The process is running with CompressedOops enabled, and the Java Heap may be blocking the growth of the native heap
# Possible solutions:
#   Reduce memory load on the system
#   Increase physical memory or swap space
#   Check if swap backing store is full
#   Decrease Java heap size (-Xmx/-Xms)
#   Decrease number of Java threads
#   Decrease Java thread stack sizes (-Xss)
#   Set larger code cache with -XX:ReservedCodeCacheSize=
#   JVM is running with Unscaled Compressed Oops mode in which the Java heap is
#     placed in the first 4GB address space. The Java Heap base address is the
#     maximum limit for the native heap growth. Please use -XX:HeapBaseMinAddress
#     to set the Java Heap base and to place the Java Heap above 4GB virtual address.
# This output file may be truncated or incomplete.
#
#  Out of Memory Error (allocation.cpp:389), pid=776, tid=0x0000000000005aa0
#
# JRE version: OpenJDK Runtime Environment (8.0_212-b04) (build 1.8.0_212-release-1586-b04)
# Java VM: OpenJDK 64-Bit Server VM (25.212-b04 mixed mode windows-amd64 compressed oops)
# Failed to write core dump. Minidumps are not enabled by default on client versions of Windows
#

---------------  T H R E A D  ---------------

Current thread (0x000000001822f000):  JavaThread "C2 CompilerThread2" daemon [_thread_in_native, id=23200, stack(0x0000000019aa0000,0x0000000019ba0000)]

Stack: [0x0000000019aa0000,0x0000000019ba0000]
[error occurred during error reporting (printing stack bounds), id 0xc0000005]

Native frames: (J=compiled Java code, j=interpreted, Vv=VM code, C=native code)


Current CompileTask:
C2:   3564 2408       4       groovy.lang.MetaClassImpl$1MOPIter::methodNameAction (325 bytes)


---------------  P R O C E S S  ---------------

Java Threads: ( => current thread )
  0x000000001e1eb000 JavaThread "Cache worker for execution history cache (C:\Users\IS Infinite Stratos\.gradle\caches\5.6.4\executionHistory)" [_thread_blocked, id=18508, stack(0x0000000022060000,0x0000000022160000)]
  0x000000001b991800 JavaThread "Cache worker for cache directory md-rule (C:\Users\IS Infinite Stratos\.gradle\caches\5.6.4\md-rule)" [_thread_blocked, id=3788, stack(0x0000000020330000,0x0000000020430000)]
  0x000000001b992800 JavaThread "Cache worker for cache directory md-supplier (C:\Users\IS Infinite Stratos\.gradle\caches\5.6.4\md-supplier)" [_thread_blocked, id=9988, stack(0x000000001fe90000,0x000000001ff90000)]
  0x000000001b994800 JavaThread "Cache worker for file hash cache (D:\SiReMu\Cliente_Android\.gradle\5.6.4\fileHashes)" [_thread_blocked, id=19788, stack(0x000000001fff0000,0x00000000200f0000)]
  0x000000001b994000 JavaThread "Cache worker for journal cache (C:\Users\IS Infinite Stratos\.gradle\caches\journal-1)" [_thread_blocked, id=18700, stack(0x000000001ddf0000,0x000000001def0000)]
  0x000000001b993000 JavaThread "File lock request listener" [_thread_in_native, id=15192, stack(0x000000001dcf0000,0x000000001ddf0000)]
  0x000000001ab1e800 JavaThread "Cache worker for file hash cache (C:\Users\IS Infinite Stratos\.gradle\caches\5.6.4\fileHashes)" [_thread_blocked, id=608, stack(0x000000001dbf0000,0x000000001dcf0000)]
  0x000000001b765000 JavaThread "Thread-9" [_thread_blocked, id=10420, stack(0x000000001d8f0000,0x000000001d9f0000)]
  0x000000001b764000 JavaThread "Stdin handler" [_thread_blocked, id=22584, stack(0x000000001d7f0000,0x000000001d8f0000)]
  0x000000001b7ac800 JavaThread "Asynchronous log dispatcher for DefaultDaemonConnection: socket connection from /127.0.0.1:56609 to /127.0.0.1:56610" [_thread_blocked, id=14908, stack(0x000000001d6f0000,0x000000001d7f0000)]
  0x000000001b75e800 JavaThread "Daemon worker" [_thread_in_native, id=17400, stack(0x000000001d5f0000,0x000000001d6f0000)]
  0x000000001b6fb800 JavaThread "Cancel handler" [_thread_blocked, id=20756, stack(0x000000001d3f0000,0x000000001d4f0000)]
  0x000000001ac00800 JavaThread "Handler for socket connection from /127.0.0.1:56609 to /127.0.0.1:56610" [_thread_in_native, id=1644, stack(0x000000001d0f0000,0x000000001d1f0000)]
  0x000000001abff000 JavaThread "Daemon" [_thread_blocked, id=16712, stack(0x000000001cff0000,0x000000001d0f0000)]
  0x000000001bb60800 JavaThread "Daemon periodic checks" [_thread_blocked, id=1548, stack(0x000000001cef0000,0x000000001cff0000)]
  0x000000001b445800 JavaThread "Incoming local TCP Connector on port 56609" [_thread_in_native, id=13204, stack(0x000000001cc80000,0x000000001cd80000)]
  0x000000001b55c800 JavaThread "Daemon health stats" [_thread_blocked, id=20820, stack(0x000000001c640000,0x000000001c740000)]
  0x00000000182b3000 JavaThread "Service Thread" daemon [_thread_blocked, id=6660, stack(0x0000000019ca0000,0x0000000019da0000)]
  0x0000000018230000 JavaThread "C1 CompilerThread3" daemon [_thread_blocked, id=14280, stack(0x0000000019ba0000,0x0000000019ca0000)]
=>0x000000001822f000 JavaThread "C2 CompilerThread2" daemon [_thread_in_native, id=23200, stack(0x0000000019aa0000,0x0000000019ba0000)]
  0x0000000018229000 JavaThread "C2 CompilerThread1" daemon [_thread_in_native, id=10580, stack(0x00000000199a0000,0x0000000019aa0000)]
  0x0000000018223000 JavaThread "C2 CompilerThread0" daemon [_thread_in_native, id=20588, stack(0x00000000198a0000,0x00000000199a0000)]
  0x000000001821b000 JavaThread "Attach Listener" daemon [_thread_blocked, id=10616, stack(0x00000000197a0000,0x00000000198a0000)]
  0x000000001821a800 JavaThread "Signal Dispatcher" daemon [_thread_blocked, id=15336, stack(0x00000000196a0000,0x00000000197a0000)]
  0x0000000002b5a000 JavaThread "Finalizer" daemon [_thread_blocked, id=10660, stack(0x0000000019480000,0x0000000019580000)]
  0x0000000016b1c800 JavaThread "Reference Handler" daemon [_thread_blocked, id=16640, stack(0x0000000019380000,0x0000000019480000)]
  0x0000000002a62800 JavaThread "main" [_thread_blocked, id=10728, stack(0x0000000002920000,0x0000000002a20000)]

Other Threads:
  0x0000000016b15800 VMThread [stack: 0x0000000019280000,0x0000000019380000] [id=15692]
  0x00000000182b3800 WatcherThread [stack: 0x0000000019da0000,0x0000000019ea0000] [id=21396]

VM state:not at safepoint (normal execution)

VM Mutex/Monitor currently owned by a thread: None

heap address: 0x00000000a0000000, size: 1536 MB, Compressed Oops mode: 32-bit
Narrow klass base: 0x0000000000000000, Narrow klass shift: 3
Compressed class space size: 1073741824 Address: 0x0000000100000000

Heap:
 PSYoungGen      total 76800K, used 62855K [0x00000000e0000000, 0x00000000e5800000, 0x0000000100000000)
  eden space 65024K, 84% used [0x00000000e0000000,0x00000000e35771a0,0x00000000e3f80000)
  from space 11776K, 68% used [0x00000000e3f80000,0x00000000e476ab30,0x00000000e4b00000)
  to   space 10240K, 0% used [0x00000000e4b00000,0x00000000e4b00000,0x00000000e5500000)
 ParOldGen       total 60416K, used 9969K [0x00000000a0000000, 0x00000000a3b00000, 0x00000000e0000000)
  object space 60416K, 16% used [0x00000000a0000000,0x00000000a09bc670,0x00000000a3b00000)
 Metaspace       used 31589K, capacity 32280K, committed 32512K, reserved 1077248K
  class space    used 4311K, capacity 4499K, committed 4608K, reserved 1048576K

Card table byte_map: [0x0000000011f20000,0x0000000012230000] byte_map_base: 0x0000000011a20000

Marking Bits: (ParMarkBitMap*) 0x000000006b309f30
 Begin Bits: [0x0000000012e30000, 0x0000000014630000)
 End Bits:   [0x0000000014630000, 0x0000000015e30000)

Polling page: 0x00000000007e0000

CodeCache: size=245760Kb used=9622Kb max_used=9622Kb free=236137Kb
 bounds [0x0000000002b60000, 0x00000000034d0000, 0x0000000011b60000]
 total_blobs=3200 nmethods=2521 adapters=593
 compilation: enabled

Compilation events (10 events):
Event: 3.552 Thread 0x0000000018230000 2520       3       com.google.common.collect.LinkedHashMultimap::succeedsInMultimap (11 bytes)
Event: 3.553 Thread 0x0000000018230000 nmethod 2520 0x00000000034c5b50 code [0x00000000034c5cc0, 0x00000000034c5ff0]
Event: 3.553 Thread 0x0000000018230000 2521       3       com.google.common.collect.LinkedHashMultimap$ValueEntry::setSuccessorInMultimap (6 bytes)
Event: 3.553 Thread 0x0000000018230000 nmethod 2521 0x00000000034c6110 code [0x00000000034c6260, 0x00000000034c63d0]
Event: 3.555 Thread 0x0000000018230000 2522       3       org.objectweb.asm.Frame::setLocal (65 bytes)
Event: 3.555 Thread 0x0000000018230000 nmethod 2522 0x00000000034c6450 code [0x00000000034c65e0, 0x00000000034c6aa8]
Event: 3.555 Thread 0x0000000018230000 2523       3       org.objectweb.asm.MethodWriter::putFrame (549 bytes)
Event: 3.557 Thread 0x0000000018230000 nmethod 2523 0x00000000034c6c90 code [0x00000000034c70a0, 0x00000000034c89b8]
Event: 3.557 Thread 0x0000000018230000 2524       3       org.objectweb.asm.MethodWriter::visitTypeInsn (116 bytes)
Event: 3.557 Thread 0x0000000018230000 nmethod 2524 0x00000000034ca050 code [0x00000000034ca200, 0x00000000034ca7a8]

GC Heap History (10 events):
Event: 1.937 GC heap before
{Heap before GC invocations=4 (full 0):
 PSYoungGen      total 38400K, used 38384K [0x00000000e0000000, 0x00000000e2a80000, 0x0000000100000000)
  eden space 33280K, 100% used [0x00000000e0000000,0x00000000e2080000,0x00000000e2080000)
  from space 5120K, 99% used [0x00000000e2080000,0x00000000e257c010,0x00000000e2580000)
  to   space 5120K, 0% used [0x00000000e2580000,0x00000000e2580000,0x00000000e2a80000)
 ParOldGen       total 87552K, used 1210K [0x00000000a0000000, 0x00000000a5580000, 0x00000000e0000000)
  object space 87552K, 1% used [0x00000000a0000000,0x00000000a012ea18,0x00000000a5580000)
 Metaspace       used 14598K, capacity 15054K, committed 15232K, reserved 1062912K
  class space    used 2027K, capacity 2163K, committed 2176K, reserved 1048576K
Event: 1.945 GC heap after
Heap after GC invocations=4 (full 0):
 PSYoungGen      total 38400K, used 5104K [0x00000000e0000000, 0x00000000e4b00000, 0x0000000100000000)
  eden space 33280K, 0% used [0x00000000e0000000,0x00000000e0000000,0x00000000e2080000)
  from space 5120K, 99% used [0x00000000e2580000,0x00000000e2a7c050,0x00000000e2a80000)
  to   space 5120K, 0% used [0x00000000e2080000,0x00000000e2080000,0x00000000e2580000)
 ParOldGen       total 87552K, used 3864K [0x00000000a0000000, 0x00000000a5580000, 0x00000000e0000000)
  object space 87552K, 4% used [0x00000000a0000000,0x00000000a03c6338,0x00000000a5580000)
 Metaspace       used 14598K, capacity 15054K, committed 15232K, reserved 1062912K
  class space    used 2027K, capacity 2163K, committed 2176K, reserved 1048576K
}
Event: 2.230 GC heap before
{Heap before GC invocations=5 (full 0):
 PSYoungGen      total 38400K, used 38384K [0x00000000e0000000, 0x00000000e4b00000, 0x0000000100000000)
  eden space 33280K, 100% used [0x00000000e0000000,0x00000000e2080000,0x00000000e2080000)
  from space 5120K, 99% used [0x00000000e2580000,0x00000000e2a7c050,0x00000000e2a80000)
  to   space 5120K, 0% used [0x00000000e2080000,0x00000000e2080000,0x00000000e2580000)
 ParOldGen       total 87552K, used 3864K [0x00000000a0000000, 0x00000000a5580000, 0x00000000e0000000)
  object space 87552K, 4% used [0x00000000a0000000,0x00000000a03c6338,0x00000000a5580000)
 Metaspace       used 17295K, capacity 17850K, committed 18048K, reserved 1064960K
  class space    used 2480K, capacity 2631K, committed 2688K, reserved 1048576K
Event: 2.237 GC heap after
Heap after GC invocations=5 (full 0):
 PSYoungGen      total 38400K, used 5088K [0x00000000e0000000, 0x00000000e5500000, 0x0000000100000000)
  eden space 33280K, 0% used [0x00000000e0000000,0x00000000e0000000,0x00000000e2080000)
  from space 5120K, 99% used [0x00000000e2080000,0x00000000e2578020,0x00000000e2580000)
  to   space 10240K, 0% used [0x00000000e4b00000,0x00000000e4b00000,0x00000000e5500000)
 ParOldGen       total 87552K, used 7203K [0x00000000a0000000, 0x00000000a5580000, 0x00000000e0000000)
  object space 87552K, 8% used [0x00000000a0000000,0x00000000a0708f18,0x00000000a5580000)
 Metaspace       used 17295K, capacity 17850K, committed 18048K, reserved 1064960K
  class space    used 2480K, capacity 2631K, committed 2688K, reserved 1048576K
}
Event: 2.554 GC heap before
{Heap before GC invocations=6 (full 0):
 PSYoungGen      total 38400K, used 37755K [0x00000000e0000000, 0x00000000e5500000, 0x0000000100000000)
  eden space 33280K, 98% used [0x00000000e0000000,0x00000000e1fe6be8,0x00000000e2080000)
  from space 5120K, 99% used [0x00000000e2080000,0x00000000e2578020,0x00000000e2580000)
  to   space 10240K, 0% used [0x00000000e4b00000,0x00000000e4b00000,0x00000000e5500000)
 ParOldGen       total 87552K, used 7203K [0x00000000a0000000, 0x00000000a5580000, 0x00000000e0000000)
  object space 87552K, 8% used [0x00000000a0000000,0x00000000a0708f18,0x00000000a5580000)
 Metaspace       used 20682K, capacity 21214K, committed 21296K, reserved 1067008K
  class space    used 2985K, capacity 3165K, committed 3200K, reserved 1048576K
Event: 2.561 GC heap after
Heap after GC invocations=6 (full 0):
 PSYoungGen      total 75264K, used 9383K [0x00000000e0000000, 0x00000000e5800000, 0x0000000100000000)
  eden space 65024K, 0% used [0x00000000e0000000,0x00000000e0000000,0x00000000e3f80000)
  from space 10240K, 91% used [0x00000000e4b00000,0x00000000e5429c78,0x00000000e5500000)
  to   space 11776K, 0% used [0x00000000e3f80000,0x00000000e3f80000,0x00000000e4b00000)
 ParOldGen       total 87552K, used 7211K [0x00000000a0000000, 0x00000000a5580000, 0x00000000e0000000)
  object space 87552K, 8% used [0x00000000a0000000,0x00000000a070af18,0x00000000a5580000)
 Metaspace       used 20682K, capacity 21214K, committed 21296K, reserved 1067008K
  class space    used 2985K, capacity 3165K, committed 3200K, reserved 1048576K
}
Event: 2.561 GC heap before
{Heap before GC invocations=7 (full 1):
 PSYoungGen      total 75264K, used 9383K [0x00000000e0000000, 0x00000000e5800000, 0x0000000100000000)
  eden space 65024K, 0% used [0x00000000e0000000,0x00000000e0000000,0x00000000e3f80000)
  from space 10240K, 91% used [0x00000000e4b00000,0x00000000e5429c78,0x00000000e5500000)
  to   space 11776K, 0% used [0x00000000e3f80000,0x00000000e3f80000,0x00000000e4b00000)
 ParOldGen       total 87552K, used 7211K [0x00000000a0000000, 0x00000000a5580000, 0x00000000e0000000)
  object space 87552K, 8% used [0x00000000a0000000,0x00000000a070af18,0x00000000a5580000)
 Metaspace       used 20682K, capacity 21214K, committed 21296K, reserved 1067008K
  class space    used 2985K, capacity 3165K, committed 3200K, reserved 1048576K
Event: 2.586 GC heap after
Heap after GC invocations=7 (full 1):
 PSYoungGen      total 75264K, used 0K [0x00000000e0000000, 0x00000000e5800000, 0x0000000100000000)
  eden space 65024K, 0% used [0x00000000e0000000,0x00000000e0000000,0x00000000e3f80000)
  from space 10240K, 0% used [0x00000000e4b00000,0x00000000e4b00000,0x00000000e5500000)
  to   space 11776K, 0% used [0x00000000e3f80000,0x00000000e3f80000,0x00000000e4b00000)
 ParOldGen       total 60416K, used 9961K [0x00000000a0000000, 0x00000000a3b00000, 0x00000000e0000000)
  object space 60416K, 16% used [0x00000000a0000000,0x00000000a09ba670,0x00000000a3b00000)
 Metaspace       used 20682K, capacity 21214K, committed 21296K, reserved 1067008K
  class space    used 2985K, capacity 3165K, committed 3200K, reserved 1048576K
}
Event: 3.254 GC heap before
{Heap before GC invocations=8 (full 1):
 PSYoungGen      total 75264K, used 65024K [0x00000000e0000000, 0x00000000e5800000, 0x0000000100000000)
  eden space 65024K, 100% used [0x00000000e0000000,0x00000000e3f80000,0x00000000e3f80000)
  from space 10240K, 0% used [0x00000000e4b00000,0x00000000e4b00000,0x00000000e5500000)
  to   space 11776K, 0% used [0x00000000e3f80000,0x00000000e3f80000,0x00000000e4b00000)
 ParOldGen       total 60416K, used 9961K [0x00000000a0000000, 0x00000000a3b00000, 0x00000000e0000000)
  object space 60416K, 16% used [0x00000000a0000000,0x00000000a09ba670,0x00000000a3b00000)
 Metaspace       used 29124K, capacity 29716K, committed 29952K, reserved 1075200K
  class space    used 3920K, capacity 4071K, committed 4096K, reserved 1048576K
Event: 3.260 GC heap after
Heap after GC invocations=8 (full 1):
 PSYoungGen      total 76800K, used 8106K [0x00000000e0000000, 0x00000000e5800000, 0x0000000100000000)
  eden space 65024K, 0% used [0x00000000e0000000,0x00000000e0000000,0x00000000e3f80000)
  from space 11776K, 68% used [0x00000000e3f80000,0x00000000e476ab30,0x00000000e4b00000)
  to   space 10240K, 0% used [0x00000000e4b00000,0x00000000e4b00000,0x00000000e5500000)
 ParOldGen       total 60416K, used 9969K [0x00000000a0000000, 0x00000000a3b00000, 0x00000000e0000000)
  object space 60416K, 16% used [0x00000000a0000000,0x00000000a09bc670,0x00000000a3b00000)
 Metaspace       used 29124K, capacity 29716K, committed 29952K, reserved 1075200K
  class space    used 3920K, capacity 4071K, committed 4096K, reserved 1048576K
}

Deoptimization events (10 events):
Event: 3.176 Thread 0x000000001b75e800 Uncommon trap: reason=unstable_if action=reinterpret pc=0x00000000033d84f8 method=org.gradle.internal.reflect.PropertyAccessorType.isGetGetterName(Ljava/lang/String;)Z @ 14
Event: 3.261 Thread 0x0000000016b1c800 Uncommon trap: reason=unstable_if action=reinterpret pc=0x0000000003083e0c method=java.lang.ref.Reference.tryHandlePending(Z)Z @ 104
Event: 3.267 Thread 0x000000001b75e800 Uncommon trap: reason=class_check action=maybe_recompile pc=0x00000000031c50d0 method=sun.misc.URLClassPath.getLoader(I)Lsun/misc/URLClassPath$Loader; @ 94
Event: 3.267 Thread 0x000000001b75e800 Uncommon trap: reason=unstable_if action=reinterpret pc=0x0000000003340b28 method=java.lang.String.regionMatches(ZILjava/lang/String;II)Z @ 41
Event: 3.270 Thread 0x000000001b75e800 Uncommon trap: reason=class_check action=maybe_recompile pc=0x00000000031c88b8 method=sun.misc.URLClassPath.getLoader(I)Lsun/misc/URLClassPath$Loader; @ 239
Event: 3.314 Thread 0x000000001b75e800 Uncommon trap: reason=unstable_if action=reinterpret pc=0x000000000342d2a0 method=org.codehaus.groovy.runtime.metaclass.MetaMethodIndex.addMethodToList(Ljava/lang/Object;Lgroovy/lang/MetaMethod;)Ljava/lang/Object; @ 226
Event: 3.337 Thread 0x000000001b75e800 Uncommon trap: reason=unstable_if action=reinterpret pc=0x0000000002e3a6dc method=java.io.WinNTFileSystem.resolve(Ljava/lang/String;Ljava/lang/String;)Ljava/lang/String; @ 49
Event: 3.375 Thread 0x000000001b75e800 Uncommon trap: reason=unstable_if action=reinterpret pc=0x00000000033b6450 method=java.util.WeakHashMap.put(Ljava/lang/Object;Ljava/lang/Object;)Ljava/lang/Object; @ 59
Event: 3.507 Thread 0x000000001b75e800 Uncommon trap: reason=class_check action=maybe_recompile pc=0x0000000003498830 method=sun.reflect.generics.reflectiveObjects.TypeVariableImpl.getGenericDeclaration()Ljava/lang/reflect/GenericDeclaration; @ 4
Event: 3.507 Thread 0x000000001b75e800 Uncommon trap: reason=class_check action=maybe_recompile pc=0x0000000003498830 method=sun.reflect.generics.reflectiveObjects.TypeVariableImpl.getGenericDeclaration()Ljava/lang/reflect/GenericDeclaration; @ 4

Classes redefined (0 events):
No events

Internal exceptions (10 events):
Event: 3.372 Thread 0x000000001b75e800 Exception <a 'java/lang/ClassNotFoundException': org/gradle/api/internal/DefaultNamedDomainObjectCollectionBeanInfo> (0x00000000e13a9d68) thrown at [D:\src\AOSP-openjdk-cygwin\jdk8u\hotspot\src\share\vm\classfile\systemDictionary.cpp, line 210]
Event: 3.372 Thread 0x000000001b75e800 Exception <a 'java/lang/ClassNotFoundException': org/gradle/api/internal/DefaultDomainObjectCollectionBeanInfo> (0x00000000e13ddda0) thrown at [D:\src\AOSP-openjdk-cygwin\jdk8u\hotspot\src\share\vm\classfile\systemDictionary.cpp, line 210]
Event: 3.373 Thread 0x000000001b75e800 Exception <a 'java/lang/ClassNotFoundException': java/util/AbstractCollectionBeanInfo> (0x00000000e13e24f8) thrown at [D:\src\AOSP-openjdk-cygwin\jdk8u\hotspot\src\share\vm\classfile\systemDictionary.cpp, line 210]
Event: 3.373 Thread 0x000000001b75e800 Exception <a 'java/lang/ClassNotFoundException': java/util/AbstractCollectionCustomizer> (0x00000000e13e6e00) thrown at [D:\src\AOSP-openjdk-cygwin\jdk8u\hotspot\src\share\vm\classfile\systemDictionary.cpp, line 210]
Event: 3.374 Thread 0x000000001b75e800 Exception <a 'java/lang/ClassNotFoundException': org/gradle/api/internal/DefaultDomainObjectCollectionCustomizer> (0x00000000e14262e0) thrown at [D:\src\AOSP-openjdk-cygwin\jdk8u\hotspot\src\share\vm\classfile\systemDictionary.cpp, line 210]
Event: 3.375 Thread 0x000000001b75e800 Exception <a 'java/lang/ClassNotFoundException': org/gradle/api/internal/DefaultNamedDomainObjectCollectionCustomizer> (0x00000000e1484098) thrown at [D:\src\AOSP-openjdk-cygwin\jdk8u\hotspot\src\share\vm\classfile\systemDictionary.cpp, line 210]
Event: 3.377 Thread 0x000000001b75e800 Exception <a 'java/lang/ClassNotFoundException': org/gradle/api/internal/DefaultNamedDomainObjectListCustomizer> (0x00000000e14f8a10) thrown at [D:\src\AOSP-openjdk-cygwin\jdk8u\hotspot\src\share\vm\classfile\systemDictionary.cpp, line 210]
Event: 3.378 Thread 0x000000001b75e800 Exception <a 'java/lang/ClassNotFoundException': org/gradle/api/internal/artifacts/DefaultArtifactRepositoryContainerCustomizer> (0x00000000e156e2f0) thrown at [D:\src\AOSP-openjdk-cygwin\jdk8u\hotspot\src\share\vm\classfile\systemDictionary.cpp, line 210
Event: 3.379 Thread 0x000000001b75e800 Exception <a 'java/lang/ClassNotFoundException': org/gradle/api/internal/artifacts/dsl/DefaultRepositoryHandlerCustomizer> (0x00000000e15d3f00) thrown at [D:\src\AOSP-openjdk-cygwin\jdk8u\hotspot\src\share\vm\classfile\systemDictionary.cpp, line 210]
Event: 3.380 Thread 0x000000001b75e800 Exception <a 'java/lang/ClassNotFoundException': org/gradle/api/internal/artifacts/dsl/DefaultRepositoryHandler_DecoratedCustomizer> (0x00000000e16504c8) thrown at [D:\src\AOSP-openjdk-cygwin\jdk8u\hotspot\src\share\vm\classfile\systemDictionary.cpp, line

Events (10 events):
Event: 3.558 loading class org/gradle/api/internal/artifacts/configurations/DefaultConfiguration$2
Event: 3.558 loading class org/gradle/api/internal/artifacts/configurations/DefaultConfiguration$2 done
Event: 3.559 loading class org/gradle/api/internal/attributes/DefaultMutableAttributeContainer
Event: 3.559 loading class org/gradle/api/internal/attributes/DefaultMutableAttributeContainer done
Event: 3.560 loading class org/gradle/api/internal/artifacts/configurations/DefaultConfiguration$ConfigurationFileCollection
Event: 3.560 loading class org/gradle/api/internal/artifacts/configurations/DefaultConfiguration$ConfigurationFileCollection done
Event: 3.561 loading class org/gradle/api/internal/artifacts/ivyservice/resolveengine/artifact/ArtifactVisitor
Event: 3.561 loading class org/gradle/api/internal/artifacts/ivyservice/resolveengine/artifact/ArtifactVisitor done
Event: 3.562 loading class org/gradle/api/specs/Specs
Event: 3.562 loading class org/gradle/api/specs/Specs done


Dynamic libraries:
0x00007ff7a3750000 - 0x00007ff7a3781000 	C:\Program Files\Android\Android Studio\jre\bin\java.exe
0x00007ffee58c0000 - 0x00007ffee5ab0000 	C:\Windows\SYSTEM32\ntdll.dll
0x00007ffee5560000 - 0x00007ffee5612000 	C:\Windows\System32\KERNEL32.DLL
0x00007ffee3420000 - 0x00007ffee36c3000 	C:\Windows\System32\KERNELBASE.dll
0x00007ffee4c00000 - 0x00007ffee4ca3000 	C:\Windows\System32\ADVAPI32.dll
0x00007ffee45b0000 - 0x00007ffee464e000 	C:\Windows\System32\msvcrt.dll
0x00007ffee5250000 - 0x00007ffee52e7000 	C:\Windows\System32\sechost.dll
0x00007ffee5620000 - 0x00007ffee5740000 	C:\Windows\System32\RPCRT4.dll
0x00007ffee49f0000 - 0x00007ffee4b84000 	C:\Windows\System32\USER32.dll
0x00007ffee36d0000 - 0x00007ffee36f1000 	C:\Windows\System32\win32u.dll
0x00007ffee39f0000 - 0x00007ffee3a16000 	C:\Windows\System32\GDI32.dll
0x00007ffee3280000 - 0x00007ffee3414000 	C:\Windows\System32\gdi32full.dll
0x00007ffee2850000 - 0x00007ffee28ee000 	C:\Windows\System32\msvcp_win.dll
0x00007ffee2a00000 - 0x00007ffee2afa000 	C:\Windows\System32\ucrtbase.dll
0x00007ffed5c50000 - 0x00007ffed5ed5000 	C:\Windows\WinSxS\amd64_microsoft.windows.common-controls_6595b64144ccf1df_6.0.18362.778_none_e6c6b761130d4fb8\COMCTL32.dll
0x00007ffee4650000 - 0x00007ffee4986000 	C:\Windows\System32\combase.dll
0x00007ffee2950000 - 0x00007ffee29d0000 	C:\Windows\System32\bcryptPrimitives.dll
0x00007ffee3a50000 - 0x00007ffee3a7e000 	C:\Windows\System32\IMM32.DLL
0x000000006a980000 - 0x000000006aa52000 	C:\Program Files\Android\Android Studio\jre\jre\bin\msvcr100.dll
0x000000006ab40000 - 0x000000006b386000 	C:\Program Files\Android\Android Studio\jre\jre\bin\server\jvm.dll
0x00007ffee4dd0000 - 0x00007ffee4dd8000 	C:\Windows\System32\PSAPI.DLL
0x00007ffedd280000 - 0x00007ffedd28a000 	C:\Windows\SYSTEM32\VERSION.dll
0x00007ffedf0b0000 - 0x00007ffedf0b9000 	C:\Windows\SYSTEM32\WSOCK32.dll
0x00007ffee4d60000 - 0x00007ffee4dcf000 	C:\Windows\System32\WS2_32.dll
0x00007ffee07e0000 - 0x00007ffee0804000 	C:\Windows\SYSTEM32\WINMM.dll
0x00007ffee0780000 - 0x00007ffee07ad000 	C:\Windows\SYSTEM32\winmmbase.dll
0x00007ffee37d0000 - 0x00007ffee381a000 	C:\Windows\System32\cfgmgr32.dll
0x00007ffede8f0000 - 0x00007ffede8ff000 	C:\Program Files\Android\Android Studio\jre\jre\bin\verify.dll
0x00007ffed7600000 - 0x00007ffed7629000 	C:\Program Files\Android\Android Studio\jre\jre\bin\java.dll
0x00007ffeda7c0000 - 0x00007ffeda7d6000 	C:\Program Files\Android\Android Studio\jre\jre\bin\zip.dll
0x00007ffee3bf0000 - 0x00007ffee42d5000 	C:\Windows\System32\SHELL32.dll
0x00007ffee4500000 - 0x00007ffee45a9000 	C:\Windows\System32\shcore.dll
0x00007ffee2b00000 - 0x00007ffee3280000 	C:\Windows\System32\windows.storage.dll
0x00007ffee2820000 - 0x00007ffee2843000 	C:\Windows\System32\profapi.dll
0x00007ffee27b0000 - 0x00007ffee27fa000 	C:\Windows\System32\powrprof.dll
0x00007ffee2780000 - 0x00007ffee2790000 	C:\Windows\System32\UMPDC.dll
0x00007ffee4990000 - 0x00007ffee49e2000 	C:\Windows\System32\shlwapi.dll
0x00007ffee2790000 - 0x00007ffee27a1000 	C:\Windows\System32\kernel.appcore.dll
0x00007ffee37b0000 - 0x00007ffee37c7000 	C:\Windows\System32\cryptsp.dll
0x00007ffed72d0000 - 0x00007ffed72ea000 	C:\Program Files\Android\Android Studio\jre\jre\bin\net.dll
0x00007ffed32a0000 - 0x00007ffed3475000 	C:\Windows\SYSTEM32\urlmon.dll
0x00007ffed2820000 - 0x00007ffed2ac6000 	C:\Windows\SYSTEM32\iertutil.dll
0x00007ffee2120000 - 0x00007ffee212c000 	C:\Windows\SYSTEM32\CRYPTBASE.DLL
0x00007ffee1fa0000 - 0x00007ffee2007000 	C:\Windows\system32\mswsock.dll
0x00007ffed71f0000 - 0x00007ffed7203000 	C:\Program Files\Android\Android Studio\jre\jre\bin\nio.dll
0x00007ffec2990000 - 0x00007ffec29b6000 	C:\Users\IS Infinite Stratos\.gradle\native\30\windows-amd64\native-platform.dll
0x00007ffeddd60000 - 0x00007ffeddd6d000 	C:\Program Files\Android\Android Studio\jre\jre\bin\management.dll
0x00007ffee1ac0000 - 0x00007ffee1af3000 	C:\Windows\system32\rsaenh.dll
0x00007ffee29d0000 - 0x00007ffee29f6000 	C:\Windows\System32\bcrypt.dll
0x00007ffee26a0000 - 0x00007ffee26c5000 	C:\Windows\SYSTEM32\USERENV.dll
0x00007ffee1cc0000 - 0x00007ffee1cfa000 	C:\Windows\SYSTEM32\IPHLPAPI.DLL
0x00007ffee3a40000 - 0x00007ffee3a48000 	C:\Windows\System32\NSI.dll
0x00007ffedd1f0000 - 0x00007ffedd206000 	C:\Windows\SYSTEM32\dhcpcsvc6.DLL
0x00007ffedd1c0000 - 0x00007ffedd1dc000 	C:\Windows\SYSTEM32\dhcpcsvc.DLL
0x00007ffee1d00000 - 0x00007ffee1dca000 	C:\Windows\SYSTEM32\DNSAPI.dll

VM Arguments:
jvm_args: -Xmx1536m -Dfile.encoding=windows-1252 -Duser.country=MX -Duser.language=es -Duser.variant 
java_command: org.gradle.launcher.daemon.bootstrap.GradleDaemon 5.6.4
java_class_path (initial): C:\Users\IS Infinite Stratos\.gradle\wrapper\dists\gradle-5.6.4-all\ankdp27end7byghfw1q2sw75f\gradle-5.6.4\lib\gradle-launcher-5.6.4.jar
Launcher Type: SUN_STANDARD

Environment Variables:
PATH=C:\Program Files (x86)\Common Files\Oracle\Java\javapath;C:\Windows\system32;C:\Windows;C:\Program Files\Java\jdk-14\bin;C:\Windows\System32\Wbem;C:\Windows\System32\WindowsPowerShell\v1.0\;C:\Windows\System32\OpenSSH\;C:\Program Files (x86)\NVIDIA Corporation\PhysX\Common;C:\Program Files\NVIDIA Corporation\NVIDIA NvDLISR;C:\Program Files\dotnet\;C:\Program Files\Microsoft SQL Server\130\Tools\Binn\;C:\Program Files\Microsoft SQL Server\Client SDK\ODBC\170\Tools\Binn\;C:\Program Files\Git\cmd;C:\Program Files (x86)\Microsoft SQL Server\140\Tools\Binn\;C:\Program Files\Microsoft SQL Server\140\Tools\Binn\;C:\Program Files (x86)\Microsoft SQL Server\140\DTS\Binn\;C:\Program Files\Microsoft SQL Server\140\DTS\Binn\;C:\Program Files\Microsoft SQL Server\Client SDK\ODBC\130\Tools\Binn\;C:\Program Files (x86)\Microsoft SQL Server\150\DTS\Binn\;C:\HashiCorp\Vagrant\bin;C:\Ruby26-x64\bin;C:\Users\IS Infinite Stratos\AppData\Local\Microsoft\WindowsApps;C:\Users\IS Infinite Stratos\AppData\Local\Programs\Microsoft VS Code\bin
USERNAME=IS Vega
OS=Windows_NT
PROCESSOR_IDENTIFIER=AMD64 Family 23 Model 8 Stepping 2, AuthenticAMD



---------------  S Y S T E M  ---------------

OS: Windows 10.0 , 64 bit Build 18362 (10.0.18362.778)

CPU:total 12 (initial active 12) (12 cores per cpu, 1 threads per core) family 23 model 8 stepping 2, cmov, cx8, fxsr, mmx, sse, sse2, sse3, ssse3, sse4.1, sse4.2, popcnt, avx, avx2, aes, clmul, mmxext, 3dnowpref, lzcnt, sse4a, tsc, tscinvbit, tscinv, bmi1

Memory: 4k page, physical 8337212k(1150788k free), swap 12531516k(4288k free)

vm_info: OpenJDK 64-Bit Server VM (25.212-b04) for windows-amd64 JRE (1.8.0_212-release-1586-b04), built by "builder" with MS VC++ 10.0 (VS2010)

time: Mon May 04 11:57:31 2020
timezone: Hora de verano central (México)
elapsed time: 3 seconds (0d 0h 0m 3s)

