#
# There is insufficient memory for the Java Runtime Environment to continue.
# Native memory allocation (malloc) failed to allocate 741136 bytes for Chunk::new
# Possible reasons:
#   The system is out of physical RAM or swap space
#   The process is running with CompressedOops enabled, and the Java Heap may be blocking the growth of the native heap
# Possible solutions:
#   Reduce memory load on the system
#   Increase physical memory or swap space
#   Check if swap backing store is full
#   Decrease Java heap size (-Xmx/-Xms)
#   Decrease number of Java threads
#   Decrease Java thread stack sizes (-Xss)
#   Set larger code cache with -XX:ReservedCodeCacheSize=
#   JVM is running with Unscaled Compressed Oops mode in which the Java heap is
#     placed in the first 4GB address space. The Java Heap base address is the
#     maximum limit for the native heap growth. Please use -XX:HeapBaseMinAddress
#     to set the Java Heap base and to place the Java Heap above 4GB virtual address.
# This output file may be truncated or incomplete.
#
#  Out of Memory Error (allocation.cpp:389), pid=10224, tid=0x00000000000020d8
#
# JRE version: OpenJDK Runtime Environment (8.0_212-b04) (build 1.8.0_212-release-1586-b04)
# Java VM: OpenJDK 64-Bit Server VM (25.212-b04 mixed mode windows-amd64 compressed oops)
# Failed to write core dump. Minidumps are not enabled by default on client versions of Windows
#

---------------  T H R E A D  ---------------

Current thread (0x0000000019469800):  JavaThread "C2 CompilerThread2" daemon [_thread_in_native, id=8408, stack(0x000000001acd0000,0x000000001add0000)]

Stack: [0x000000001acd0000,0x000000001add0000]
[error occurred during error reporting (printing stack bounds), id 0xc0000005]

Native frames: (J=compiled Java code, j=interpreted, Vv=VM code, C=native code)


Current CompileTask:
C2:   2775 3486       4       org.jetbrains.org.objectweb.asm.ClassReader::readMethod (1047 bytes)


---------------  P R O C E S S  ---------------

Java Threads: ( => current thread )
  0x0000000019503000 JavaThread "Service Thread" daemon [_thread_blocked, id=9144, stack(0x000000001aed0000,0x000000001afd0000)]
  0x000000001946b000 JavaThread "C1 CompilerThread3" daemon [_thread_in_native, id=6260, stack(0x000000001add0000,0x000000001aed0000)]
=>0x0000000019469800 JavaThread "C2 CompilerThread2" daemon [_thread_in_native, id=8408, stack(0x000000001acd0000,0x000000001add0000)]
  0x000000001945b000 JavaThread "C2 CompilerThread1" daemon [_thread_in_native, id=6460, stack(0x000000001abd0000,0x000000001acd0000)]
  0x0000000019452000 JavaThread "C2 CompilerThread0" daemon [_thread_in_native, id=21316, stack(0x000000001aad0000,0x000000001abd0000)]
  0x0000000019450800 JavaThread "Attach Listener" daemon [_thread_blocked, id=7920, stack(0x000000001a9d0000,0x000000001aad0000)]
  0x000000001944d800 JavaThread "Signal Dispatcher" daemon [_thread_blocked, id=6840, stack(0x000000001a8d0000,0x000000001a9d0000)]
  0x0000000017d72800 JavaThread "Finalizer" daemon [_thread_blocked, id=21412, stack(0x000000001a6a0000,0x000000001a7a0000)]
  0x0000000019443000 JavaThread "Reference Handler" daemon [_thread_blocked, id=16220, stack(0x000000001a5a0000,0x000000001a6a0000)]
  0x0000000002a76800 JavaThread "main" [_thread_in_Java, id=13416, stack(0x0000000002920000,0x0000000002a20000)]

Other Threads:
  0x0000000002b6c800 VMThread [stack: 0x000000001a4a0000,0x000000001a5a0000] [id=11884]
  0x0000000019503800 WatcherThread [stack: 0x000000001afd0000,0x000000001b0d0000] [id=15684]

VM state:not at safepoint (normal execution)

VM Mutex/Monitor currently owned by a thread: None

heap address: 0x0000000080c00000, size: 2036 MB, Compressed Oops mode: 32-bit
Narrow klass base: 0x0000000000000000, Narrow klass shift: 3
Compressed class space size: 1073741824 Address: 0x0000000100000000

Heap:
 PSYoungGen      total 138240K, used 61105K [0x00000000d5980000, 0x00000000e0600000, 0x0000000100000000)
  eden space 133120K, 45% used [0x00000000d5980000,0x00000000d952c498,0x00000000ddb80000)
  from space 5120K, 0% used [0x00000000ddb80000,0x00000000ddb80000,0x00000000de080000)
  to   space 14848K, 0% used [0x00000000df780000,0x00000000df780000,0x00000000e0600000)
 ParOldGen       total 64512K, used 18425K [0x0000000080c00000, 0x0000000084b00000, 0x00000000d5980000)
  object space 64512K, 28% used [0x0000000080c00000,0x0000000081dfe4a0,0x0000000084b00000)
 Metaspace       used 39473K, capacity 40139K, committed 40576K, reserved 1085440K
  class space    used 4955K, capacity 5131K, committed 5248K, reserved 1048576K

Card table byte_map: [0x0000000011f30000,0x0000000012330000] byte_map_base: 0x0000000011b2a000

Marking Bits: (ParMarkBitMap*) 0x000000006b309f30
 Begin Bits: [0x0000000012fe0000, 0x0000000014fb0000)
 End Bits:   [0x0000000014fb0000, 0x0000000016f80000)

Polling page: 0x0000000000f60000

CodeCache: size=245760Kb used=11014Kb max_used=11014Kb free=234745Kb
 bounds [0x0000000002b70000, 0x0000000003640000, 0x0000000011b70000]
 total_blobs=4080 nmethods=3634 adapters=360
 compilation: enabled

Compilation events (10 events):
Event: 2.771 Thread 0x000000001946b000 3635       3       org.jetbrains.kotlin.load.java.lazy.descriptors.LazyJavaClassMemberScope::addFunctionFromSupertypes (239 bytes)
Event: 2.772 Thread 0x000000001946b000 nmethod 3635 0x0000000003633fd0 code [0x00000000036342c0, 0x0000000003635a88]
Event: 2.772 Thread 0x000000001946b000 3637       3       org.jetbrains.kotlin.descriptors.Visibilities::isPrivate (29 bytes)
Event: 2.772 Thread 0x000000001946b000 nmethod 3637 0x00000000036368d0 code [0x0000000003636a40, 0x0000000003636ca8]
Event: 2.772 Thread 0x000000001946b000 3636       3       org.jetbrains.kotlin.load.java.components.DescriptorResolverUtils::resolveOverridesForNonStaticMembers (63 bytes)
Event: 2.773 Thread 0x000000001946b000 nmethod 3636 0x0000000003636d50 code [0x0000000003636f20, 0x0000000003637368]
Event: 2.773 Thread 0x000000001946b000 3638       3       org.jetbrains.kotlin.load.java.typeEnhancement.SignatureEnhancementKt::select (138 bytes)
Event: 2.774 Thread 0x000000001946b000 nmethod 3638 0x0000000003637510 code [0x0000000003637760, 0x0000000003638478]
Event: 2.774 Thread 0x000000001946b000 3639       3       org.jetbrains.kotlin.load.java.structure.impl.classFiles.ClassifierResolutionContext$InnerClassInfo::<init> (27 bytes)
Event: 2.774 Thread 0x000000001946b000 nmethod 3639 0x0000000003638990 code [0x0000000003638b20, 0x0000000003638eb8]

GC Heap History (10 events):
Event: 1.072 GC heap before
{Heap before GC invocations=3 (full 0):
 PSYoungGen      total 71680K, used 22811K [0x00000000d5980000, 0x00000000da480000, 0x0000000100000000)
  eden space 66560K, 26% used [0x00000000d5980000,0x00000000d6aca2e8,0x00000000d9a80000)
  from space 5120K, 99% used [0x00000000d9f80000,0x00000000da47cac8,0x00000000da480000)
  to   space 5120K, 0% used [0x00000000d9a80000,0x00000000d9a80000,0x00000000d9f80000)
 ParOldGen       total 87552K, used 7817K [0x0000000080c00000, 0x0000000086180000, 0x00000000d5980000)
  object space 87552K, 8% used [0x0000000080c00000,0x00000000813a2730,0x0000000086180000)
 Metaspace       used 20739K, capacity 21136K, committed 21296K, reserved 1069056K
  class space    used 2464K, capacity 2623K, committed 2688K, reserved 1048576K
Event: 1.079 GC heap after
Heap after GC invocations=3 (full 0):
 PSYoungGen      total 71680K, used 5092K [0x00000000d5980000, 0x00000000de580000, 0x0000000100000000)
  eden space 66560K, 0% used [0x00000000d5980000,0x00000000d5980000,0x00000000d9a80000)
  from space 5120K, 99% used [0x00000000d9a80000,0x00000000d9f79040,0x00000000d9f80000)
  to   space 5120K, 0% used [0x00000000de080000,0x00000000de080000,0x00000000de580000)
 ParOldGen       total 87552K, used 11713K [0x0000000080c00000, 0x0000000086180000, 0x00000000d5980000)
  object space 87552K, 13% used [0x0000000080c00000,0x0000000081770668,0x0000000086180000)
 Metaspace       used 20739K, capacity 21136K, committed 21296K, reserved 1069056K
  class space    used 2464K, capacity 2623K, committed 2688K, reserved 1048576K
}
Event: 1.079 GC heap before
{Heap before GC invocations=4 (full 1):
 PSYoungGen      total 71680K, used 5092K [0x00000000d5980000, 0x00000000de580000, 0x0000000100000000)
  eden space 66560K, 0% used [0x00000000d5980000,0x00000000d5980000,0x00000000d9a80000)
  from space 5120K, 99% used [0x00000000d9a80000,0x00000000d9f79040,0x00000000d9f80000)
  to   space 5120K, 0% used [0x00000000de080000,0x00000000de080000,0x00000000de580000)
 ParOldGen       total 87552K, used 11713K [0x0000000080c00000, 0x0000000086180000, 0x00000000d5980000)
  object space 87552K, 13% used [0x0000000080c00000,0x0000000081770668,0x0000000086180000)
 Metaspace       used 20739K, capacity 21136K, committed 21296K, reserved 1069056K
  class space    used 2464K, capacity 2623K, committed 2688K, reserved 1048576K
Event: 1.100 GC heap after
Heap after GC invocations=4 (full 1):
 PSYoungGen      total 71680K, used 0K [0x00000000d5980000, 0x00000000de580000, 0x0000000100000000)
  eden space 66560K, 0% used [0x00000000d5980000,0x00000000d5980000,0x00000000d9a80000)
  from space 5120K, 0% used [0x00000000d9a80000,0x00000000d9a80000,0x00000000d9f80000)
  to   space 5120K, 0% used [0x00000000de080000,0x00000000de080000,0x00000000de580000)
 ParOldGen       total 64512K, used 8837K [0x0000000080c00000, 0x0000000084b00000, 0x00000000d5980000)
  object space 64512K, 13% used [0x0000000080c00000,0x00000000814a17c8,0x0000000084b00000)
 Metaspace       used 20739K, capacity 21136K, committed 21296K, reserved 1069056K
  class space    used 2464K, capacity 2623K, committed 2688K, reserved 1048576K
}
Event: 1.766 GC heap before
{Heap before GC invocations=5 (full 1):
 PSYoungGen      total 71680K, used 66560K [0x00000000d5980000, 0x00000000de580000, 0x0000000100000000)
  eden space 66560K, 100% used [0x00000000d5980000,0x00000000d9a80000,0x00000000d9a80000)
  from space 5120K, 0% used [0x00000000d9a80000,0x00000000d9a80000,0x00000000d9f80000)
  to   space 5120K, 0% used [0x00000000de080000,0x00000000de080000,0x00000000de580000)
 ParOldGen       total 64512K, used 8837K [0x0000000080c00000, 0x0000000084b00000, 0x00000000d5980000)
  object space 64512K, 13% used [0x0000000080c00000,0x00000000814a17c8,0x0000000084b00000)
 Metaspace       used 30029K, capacity 30549K, committed 30848K, reserved 1077248K
  class space    used 3737K, capacity 3891K, committed 3968K, reserved 1048576K
Event: 1.776 GC heap after
Heap after GC invocations=5 (full 1):
 PSYoungGen      total 103936K, used 5090K [0x00000000d5980000, 0x00000000de580000, 0x0000000100000000)
  eden space 98816K, 0% used [0x00000000d5980000,0x00000000d5980000,0x00000000dba00000)
  from space 5120K, 99% used [0x00000000de080000,0x00000000de578918,0x00000000de580000)
  to   space 5120K, 0% used [0x00000000ddb80000,0x00000000ddb80000,0x00000000de080000)
 ParOldGen       total 64512K, used 20069K [0x0000000080c00000, 0x0000000084b00000, 0x00000000d5980000)
  object space 64512K, 31% used [0x0000000080c00000,0x0000000081f99700,0x0000000084b00000)
 Metaspace       used 30029K, capacity 30549K, committed 30848K, reserved 1077248K
  class space    used 3737K, capacity 3891K, committed 3968K, reserved 1048576K
}
Event: 2.100 GC heap before
{Heap before GC invocations=6 (full 1):
 PSYoungGen      total 103936K, used 31208K [0x00000000d5980000, 0x00000000de580000, 0x0000000100000000)
  eden space 98816K, 26% used [0x00000000d5980000,0x00000000d7301a98,0x00000000dba00000)
  from space 5120K, 99% used [0x00000000de080000,0x00000000de578918,0x00000000de580000)
  to   space 5120K, 0% used [0x00000000ddb80000,0x00000000ddb80000,0x00000000de080000)
 ParOldGen       total 64512K, used 20069K [0x0000000080c00000, 0x0000000084b00000, 0x00000000d5980000)
  object space 64512K, 31% used [0x0000000080c00000,0x0000000081f99700,0x0000000084b00000)
 Metaspace       used 34753K, capacity 35281K, committed 35496K, reserved 1081344K
  class space    used 4443K, capacity 4592K, committed 4608K, reserved 1048576K
Event: 2.107 GC heap after
Heap after GC invocations=6 (full 1):
 PSYoungGen      total 138240K, used 5118K [0x00000000d5980000, 0x00000000e0600000, 0x0000000100000000)
  eden space 133120K, 0% used [0x00000000d5980000,0x00000000d5980000,0x00000000ddb80000)
  from space 5120K, 99% used [0x00000000ddb80000,0x00000000de07fbf0,0x00000000de080000)
  to   space 14848K, 0% used [0x00000000df780000,0x00000000df780000,0x00000000e0600000)
 ParOldGen       total 64512K, used 25839K [0x0000000080c00000, 0x0000000084b00000, 0x00000000d5980000)
  object space 64512K, 40% used [0x0000000080c00000,0x000000008253bcd8,0x0000000084b00000)
 Metaspace       used 34753K, capacity 35281K, committed 35496K, reserved 1081344K
  class space    used 4443K, capacity 4592K, committed 4608K, reserved 1048576K
}
Event: 2.107 GC heap before
{Heap before GC invocations=7 (full 2):
 PSYoungGen      total 138240K, used 5118K [0x00000000d5980000, 0x00000000e0600000, 0x0000000100000000)
  eden space 133120K, 0% used [0x00000000d5980000,0x00000000d5980000,0x00000000ddb80000)
  from space 5120K, 99% used [0x00000000ddb80000,0x00000000de07fbf0,0x00000000de080000)
  to   space 14848K, 0% used [0x00000000df780000,0x00000000df780000,0x00000000e0600000)
 ParOldGen       total 64512K, used 25839K [0x0000000080c00000, 0x0000000084b00000, 0x00000000d5980000)
  object space 64512K, 40% used [0x0000000080c00000,0x000000008253bcd8,0x0000000084b00000)
 Metaspace       used 34753K, capacity 35281K, committed 35496K, reserved 1081344K
  class space    used 4443K, capacity 4592K, committed 4608K, reserved 1048576K
Event: 2.148 GC heap after
Heap after GC invocations=7 (full 2):
 PSYoungGen      total 138240K, used 0K [0x00000000d5980000, 0x00000000e0600000, 0x0000000100000000)
  eden space 133120K, 0% used [0x00000000d5980000,0x00000000d5980000,0x00000000ddb80000)
  from space 5120K, 0% used [0x00000000ddb80000,0x00000000ddb80000,0x00000000de080000)
  to   space 14848K, 0% used [0x00000000df780000,0x00000000df780000,0x00000000e0600000)
 ParOldGen       total 64512K, used 18425K [0x0000000080c00000, 0x0000000084b00000, 0x00000000d5980000)
  object space 64512K, 28% used [0x0000000080c00000,0x0000000081dfe4a0,0x0000000084b00000)
 Metaspace       used 34753K, capacity 35281K, committed 35496K, reserved 1081344K
  class space    used 4443K, capacity 4592K, committed 4608K, reserved 1048576K
}

Deoptimization events (10 events):
Event: 2.573 Thread 0x0000000002a76800 Uncommon trap: reason=class_check action=maybe_recompile pc=0x000000000333b2a8 method=org.jetbrains.kotlin.com.intellij.openapi.util.text.StringUtilRt.lastIndexOf(Ljava/lang/CharSequence;CII)I @ 17
Event: 2.573 Thread 0x0000000002a76800 Uncommon trap: reason=class_check action=maybe_recompile pc=0x000000000353d02c method=org.jetbrains.kotlin.com.intellij.openapi.vfs.VirtualFile.getExtension()Ljava/lang/String; @ 1
Event: 2.573 Thread 0x0000000002a76800 Uncommon trap: reason=class_check action=maybe_recompile pc=0x000000000333b2a8 method=org.jetbrains.kotlin.com.intellij.openapi.util.text.StringUtilRt.lastIndexOf(Ljava/lang/CharSequence;CII)I @ 17
Event: 2.573 Thread 0x0000000002a76800 Uncommon trap: reason=class_check action=maybe_recompile pc=0x000000000333b2a8 method=org.jetbrains.kotlin.com.intellij.openapi.util.text.StringUtilRt.lastIndexOf(Ljava/lang/CharSequence;CII)I @ 17
Event: 2.573 Thread 0x0000000002a76800 Uncommon trap: reason=class_check action=maybe_recompile pc=0x000000000353d02c method=org.jetbrains.kotlin.com.intellij.openapi.vfs.VirtualFile.getExtension()Ljava/lang/String; @ 1
Event: 2.573 Thread 0x0000000002a76800 Uncommon trap: reason=class_check action=maybe_recompile pc=0x000000000333b2a8 method=org.jetbrains.kotlin.com.intellij.openapi.util.text.StringUtilRt.lastIndexOf(Ljava/lang/CharSequence;CII)I @ 17
Event: 2.573 Thread 0x0000000002a76800 Uncommon trap: reason=class_check action=maybe_recompile pc=0x000000000353d02c method=org.jetbrains.kotlin.com.intellij.openapi.vfs.VirtualFile.getExtension()Ljava/lang/String; @ 1
Event: 2.577 Thread 0x0000000002a76800 Uncommon trap: reason=unstable_if action=reinterpret pc=0x000000000334572c method=gnu.trove.TObjectHash.insertionIndex(Ljava/lang/Object;)I @ 65
Event: 2.617 Thread 0x0000000002a76800 Uncommon trap: reason=null_check action=make_not_entrant pc=0x000000000357e858 method=org.jetbrains.kotlin.storage.LockBasedStorageManager$LockBasedLazyValue.invoke()Ljava/lang/Object; @ 6
Event: 2.617 Thread 0x0000000002a76800 Uncommon trap: reason=null_check action=make_not_entrant pc=0x0000000003521838 method=org.jetbrains.kotlin.utils.WrappedValues.unescapeThrowable(Ljava/lang/Object;)Ljava/lang/Object; @ 1

Classes redefined (0 events):
No events

Internal exceptions (10 events):
Event: 1.003 Thread 0x0000000002a76800 Exception <a 'java/lang/NoSuchMethodError': java.lang.Object.lambda$static$0(I)[Lorg/jetbrains/kotlin/com/intellij/psi/PsiAnnotation;> (0x00000000d6487eb8) thrown at [D:\src\AOSP-openjdk-cygwin\jdk8u\hotspot\src\share\vm\interpreter\linkResolver.cpp, line
Event: 1.060 Thread 0x0000000002a76800 Exception <a 'java/lang/NoSuchMethodError': java.lang.Object.lambda$static$0(I)[Lorg/jetbrains/kotlin/com/intellij/psi/PsiElement;> (0x00000000d69cbf70) thrown at [D:\src\AOSP-openjdk-cygwin\jdk8u\hotspot\src\share\vm\interpreter\linkResolver.cpp, line 62
Event: 1.563 Thread 0x0000000002a76800 Exception <a 'java/lang/ArrayIndexOutOfBoundsException': 126> (0x00000000d8501f00) thrown at [D:\src\AOSP-openjdk-cygwin\jdk8u\hotspot\src\share\vm\interpreter\interpreterRuntime.cpp, line 368]
Event: 1.563 Thread 0x0000000002a76800 Exception <a 'java/lang/ArrayIndexOutOfBoundsException': 86> (0x00000000d8503388) thrown at [D:\src\AOSP-openjdk-cygwin\jdk8u\hotspot\src\share\vm\interpreter\interpreterRuntime.cpp, line 368]
Event: 2.035 Thread 0x0000000002a76800 Exception <a 'java/lang/NoSuchMethodError': java.lang.Object.lambda$static$0(I)[Lorg/jetbrains/kotlin/psi/KtExpression;> (0x00000000d6cd30c8) thrown at [D:\src\AOSP-openjdk-cygwin\jdk8u\hotspot\src\share\vm\interpreter\linkResolver.cpp, line 620]
Event: 2.081 Thread 0x0000000002a76800 Exception <a 'java/lang/NoSuchMethodError': java.lang.Object.lambda$static$0(I)[Lorg/jetbrains/kotlin/psi/KtDeclaration;> (0x00000000d6fbbae8) thrown at [D:\src\AOSP-openjdk-cygwin\jdk8u\hotspot\src\share\vm\interpreter\linkResolver.cpp, line 620]
Event: 2.151 Thread 0x0000000002a76800 Exception <a 'java/lang/NoSuchMethodError': java.lang.Object.lambda$static$0(I)[Lorg/jetbrains/kotlin/psi/KtTypeElement;> (0x00000000d59807f0) thrown at [D:\src\AOSP-openjdk-cygwin\jdk8u\hotspot\src\share\vm\interpreter\linkResolver.cpp, line 620]
Event: 2.531 Thread 0x0000000002a76800 Exception <a 'java/lang/NoSuchMethodError': java.lang.Object.lambda$static$0(I)[Lorg/jetbrains/kotlin/com/intellij/psi/PsiClass;> (0x00000000d889a588) thrown at [D:\src\AOSP-openjdk-cygwin\jdk8u\hotspot\src\share\vm\interpreter\linkResolver.cpp, line 620]
Event: 2.617 Thread 0x0000000002a76800 Implicit null exception at 0x000000000357e554 to 0x000000000357e849
Event: 2.617 Thread 0x0000000002a76800 Implicit null exception at 0x00000000035217ef to 0x000000000352182d

Events (10 events):
Event: 2.729 loading class org/jetbrains/kotlin/resolve/constants/ConstantValueFactory
Event: 2.729 loading class org/jetbrains/kotlin/resolve/constants/ConstantValueFactory done
Event: 2.730 loading class org/jetbrains/kotlin/resolve/constants/ArrayValue
Event: 2.730 loading class org/jetbrains/kotlin/resolve/constants/ArrayValue done
Event: 2.730 loading class org/jetbrains/kotlin/resolve/constants/ConstantValueFactory$createArrayValue$1
Event: 2.730 loading class org/jetbrains/kotlin/resolve/constants/ConstantValueFactory$createArrayValue$1 done
Event: 2.731 loading class org/jetbrains/kotlin/descriptors/annotations/AnnotationDescriptorImpl
Event: 2.731 loading class org/jetbrains/kotlin/descriptors/annotations/AnnotationDescriptorImpl done
Event: 2.732 loading class org/jetbrains/kotlin/descriptors/annotations/AnnotationDescriptor$DefaultImpls
Event: 2.732 loading class org/jetbrains/kotlin/descriptors/annotations/AnnotationDescriptor$DefaultImpls done


Dynamic libraries:
0x00007ff744630000 - 0x00007ff744661000 	C:\Program Files\Android\Android Studio\jre\jre\bin\java.exe
0x00007ffee58c0000 - 0x00007ffee5ab0000 	C:\Windows\SYSTEM32\ntdll.dll
0x00007ffee5560000 - 0x00007ffee5612000 	C:\Windows\System32\KERNEL32.DLL
0x00007ffee3420000 - 0x00007ffee36c3000 	C:\Windows\System32\KERNELBASE.dll
0x00007ffee4c00000 - 0x00007ffee4ca3000 	C:\Windows\System32\ADVAPI32.dll
0x00007ffee45b0000 - 0x00007ffee464e000 	C:\Windows\System32\msvcrt.dll
0x00007ffee5250000 - 0x00007ffee52e7000 	C:\Windows\System32\sechost.dll
0x00007ffee5620000 - 0x00007ffee5740000 	C:\Windows\System32\RPCRT4.dll
0x00007ffee49f0000 - 0x00007ffee4b84000 	C:\Windows\System32\USER32.dll
0x00007ffee36d0000 - 0x00007ffee36f1000 	C:\Windows\System32\win32u.dll
0x00007ffee39f0000 - 0x00007ffee3a16000 	C:\Windows\System32\GDI32.dll
0x00007ffee3280000 - 0x00007ffee3414000 	C:\Windows\System32\gdi32full.dll
0x00007ffee2850000 - 0x00007ffee28ee000 	C:\Windows\System32\msvcp_win.dll
0x00007ffee2a00000 - 0x00007ffee2afa000 	C:\Windows\System32\ucrtbase.dll
0x00007ffed5c50000 - 0x00007ffed5ed5000 	C:\Windows\WinSxS\amd64_microsoft.windows.common-controls_6595b64144ccf1df_6.0.18362.778_none_e6c6b761130d4fb8\COMCTL32.dll
0x00007ffee4650000 - 0x00007ffee4986000 	C:\Windows\System32\combase.dll
0x00007ffee2950000 - 0x00007ffee29d0000 	C:\Windows\System32\bcryptPrimitives.dll
0x00007ffee3a50000 - 0x00007ffee3a7e000 	C:\Windows\System32\IMM32.DLL
0x000000006b970000 - 0x000000006ba42000 	C:\Program Files\Android\Android Studio\jre\jre\bin\msvcr100.dll
0x000000006ab40000 - 0x000000006b386000 	C:\Program Files\Android\Android Studio\jre\jre\bin\server\jvm.dll
0x00007ffee4dd0000 - 0x00007ffee4dd8000 	C:\Windows\System32\PSAPI.DLL
0x00007ffee07e0000 - 0x00007ffee0804000 	C:\Windows\SYSTEM32\WINMM.dll
0x00007ffeda7b0000 - 0x00007ffeda7b9000 	C:\Windows\SYSTEM32\WSOCK32.dll
0x00007ffedd280000 - 0x00007ffedd28a000 	C:\Windows\SYSTEM32\VERSION.dll
0x00007ffee4d60000 - 0x00007ffee4dcf000 	C:\Windows\System32\WS2_32.dll
0x00007ffee0780000 - 0x00007ffee07ad000 	C:\Windows\SYSTEM32\WINMMBASE.dll
0x00007ffee37d0000 - 0x00007ffee381a000 	C:\Windows\System32\cfgmgr32.dll
0x00007ffed3bf0000 - 0x00007ffed3bff000 	C:\Program Files\Android\Android Studio\jre\jre\bin\verify.dll
0x00007ffeb61e0000 - 0x00007ffeb6209000 	C:\Program Files\Android\Android Studio\jre\jre\bin\java.dll
0x00007ffebb310000 - 0x00007ffebb326000 	C:\Program Files\Android\Android Studio\jre\jre\bin\zip.dll
0x00007ffee3bf0000 - 0x00007ffee42d5000 	C:\Windows\System32\SHELL32.dll
0x00007ffee4500000 - 0x00007ffee45a9000 	C:\Windows\System32\shcore.dll
0x00007ffee2b00000 - 0x00007ffee3280000 	C:\Windows\System32\windows.storage.dll
0x00007ffee2820000 - 0x00007ffee2843000 	C:\Windows\System32\profapi.dll
0x00007ffee27b0000 - 0x00007ffee27fa000 	C:\Windows\System32\powrprof.dll
0x00007ffee2780000 - 0x00007ffee2790000 	C:\Windows\System32\UMPDC.dll
0x00007ffee4990000 - 0x00007ffee49e2000 	C:\Windows\System32\shlwapi.dll
0x00007ffee2790000 - 0x00007ffee27a1000 	C:\Windows\System32\kernel.appcore.dll
0x00007ffee37b0000 - 0x00007ffee37c7000 	C:\Windows\System32\cryptsp.dll
0x00007ffeb6240000 - 0x00007ffeb625a000 	C:\Program Files\Android\Android Studio\jre\jre\bin\net.dll
0x00007ffed32a0000 - 0x00007ffed3475000 	C:\Windows\SYSTEM32\urlmon.dll
0x00007ffed2820000 - 0x00007ffed2ac6000 	C:\Windows\SYSTEM32\iertutil.dll
0x00007ffee2120000 - 0x00007ffee212c000 	C:\Windows\SYSTEM32\CRYPTBASE.DLL
0x00007ffee1fa0000 - 0x00007ffee2007000 	C:\Windows\system32\mswsock.dll
0x00007ffeb61c0000 - 0x00007ffeb61d3000 	C:\Program Files\Android\Android Studio\jre\jre\bin\nio.dll

VM Arguments:
java_command: org.jetbrains.kotlin.cli.jvm.K2JVMCompiler -Xallow-no-source-files -classpath D:\SiReMu\Cliente_Android\app\build\intermediates\compile_and_runtime_not_namespaced_r_class_jar\debug\R.jar;C:\Users\IS Infinite Stratos\.gradle\caches\transforms-2\files-2.1\ac133f4f7b59ea808d5dde8f87520393\jetified-kotlin-android-extensions-runtime-1.3.61.jar;C:\Users\IS Infinite Stratos\.gradle\caches\transforms-2\files-2.1\e249d585a9e0aaea80ea7d36d9b03247\jetified-kotlin-stdlib-jdk7-1.3.61.jar;C:\Users\IS Infinite Stratos\.gradle\caches\transforms-2\files-2.1\20f2a71d67afd3f1f98a16777407c8f8\jetified-core-ktx-1.0.2-api.jar;C:\Users\IS Infinite Stratos\.gradle\caches\transforms-2\files-2.1\d6ccefdcf0350bed2fe2f0df7cec2ac2\jetified-kotlin-stdlib-1.3.61.jar;C:\Users\IS Infinite Stratos\.gradle\caches\transforms-2\files-2.1\511357db57332c0406f045438e0d7a70\jetified-kotlin-stdlib-common-1.3.61.jar;C:\Users\IS Infinite Stratos\.gradle\caches\transforms-2\files-2.1\67a68da6377c1fe62da3f856ae16ad16\jetified-annotations-13.0.jar;C:\Users\IS Infinite Stratos\.gradle\caches\transforms-2\files-2.1\430639de695edd425cebdf1cc7072c7d\material-1.0.0-api.jar;C:\Users\IS Infinite Stratos\.gradle\caches\transforms-2\files-2.1\26251c872424f803c0c5ee3c3962b0fe\appcompat-1.1.0-api.jar;C:\Users\IS Infinite Stratos\.gradle\caches\transforms-2\files-2.1\513522c2bb068bcf33105fff04bfaf68\lifecycle-extensions-2.0.0-api.jar;C:\Users\IS Infinite Stratos\.gradle\caches\transforms-2\files-2.1\3e5a85307b5245d9b9f194828d813a33\fragment-1.1.0-api.jar;C:\Users\IS Infinite Stratos\.gradle\caches\transforms-2\files-2.1\dc962f76f566c30e1f0d0b922a43481a\jetified-appcompat-resources-1.1.0-api.jar;C:\Users\IS Infinite Stratos\.gradle\caches\transforms-2\files-2.1\a83dba59f759350fe1f3ec7b0c11c956\recyclerview-1.0.0-api.jar;C:\Users\IS Infinite Stratos\.gradle\caches\transforms-2\files-2.1\0926ea520a5e4ee476e5c0b7f0c64db3\legacy-support-core-ui-1.0.0-api.jar;C:\Users\IS Infinite Stratos\.gradle\caches\transforms-
java_class_path (initial): C:\Users\IS Infinite Stratos\.gradle\caches\modules-2\files-2.1\org.jetbrains.kotlin\kotlin-compiler-embeddable\1.3.61\c35c0833d5a1e3d229359758482c480306724618\kotlin-compiler-embeddable-1.3.61.jar;C:\Users\IS Infinite Stratos\.gradle\caches\modules-2\files-2.1\org.jetbrains.kotlin\kotlin-reflect\1.3.61\2e07c9a84c9e118efb70eede7e579fd663932122\kotlin-reflect-1.3.61.jar;C:\Users\IS Infinite Stratos\.gradle\caches\modules-2\files-2.1\org.jetbrains.kotlin\kotlin-stdlib\1.3.61\4702105e97f7396ae41b113fdbdc180ec1eb1e36\kotlin-stdlib-1.3.61.jar;C:\Users\IS Infinite Stratos\.gradle\caches\modules-2\files-2.1\org.jetbrains.kotlin\kotlin-script-runtime\1.3.61\e5feb39c8de63dcbdc1154b34ca4413874231605\kotlin-script-runtime-1.3.61.jar;C:\Users\IS Infinite Stratos\.gradle\caches\modules-2\files-2.1\org.jetbrains.kotlin\kotlin-daemon-embeddable\1.3.61\4de83e41a92c8395d89ab2e81d26b788ba163824\kotlin-daemon-embeddable-1.3.61.jar;C:\Users\IS Infinite Stratos\.gradle\caches\modules-2\files-2.1\org.jetbrains.intellij.deps\trove4j\1.0.20181211\216c2e14b070f334479d800987affe4054cd563f\trove4j-1.0.20181211.jar;C:\Users\IS Infinite Stratos\.gradle\caches\modules-2\files-2.1\org.jetbrains.kotlin\kotlin-stdlib-common\1.3.61\65abb71d5afb850b68be03987b08e2c864ca3110\kotlin-stdlib-common-1.3.61.jar;C:\Users\IS Infinite Stratos\.gradle\caches\modules-2\files-2.1\org.jetbrains\annotations\13.0\919f0dfe192fb4e063e7dacadee7f8bb9a2672a9\annotations-13.0.jar;C:\Program Files\Android\Android Studio\jre\lib\tools.jar
Launcher Type: SUN_STANDARD

Environment Variables:
PATH=C:\Program Files (x86)\Common Files\Oracle\Java\javapath;C:\Windows\system32;C:\Windows;C:\Program Files\Java\jdk-14\bin;C:\Windows\System32\Wbem;C:\Windows\System32\WindowsPowerShell\v1.0\;C:\Windows\System32\OpenSSH\;C:\Program Files (x86)\NVIDIA Corporation\PhysX\Common;C:\Program Files\NVIDIA Corporation\NVIDIA NvDLISR;C:\Program Files\dotnet\;C:\Program Files\Microsoft SQL Server\130\Tools\Binn\;C:\Program Files\Microsoft SQL Server\Client SDK\ODBC\170\Tools\Binn\;C:\Program Files\Git\cmd;C:\Program Files (x86)\Microsoft SQL Server\140\Tools\Binn\;C:\Program Files\Microsoft SQL Server\140\Tools\Binn\;C:\Program Files (x86)\Microsoft SQL Server\140\DTS\Binn\;C:\Program Files\Microsoft SQL Server\140\DTS\Binn\;C:\Program Files\Microsoft SQL Server\Client SDK\ODBC\130\Tools\Binn\;C:\Program Files (x86)\Microsoft SQL Server\150\DTS\Binn\;C:\HashiCorp\Vagrant\bin;C:\Ruby26-x64\bin;C:\Users\IS Infinite Stratos\AppData\Local\Microsoft\WindowsApps;C:\Users\IS Infinite Stratos\AppData\Local\Programs\Microsoft VS Code\bin
USERNAME=IS Vega
OS=Windows_NT
PROCESSOR_IDENTIFIER=AMD64 Family 23 Model 8 Stepping 2, AuthenticAMD



---------------  S Y S T E M  ---------------

OS: Windows 10.0 , 64 bit Build 18362 (10.0.18362.778)

CPU:total 12 (initial active 12) (12 cores per cpu, 1 threads per core) family 23 model 8 stepping 2, cmov, cx8, fxsr, mmx, sse, sse2, sse3, ssse3, sse4.1, sse4.2, popcnt, avx, avx2, aes, clmul, mmxext, 3dnowpref, lzcnt, sse4a, tsc, tscinvbit, tscinv, bmi1

Memory: 4k page, physical 8337212k(502532k free), swap 12531516k(5348k free)

vm_info: OpenJDK 64-Bit Server VM (25.212-b04) for windows-amd64 JRE (1.8.0_212-release-1586-b04), built by "builder" with MS VC++ 10.0 (VS2010)

time: Mon May 04 00:55:05 2020
timezone: Hora de verano central (México)
elapsed time: 2 seconds (0d 0h 0m 2s)

