#
# There is insufficient memory for the Java Runtime Environment to continue.
# Native memory allocation (malloc) failed to allocate 195536 bytes for Chunk::new
# Possible reasons:
#   The system is out of physical RAM or swap space
#   The process is running with CompressedOops enabled, and the Java Heap may be blocking the growth of the native heap
# Possible solutions:
#   Reduce memory load on the system
#   Increase physical memory or swap space
#   Check if swap backing store is full
#   Decrease Java heap size (-Xmx/-Xms)
#   Decrease number of Java threads
#   Decrease Java thread stack sizes (-Xss)
#   Set larger code cache with -XX:ReservedCodeCacheSize=
#   JVM is running with Unscaled Compressed Oops mode in which the Java heap is
#     placed in the first 4GB address space. The Java Heap base address is the
#     maximum limit for the native heap growth. Please use -XX:HeapBaseMinAddress
#     to set the Java Heap base and to place the Java Heap above 4GB virtual address.
# This output file may be truncated or incomplete.
#
#  Out of Memory Error (allocation.cpp:389), pid=17972, tid=0x0000000000003df0
#
# JRE version: OpenJDK Runtime Environment (8.0_212-b04) (build 1.8.0_212-release-1586-b04)
# Java VM: OpenJDK 64-Bit Server VM (25.212-b04 mixed mode windows-amd64 compressed oops)
# Failed to write core dump. Minidumps are not enabled by default on client versions of Windows
#

---------------  T H R E A D  ---------------

Current thread (0x0000000019370800):  JavaThread "C2 CompilerThread0" daemon [_thread_in_native, id=15856, stack(0x000000001a9d0000,0x000000001aad0000)]

Stack: [0x000000001a9d0000,0x000000001aad0000]
[error occurred during error reporting (printing stack bounds), id 0xc0000005]

Native frames: (J=compiled Java code, j=interpreted, Vv=VM code, C=native code)


Current CompileTask:
C2:   4355 6412       4       org.jetbrains.kotlin.types.TypeUtils::contains (265 bytes)


---------------  P R O C E S S  ---------------

Java Threads: ( => current thread )
  0x0000000019409800 JavaThread "Service Thread" daemon [_thread_blocked, id=17604, stack(0x000000001add0000,0x000000001aed0000)]
  0x0000000019376800 JavaThread "C1 CompilerThread3" daemon [_thread_in_vm, id=16956, stack(0x000000001acd0000,0x000000001add0000)]
  0x000000001936a000 JavaThread "C2 CompilerThread2" daemon [_thread_in_native, id=7300, stack(0x000000001abd0000,0x000000001acd0000)]
  0x0000000019364000 JavaThread "C2 CompilerThread1" daemon [_thread_in_native, id=2424, stack(0x000000001aad0000,0x000000001abd0000)]
=>0x0000000019370800 JavaThread "C2 CompilerThread0" daemon [_thread_in_native, id=15856, stack(0x000000001a9d0000,0x000000001aad0000)]
  0x000000001936f800 JavaThread "Attach Listener" daemon [_thread_blocked, id=6124, stack(0x000000001a8d0000,0x000000001a9d0000)]
  0x000000001936e800 JavaThread "Signal Dispatcher" daemon [_thread_blocked, id=17332, stack(0x000000001a7d0000,0x000000001a8d0000)]
  0x0000000017c82800 JavaThread "Finalizer" daemon [_thread_blocked, id=8572, stack(0x000000001a5b0000,0x000000001a6b0000)]
  0x0000000019353000 JavaThread "Reference Handler" daemon [_thread_blocked, id=2200, stack(0x000000001a4b0000,0x000000001a5b0000)]
  0x0000000002986800 JavaThread "main" [_thread_in_Java, id=8676, stack(0x0000000002820000,0x0000000002920000)]

Other Threads:
  0x0000000002a7d800 VMThread [stack: 0x000000001a3b0000,0x000000001a4b0000] [id=22020]
  0x000000001940a800 WatcherThread [stack: 0x000000001aed0000,0x000000001afd0000] [id=11188]

VM state:not at safepoint (normal execution)

VM Mutex/Monitor currently owned by a thread: None

heap address: 0x0000000080c00000, size: 2036 MB, Compressed Oops mode: 32-bit
Narrow klass base: 0x0000000000000000, Narrow klass shift: 3
Compressed class space size: 1073741824 Address: 0x0000000100000000

Heap:
 PSYoungGen      total 148992K, used 74964K [0x00000000d5980000, 0x00000000e0200000, 0x0000000100000000)
  eden space 133120K, 44% used [0x00000000d5980000,0x00000000d933c4e0,0x00000000ddb80000)
  from space 15872K, 99% used [0x00000000df280000,0x00000000e01f8ea0,0x00000000e0200000)
  to   space 5120K, 0% used [0x00000000ddb80000,0x00000000ddb80000,0x00000000de080000)
 ParOldGen       total 111616K, used 28197K [0x0000000080c00000, 0x0000000087900000, 0x00000000d5980000)
  object space 111616K, 25% used [0x0000000080c00000,0x00000000827897c8,0x0000000087900000)
 Metaspace       used 52443K, capacity 53331K, committed 53760K, reserved 1095680K
  class space    used 6339K, capacity 6575K, committed 6656K, reserved 1048576K

Card table byte_map: [0x0000000011e40000,0x0000000012240000] byte_map_base: 0x0000000011a3a000

Marking Bits: (ParMarkBitMap*) 0x000000006b309f30
 Begin Bits: [0x0000000012ef0000, 0x0000000014ec0000)
 End Bits:   [0x0000000014ec0000, 0x0000000016e90000)

Polling page: 0x00000000005e0000

CodeCache: size=245760Kb used=19442Kb max_used=19912Kb free=226317Kb
 bounds [0x0000000002a80000, 0x0000000003e20000, 0x0000000011a80000]
 total_blobs=6484 nmethods=5980 adapters=414
 compilation: enabled

Compilation events (10 events):
Event: 4.353 Thread 0x0000000019376800 nmethod 6489 0x000000000321fc90 code [0x000000000321fe20, 0x0000000003220268]
Event: 4.353 Thread 0x0000000019376800 6490       3       org.jetbrains.kotlin.renderer.DescriptorRendererOptionsImpl::getModifiers (19 bytes)
Event: 4.353 Thread 0x0000000019376800 nmethod 6490 0x00000000032c7610 code [0x00000000032c7780, 0x00000000032c7ae8]
Event: 4.353 Thread 0x0000000019376800 6484       3       org.jetbrains.kotlin.serialization.deserialization.descriptors.DeserializedClassDescriptor::isInner (23 bytes)
Event: 4.354 Thread 0x0000000019376800 nmethod 6484 0x0000000002f56a90 code [0x0000000002f56d00, 0x0000000002f57e08]
Event: 4.354 Thread 0x0000000019376800 6493       3       org.jetbrains.kotlin.codegen.state.KotlinTypeMapper$typeMappingConfiguration$1::getPredefinedTypeForClass (6 bytes)
Event: 4.354 Thread 0x0000000019376800 nmethod 6493 0x00000000032c6d10 code [0x00000000032c6ea0, 0x00000000032c73f8]
Event: 4.354 Thread 0x0000000019376800 6492       1       org.jetbrains.kotlin.metadata.jvm.JvmProtoBuf$StringTableTypes::getLocalNameList (5 bytes)
Event: 4.354 Thread 0x0000000019376800 nmethod 6492 0x0000000002e219d0 code [0x0000000002e21b20, 0x0000000002e21c30]
Event: 4.354 Thread 0x0000000019376800 6494       3       org.jetbrains.org.objectweb.asm.Type::getMethodDescriptor (66 bytes)

GC Heap History (10 events):
Event: 1.048 GC heap before
{Heap before GC invocations=4 (full 1):
 PSYoungGen      total 71680K, used 5108K [0x00000000d5980000, 0x00000000de580000, 0x0000000100000000)
  eden space 66560K, 0% used [0x00000000d5980000,0x00000000d5980000,0x00000000d9a80000)
  from space 5120K, 99% used [0x00000000d9a80000,0x00000000d9f7d030,0x00000000d9f80000)
  to   space 5120K, 0% used [0x00000000de080000,0x00000000de080000,0x00000000de580000)
 ParOldGen       total 87552K, used 11717K [0x0000000080c00000, 0x0000000086180000, 0x00000000d5980000)
  object space 87552K, 13% used [0x0000000080c00000,0x00000000817715d8,0x0000000086180000)
 Metaspace       used 20749K, capacity 21136K, committed 21296K, reserved 1069056K
  class space    used 2464K, capacity 2623K, committed 2688K, reserved 1048576K
Event: 1.073 GC heap after
Heap after GC invocations=4 (full 1):
 PSYoungGen      total 71680K, used 0K [0x00000000d5980000, 0x00000000de580000, 0x0000000100000000)
  eden space 66560K, 0% used [0x00000000d5980000,0x00000000d5980000,0x00000000d9a80000)
  from space 5120K, 0% used [0x00000000d9a80000,0x00000000d9a80000,0x00000000d9f80000)
  to   space 5120K, 0% used [0x00000000de080000,0x00000000de080000,0x00000000de580000)
 ParOldGen       total 65536K, used 8840K [0x0000000080c00000, 0x0000000084c00000, 0x00000000d5980000)
  object space 65536K, 13% used [0x0000000080c00000,0x00000000814a20a8,0x0000000084c00000)
 Metaspace       used 20749K, capacity 21136K, committed 21296K, reserved 1069056K
  class space    used 2464K, capacity 2623K, committed 2688K, reserved 1048576K
}
Event: 1.745 GC heap before
{Heap before GC invocations=5 (full 1):
 PSYoungGen      total 71680K, used 66560K [0x00000000d5980000, 0x00000000de580000, 0x0000000100000000)
  eden space 66560K, 100% used [0x00000000d5980000,0x00000000d9a80000,0x00000000d9a80000)
  from space 5120K, 0% used [0x00000000d9a80000,0x00000000d9a80000,0x00000000d9f80000)
  to   space 5120K, 0% used [0x00000000de080000,0x00000000de080000,0x00000000de580000)
 ParOldGen       total 65536K, used 8840K [0x0000000080c00000, 0x0000000084c00000, 0x00000000d5980000)
  object space 65536K, 13% used [0x0000000080c00000,0x00000000814a20a8,0x0000000084c00000)
 Metaspace       used 30481K, capacity 31033K, committed 31232K, reserved 1077248K
  class space    used 3899K, capacity 4051K, committed 4096K, reserved 1048576K
Event: 1.755 GC heap after
Heap after GC invocations=5 (full 1):
 PSYoungGen      total 101888K, used 5090K [0x00000000d5980000, 0x00000000de580000, 0x0000000100000000)
  eden space 96768K, 0% used [0x00000000d5980000,0x00000000d5980000,0x00000000db800000)
  from space 5120K, 99% used [0x00000000de080000,0x00000000de578918,0x00000000de580000)
  to   space 5120K, 0% used [0x00000000ddb80000,0x00000000ddb80000,0x00000000de080000)
 ParOldGen       total 65536K, used 20597K [0x0000000080c00000, 0x0000000084c00000, 0x00000000d5980000)
  object space 65536K, 31% used [0x0000000080c00000,0x000000008201d700,0x0000000084c00000)
 Metaspace       used 30481K, capacity 31033K, committed 31232K, reserved 1077248K
  class space    used 3899K, capacity 4051K, committed 4096K, reserved 1048576K
}
Event: 2.048 GC heap before
{Heap before GC invocations=6 (full 1):
 PSYoungGen      total 101888K, used 28699K [0x00000000d5980000, 0x00000000de580000, 0x0000000100000000)
  eden space 96768K, 24% used [0x00000000d5980000,0x00000000d708e690,0x00000000db800000)
  from space 5120K, 99% used [0x00000000de080000,0x00000000de578918,0x00000000de580000)
  to   space 5120K, 0% used [0x00000000ddb80000,0x00000000ddb80000,0x00000000de080000)
 ParOldGen       total 65536K, used 20597K [0x0000000080c00000, 0x0000000084c00000, 0x00000000d5980000)
  object space 65536K, 31% used [0x0000000080c00000,0x000000008201d700,0x0000000084c00000)
 Metaspace       used 34762K, capacity 35283K, committed 35496K, reserved 1081344K
  class space    used 4443K, capacity 4591K, committed 4608K, reserved 1048576K
Event: 2.054 GC heap after
Heap after GC invocations=6 (full 1):
 PSYoungGen      total 138240K, used 5090K [0x00000000d5980000, 0x00000000e0200000, 0x0000000100000000)
  eden space 133120K, 0% used [0x00000000d5980000,0x00000000d5980000,0x00000000ddb80000)
  from space 5120K, 99% used [0x00000000ddb80000,0x00000000de078918,0x00000000de080000)
  to   space 15872K, 0% used [0x00000000df280000,0x00000000df280000,0x00000000e0200000)
 ParOldGen       total 65536K, used 25841K [0x0000000080c00000, 0x0000000084c00000, 0x00000000d5980000)
  object space 65536K, 39% used [0x0000000080c00000,0x000000008253c7d0,0x0000000084c00000)
 Metaspace       used 34762K, capacity 35283K, committed 35496K, reserved 1081344K
  class space    used 4443K, capacity 4591K, committed 4608K, reserved 1048576K
}
Event: 2.054 GC heap before
{Heap before GC invocations=7 (full 2):
 PSYoungGen      total 138240K, used 5090K [0x00000000d5980000, 0x00000000e0200000, 0x0000000100000000)
  eden space 133120K, 0% used [0x00000000d5980000,0x00000000d5980000,0x00000000ddb80000)
  from space 5120K, 99% used [0x00000000ddb80000,0x00000000de078918,0x00000000de080000)
  to   space 15872K, 0% used [0x00000000df280000,0x00000000df280000,0x00000000e0200000)
 ParOldGen       total 65536K, used 25841K [0x0000000080c00000, 0x0000000084c00000, 0x00000000d5980000)
  object space 65536K, 39% used [0x0000000080c00000,0x000000008253c7d0,0x0000000084c00000)
 Metaspace       used 34762K, capacity 35283K, committed 35496K, reserved 1081344K
  class space    used 4443K, capacity 4591K, committed 4608K, reserved 1048576K
Event: 2.091 GC heap after
Heap after GC invocations=7 (full 2):
 PSYoungGen      total 138240K, used 0K [0x00000000d5980000, 0x00000000e0200000, 0x0000000100000000)
  eden space 133120K, 0% used [0x00000000d5980000,0x00000000d5980000,0x00000000ddb80000)
  from space 5120K, 0% used [0x00000000ddb80000,0x00000000ddb80000,0x00000000de080000)
  to   space 15872K, 0% used [0x00000000df280000,0x00000000df280000,0x00000000e0200000)
 ParOldGen       total 111616K, used 18061K [0x0000000080c00000, 0x0000000087900000, 0x00000000d5980000)
  object space 111616K, 16% used [0x0000000080c00000,0x0000000081da3748,0x0000000087900000)
 Metaspace       used 34762K, capacity 35283K, committed 35496K, reserved 1081344K
  class space    used 4443K, capacity 4591K, committed 4608K, reserved 1048576K
}
Event: 3.455 GC heap before
{Heap before GC invocations=8 (full 2):
 PSYoungGen      total 138240K, used 133120K [0x00000000d5980000, 0x00000000e0200000, 0x0000000100000000)
  eden space 133120K, 100% used [0x00000000d5980000,0x00000000ddb80000,0x00000000ddb80000)
  from space 5120K, 0% used [0x00000000ddb80000,0x00000000ddb80000,0x00000000de080000)
  to   space 15872K, 0% used [0x00000000df280000,0x00000000df280000,0x00000000e0200000)
 ParOldGen       total 111616K, used 18061K [0x0000000080c00000, 0x0000000087900000, 0x00000000d5980000)
  object space 111616K, 16% used [0x0000000080c00000,0x0000000081da3748,0x0000000087900000)
 Metaspace       used 44362K, capacity 45117K, committed 45440K, reserved 1089536K
  class space    used 5544K, capacity 5706K, committed 5760K, reserved 1048576K
Event: 3.473 GC heap after
Heap after GC invocations=8 (full 2):
 PSYoungGen      total 148992K, used 15843K [0x00000000d5980000, 0x00000000e0200000, 0x0000000100000000)
  eden space 133120K, 0% used [0x00000000d5980000,0x00000000d5980000,0x00000000ddb80000)
  from space 15872K, 99% used [0x00000000df280000,0x00000000e01f8ea0,0x00000000e0200000)
  to   space 5120K, 0% used [0x00000000ddb80000,0x00000000ddb80000,0x00000000de080000)
 ParOldGen       total 111616K, used 28197K [0x0000000080c00000, 0x0000000087900000, 0x00000000d5980000)
  object space 111616K, 25% used [0x0000000080c00000,0x00000000827897c8,0x0000000087900000)
 Metaspace       used 44362K, capacity 45117K, committed 45440K, reserved 1089536K
  class space    used 5544K, capacity 5706K, committed 5760K, reserved 1048576K
}

Deoptimization events (10 events):
Event: 4.313 Thread 0x0000000002986800 Uncommon trap: reason=class_check action=maybe_recompile pc=0x0000000002fa9af4 method=org.jetbrains.kotlin.resolve.MemberComparator$NameAndTypeMemberComparator.getDeclarationPriority(Lorg/jetbrains/kotlin/descriptors/DeclarationDescriptor;)I @ 28
Event: 4.313 Thread 0x0000000002986800 Uncommon trap: reason=class_check action=maybe_recompile pc=0x0000000002fa9af4 method=org.jetbrains.kotlin.resolve.MemberComparator$NameAndTypeMemberComparator.getDeclarationPriority(Lorg/jetbrains/kotlin/descriptors/DeclarationDescriptor;)I @ 28
Event: 4.313 Thread 0x0000000002986800 Uncommon trap: reason=class_check action=maybe_recompile pc=0x0000000002fa9af4 method=org.jetbrains.kotlin.resolve.MemberComparator$NameAndTypeMemberComparator.getDeclarationPriority(Lorg/jetbrains/kotlin/descriptors/DeclarationDescriptor;)I @ 28
Event: 4.313 Thread 0x0000000002986800 Uncommon trap: reason=class_check action=maybe_recompile pc=0x0000000002fa9af4 method=org.jetbrains.kotlin.resolve.MemberComparator$NameAndTypeMemberComparator.getDeclarationPriority(Lorg/jetbrains/kotlin/descriptors/DeclarationDescriptor;)I @ 28
Event: 4.330 Thread 0x0000000002986800 Uncommon trap: reason=speculate_class_check action=maybe_recompile pc=0x0000000003d718b4 method=java.util.ArrayList.<init>(Ljava/util/Collection;)V @ 36
Event: 4.338 Thread 0x0000000002986800 Uncommon trap: reason=bimorphic action=maybe_recompile pc=0x0000000003255294 method=org.jetbrains.kotlin.resolve.OverridingUtil.collectOverriddenDeclarations(Lorg/jetbrains/kotlin/descriptors/CallableMemberDescriptor;Ljava/util/Set;)V @ 19
Event: 4.338 Thread 0x0000000002986800 Uncommon trap: reason=bimorphic action=maybe_recompile pc=0x0000000003255294 method=org.jetbrains.kotlin.resolve.OverridingUtil.collectOverriddenDeclarations(Lorg/jetbrains/kotlin/descriptors/CallableMemberDescriptor;Ljava/util/Set;)V @ 19
Event: 4.338 Thread 0x0000000002986800 Uncommon trap: reason=bimorphic action=maybe_recompile pc=0x0000000003255294 method=org.jetbrains.kotlin.resolve.OverridingUtil.collectOverriddenDeclarations(Lorg/jetbrains/kotlin/descriptors/CallableMemberDescriptor;Ljava/util/Set;)V @ 19
Event: 4.338 Thread 0x0000000002986800 Uncommon trap: reason=bimorphic action=maybe_recompile pc=0x0000000003255294 method=org.jetbrains.kotlin.resolve.OverridingUtil.collectOverriddenDeclarations(Lorg/jetbrains/kotlin/descriptors/CallableMemberDescriptor;Ljava/util/Set;)V @ 19
Event: 4.353 Thread 0x0000000002986800 Uncommon trap: reason=bimorphic action=maybe_recompile pc=0x00000000032d8b74 method=java.util.regex.Pattern$Start.match(Ljava/util/regex/Matcher;ILjava/lang/CharSequence;)Z @ 44

Classes redefined (0 events):
No events

Internal exceptions (10 events):
Event: 2.538 Thread 0x0000000002986800 Implicit null exception at 0x00000000034d1194 to 0x00000000034d1489
Event: 2.538 Thread 0x0000000002986800 Implicit null exception at 0x00000000034ca82f to 0x00000000034ca86d
Event: 3.440 Thread 0x0000000002986800 Implicit null exception at 0x00000000031c82cc to 0x00000000031c83a9
Event: 3.494 Thread 0x0000000002986800 Exception <a 'java/lang/IncompatibleClassChangeError': Found class java.lang.Object, but interface was expected> (0x00000000d5aae260) thrown at [D:\src\AOSP-openjdk-cygwin\jdk8u\hotspot\src\share\vm\interpreter\linkResolver.cpp, line 653]
Event: 3.820 Thread 0x0000000002986800 Implicit null exception at 0x0000000002cc50d5 to 0x0000000002cc52a9
Event: 3.823 Thread 0x0000000002986800 Implicit null exception at 0x000000000302954c to 0x00000000030295a6
Event: 4.001 Thread 0x0000000002986800 Exception <a 'java/lang/NoSuchMethodError': java.lang.Object.lambda$static$0(Ljava/lang/Throwable;Ljava/lang/String;)V> (0x00000000d77cee80) thrown at [D:\src\AOSP-openjdk-cygwin\jdk8u\hotspot\src\share\vm\interpreter\linkResolver.cpp, line 620]
Event: 4.155 Thread 0x0000000002986800 Exception <a 'java/lang/NoSuchMethodError': java.lang.Object.lambda$static$0(Lorg/jetbrains/kotlin/descriptors/ValueParameterDescriptor;Lorg/jetbrains/kotlin/codegen/ExpressionCodegen;)Lorg/jetbrains/kotlin/codegen/StackValue;> (0x00000000d835d028) thrown
Event: 4.185 Thread 0x0000000002986800 Exception <a 'java/lang/NoSuchMethodError': java.lang.Object.lambda$static$0(Ljava/lang/String;)Z> (0x00000000d85cc7c8) thrown at [D:\src\AOSP-openjdk-cygwin\jdk8u\hotspot\src\share\vm\interpreter\linkResolver.cpp, line 620]
Event: 4.185 Thread 0x0000000002986800 Exception <a 'java/lang/NoSuchMethodError': java.lang.Object.lambda$static$1(Ljava/lang/String;)Z> (0x00000000d85cf078) thrown at [D:\src\AOSP-openjdk-cygwin\jdk8u\hotspot\src\share\vm\interpreter\linkResolver.cpp, line 620]

Events (10 events):
Event: 4.338 Thread 0x0000000002986800 DEOPT UNPACKING pc=0x0000000002ac557b sp=0x000000000291e2b8 mode 2
Event: 4.338 Thread 0x0000000002986800 Uncommon trap: trap_request=0xffffffc6 fr.pc=0x0000000003255294
Event: 4.338 Thread 0x0000000002986800 DEOPT PACKING pc=0x0000000003255294 sp=0x000000000291e370
Event: 4.338 Thread 0x0000000002986800 DEOPT UNPACKING pc=0x0000000002ac557b sp=0x000000000291e338 mode 2
Event: 4.338 Thread 0x0000000002986800 Uncommon trap: trap_request=0xffffffc6 fr.pc=0x0000000003255294
Event: 4.338 Thread 0x0000000002986800 DEOPT PACKING pc=0x0000000003255294 sp=0x000000000291e2e0
Event: 4.338 Thread 0x0000000002986800 DEOPT UNPACKING pc=0x0000000002ac557b sp=0x000000000291e2b8 mode 2
Event: 4.353 Thread 0x0000000002986800 Uncommon trap: trap_request=0xffffffc6 fr.pc=0x00000000032d8b74
Event: 4.353 Thread 0x0000000002986800 DEOPT PACKING pc=0x00000000032d8b74 sp=0x000000000291e4a0
Event: 4.353 Thread 0x0000000002986800 DEOPT UNPACKING pc=0x0000000002ac557b sp=0x000000000291e410 mode 2


Dynamic libraries:
0x00007ff743580000 - 0x00007ff7435b1000 	C:\Program Files\Android\Android Studio\jre\jre\bin\java.exe
0x00007ffee58c0000 - 0x00007ffee5ab0000 	C:\Windows\SYSTEM32\ntdll.dll
0x00007ffee5560000 - 0x00007ffee5612000 	C:\Windows\System32\KERNEL32.DLL
0x00007ffee3420000 - 0x00007ffee36c3000 	C:\Windows\System32\KERNELBASE.dll
0x00007ffee4c00000 - 0x00007ffee4ca3000 	C:\Windows\System32\ADVAPI32.dll
0x00007ffee45b0000 - 0x00007ffee464e000 	C:\Windows\System32\msvcrt.dll
0x00007ffee5250000 - 0x00007ffee52e7000 	C:\Windows\System32\sechost.dll
0x00007ffee5620000 - 0x00007ffee5740000 	C:\Windows\System32\RPCRT4.dll
0x00007ffee49f0000 - 0x00007ffee4b84000 	C:\Windows\System32\USER32.dll
0x00007ffee36d0000 - 0x00007ffee36f1000 	C:\Windows\System32\win32u.dll
0x00007ffee39f0000 - 0x00007ffee3a16000 	C:\Windows\System32\GDI32.dll
0x00007ffee3280000 - 0x00007ffee3414000 	C:\Windows\System32\gdi32full.dll
0x00007ffee2850000 - 0x00007ffee28ee000 	C:\Windows\System32\msvcp_win.dll
0x00007ffee2a00000 - 0x00007ffee2afa000 	C:\Windows\System32\ucrtbase.dll
0x00007ffed5c50000 - 0x00007ffed5ed5000 	C:\Windows\WinSxS\amd64_microsoft.windows.common-controls_6595b64144ccf1df_6.0.18362.778_none_e6c6b761130d4fb8\COMCTL32.dll
0x00007ffee4650000 - 0x00007ffee4986000 	C:\Windows\System32\combase.dll
0x00007ffee2950000 - 0x00007ffee29d0000 	C:\Windows\System32\bcryptPrimitives.dll
0x00007ffee3a50000 - 0x00007ffee3a7e000 	C:\Windows\System32\IMM32.DLL
0x000000006aa60000 - 0x000000006ab32000 	C:\Program Files\Android\Android Studio\jre\jre\bin\msvcr100.dll
0x000000006ab40000 - 0x000000006b386000 	C:\Program Files\Android\Android Studio\jre\jre\bin\server\jvm.dll
0x00007ffee4dd0000 - 0x00007ffee4dd8000 	C:\Windows\System32\PSAPI.DLL
0x00007ffee0840000 - 0x00007ffee0849000 	C:\Windows\SYSTEM32\WSOCK32.dll
0x00007ffee07e0000 - 0x00007ffee0804000 	C:\Windows\SYSTEM32\WINMM.dll
0x00007ffedd280000 - 0x00007ffedd28a000 	C:\Windows\SYSTEM32\VERSION.dll
0x00007ffee4d60000 - 0x00007ffee4dcf000 	C:\Windows\System32\WS2_32.dll
0x00007ffee0780000 - 0x00007ffee07ad000 	C:\Windows\SYSTEM32\WINMMBASE.dll
0x00007ffee37d0000 - 0x00007ffee381a000 	C:\Windows\System32\cfgmgr32.dll
0x00007ffedf220000 - 0x00007ffedf22f000 	C:\Program Files\Android\Android Studio\jre\jre\bin\verify.dll
0x00007ffed88f0000 - 0x00007ffed8919000 	C:\Program Files\Android\Android Studio\jre\jre\bin\java.dll
0x00007ffede8f0000 - 0x00007ffede906000 	C:\Program Files\Android\Android Studio\jre\jre\bin\zip.dll
0x00007ffee3bf0000 - 0x00007ffee42d5000 	C:\Windows\System32\SHELL32.dll
0x00007ffee4500000 - 0x00007ffee45a9000 	C:\Windows\System32\shcore.dll
0x00007ffee2b00000 - 0x00007ffee3280000 	C:\Windows\System32\windows.storage.dll
0x00007ffee2820000 - 0x00007ffee2843000 	C:\Windows\System32\profapi.dll
0x00007ffee27b0000 - 0x00007ffee27fa000 	C:\Windows\System32\powrprof.dll
0x00007ffee2780000 - 0x00007ffee2790000 	C:\Windows\System32\UMPDC.dll
0x00007ffee4990000 - 0x00007ffee49e2000 	C:\Windows\System32\shlwapi.dll
0x00007ffee2790000 - 0x00007ffee27a1000 	C:\Windows\System32\kernel.appcore.dll
0x00007ffee37b0000 - 0x00007ffee37c7000 	C:\Windows\System32\cryptsp.dll
0x00007ffed7270000 - 0x00007ffed728a000 	C:\Program Files\Android\Android Studio\jre\jre\bin\net.dll
0x00007ffed32a0000 - 0x00007ffed3475000 	C:\Windows\SYSTEM32\urlmon.dll
0x00007ffed2820000 - 0x00007ffed2ac6000 	C:\Windows\SYSTEM32\iertutil.dll
0x00007ffee2120000 - 0x00007ffee212c000 	C:\Windows\SYSTEM32\CRYPTBASE.DLL
0x00007ffee1fa0000 - 0x00007ffee2007000 	C:\Windows\system32\mswsock.dll
0x00007ffed7250000 - 0x00007ffed7263000 	C:\Program Files\Android\Android Studio\jre\jre\bin\nio.dll

VM Arguments:
java_command: org.jetbrains.kotlin.cli.jvm.K2JVMCompiler -Xallow-no-source-files -classpath D:\SiReMu\Cliente_Android\app\build\intermediates\compile_and_runtime_not_namespaced_r_class_jar\debug\R.jar;C:\Users\IS Infinite Stratos\.gradle\caches\transforms-2\files-2.1\ac133f4f7b59ea808d5dde8f87520393\jetified-kotlin-android-extensions-runtime-1.3.61.jar;C:\Users\IS Infinite Stratos\.gradle\caches\transforms-2\files-2.1\e249d585a9e0aaea80ea7d36d9b03247\jetified-kotlin-stdlib-jdk7-1.3.61.jar;C:\Users\IS Infinite Stratos\.gradle\caches\transforms-2\files-2.1\20f2a71d67afd3f1f98a16777407c8f8\jetified-core-ktx-1.0.2-api.jar;C:\Users\IS Infinite Stratos\.gradle\caches\transforms-2\files-2.1\d6ccefdcf0350bed2fe2f0df7cec2ac2\jetified-kotlin-stdlib-1.3.61.jar;C:\Users\IS Infinite Stratos\.gradle\caches\transforms-2\files-2.1\511357db57332c0406f045438e0d7a70\jetified-kotlin-stdlib-common-1.3.61.jar;C:\Users\IS Infinite Stratos\.gradle\caches\transforms-2\files-2.1\67a68da6377c1fe62da3f856ae16ad16\jetified-annotations-13.0.jar;C:\Users\IS Infinite Stratos\.gradle\caches\transforms-2\files-2.1\430639de695edd425cebdf1cc7072c7d\material-1.0.0-api.jar;C:\Users\IS Infinite Stratos\.gradle\caches\transforms-2\files-2.1\26251c872424f803c0c5ee3c3962b0fe\appcompat-1.1.0-api.jar;C:\Users\IS Infinite Stratos\.gradle\caches\transforms-2\files-2.1\513522c2bb068bcf33105fff04bfaf68\lifecycle-extensions-2.0.0-api.jar;C:\Users\IS Infinite Stratos\.gradle\caches\transforms-2\files-2.1\3e5a85307b5245d9b9f194828d813a33\fragment-1.1.0-api.jar;C:\Users\IS Infinite Stratos\.gradle\caches\transforms-2\files-2.1\dc962f76f566c30e1f0d0b922a43481a\jetified-appcompat-resources-1.1.0-api.jar;C:\Users\IS Infinite Stratos\.gradle\caches\transforms-2\files-2.1\a83dba59f759350fe1f3ec7b0c11c956\recyclerview-1.0.0-api.jar;C:\Users\IS Infinite Stratos\.gradle\caches\transforms-2\files-2.1\0926ea520a5e4ee476e5c0b7f0c64db3\legacy-support-core-ui-1.0.0-api.jar;C:\Users\IS Infinite Stratos\.gradle\caches\transforms-
java_class_path (initial): C:\Users\IS Infinite Stratos\.gradle\caches\modules-2\files-2.1\org.jetbrains.kotlin\kotlin-compiler-embeddable\1.3.61\c35c0833d5a1e3d229359758482c480306724618\kotlin-compiler-embeddable-1.3.61.jar;C:\Users\IS Infinite Stratos\.gradle\caches\modules-2\files-2.1\org.jetbrains.kotlin\kotlin-reflect\1.3.61\2e07c9a84c9e118efb70eede7e579fd663932122\kotlin-reflect-1.3.61.jar;C:\Users\IS Infinite Stratos\.gradle\caches\modules-2\files-2.1\org.jetbrains.kotlin\kotlin-stdlib\1.3.61\4702105e97f7396ae41b113fdbdc180ec1eb1e36\kotlin-stdlib-1.3.61.jar;C:\Users\IS Infinite Stratos\.gradle\caches\modules-2\files-2.1\org.jetbrains.kotlin\kotlin-script-runtime\1.3.61\e5feb39c8de63dcbdc1154b34ca4413874231605\kotlin-script-runtime-1.3.61.jar;C:\Users\IS Infinite Stratos\.gradle\caches\modules-2\files-2.1\org.jetbrains.kotlin\kotlin-daemon-embeddable\1.3.61\4de83e41a92c8395d89ab2e81d26b788ba163824\kotlin-daemon-embeddable-1.3.61.jar;C:\Users\IS Infinite Stratos\.gradle\caches\modules-2\files-2.1\org.jetbrains.intellij.deps\trove4j\1.0.20181211\216c2e14b070f334479d800987affe4054cd563f\trove4j-1.0.20181211.jar;C:\Users\IS Infinite Stratos\.gradle\caches\modules-2\files-2.1\org.jetbrains.kotlin\kotlin-stdlib-common\1.3.61\65abb71d5afb850b68be03987b08e2c864ca3110\kotlin-stdlib-common-1.3.61.jar;C:\Users\IS Infinite Stratos\.gradle\caches\modules-2\files-2.1\org.jetbrains\annotations\13.0\919f0dfe192fb4e063e7dacadee7f8bb9a2672a9\annotations-13.0.jar;C:\Program Files\Android\Android Studio\jre\lib\tools.jar
Launcher Type: SUN_STANDARD

Environment Variables:
PATH=C:\Program Files (x86)\Common Files\Oracle\Java\javapath;C:\Windows\system32;C:\Windows;C:\Program Files\Java\jdk-14\bin;C:\Windows\System32\Wbem;C:\Windows\System32\WindowsPowerShell\v1.0\;C:\Windows\System32\OpenSSH\;C:\Program Files (x86)\NVIDIA Corporation\PhysX\Common;C:\Program Files\NVIDIA Corporation\NVIDIA NvDLISR;C:\Program Files\dotnet\;C:\Program Files\Microsoft SQL Server\130\Tools\Binn\;C:\Program Files\Microsoft SQL Server\Client SDK\ODBC\170\Tools\Binn\;C:\Program Files\Git\cmd;C:\Program Files (x86)\Microsoft SQL Server\140\Tools\Binn\;C:\Program Files\Microsoft SQL Server\140\Tools\Binn\;C:\Program Files (x86)\Microsoft SQL Server\140\DTS\Binn\;C:\Program Files\Microsoft SQL Server\140\DTS\Binn\;C:\Program Files\Microsoft SQL Server\Client SDK\ODBC\130\Tools\Binn\;C:\Program Files (x86)\Microsoft SQL Server\150\DTS\Binn\;C:\HashiCorp\Vagrant\bin;C:\Ruby26-x64\bin;C:\Users\IS Infinite Stratos\AppData\Local\Microsoft\WindowsApps;C:\Users\IS Infinite Stratos\AppData\Local\Programs\Microsoft VS Code\bin
USERNAME=IS Vega
OS=Windows_NT
PROCESSOR_IDENTIFIER=AMD64 Family 23 Model 8 Stepping 2, AuthenticAMD



---------------  S Y S T E M  ---------------

OS: Windows 10.0 , 64 bit Build 18362 (10.0.18362.778)

CPU:total 12 (initial active 12) (12 cores per cpu, 1 threads per core) family 23 model 8 stepping 2, cmov, cx8, fxsr, mmx, sse, sse2, sse3, ssse3, sse4.1, sse4.2, popcnt, avx, avx2, aes, clmul, mmxext, 3dnowpref, lzcnt, sse4a, tsc, tscinvbit, tscinv, bmi1

Memory: 4k page, physical 8337212k(585844k free), swap 12531516k(5264k free)

vm_info: OpenJDK 64-Bit Server VM (25.212-b04) for windows-amd64 JRE (1.8.0_212-release-1586-b04), built by "builder" with MS VC++ 10.0 (VS2010)

time: Mon May 04 10:07:20 2020
timezone: Hora de verano central (México)
elapsed time: 4 seconds (0d 0h 0m 4s)

