#
# There is insufficient memory for the Java Runtime Environment to continue.
# Native memory allocation (malloc) failed to allocate 590896 bytes for Chunk::new
# Possible reasons:
#   The system is out of physical RAM or swap space
#   The process is running with CompressedOops enabled, and the Java Heap may be blocking the growth of the native heap
# Possible solutions:
#   Reduce memory load on the system
#   Increase physical memory or swap space
#   Check if swap backing store is full
#   Decrease Java heap size (-Xmx/-Xms)
#   Decrease number of Java threads
#   Decrease Java thread stack sizes (-Xss)
#   Set larger code cache with -XX:ReservedCodeCacheSize=
#   JVM is running with Unscaled Compressed Oops mode in which the Java heap is
#     placed in the first 4GB address space. The Java Heap base address is the
#     maximum limit for the native heap growth. Please use -XX:HeapBaseMinAddress
#     to set the Java Heap base and to place the Java Heap above 4GB virtual address.
# This output file may be truncated or incomplete.
#
#  Out of Memory Error (allocation.cpp:389), pid=14956, tid=0x00000000000026d0
#
# JRE version: OpenJDK Runtime Environment (8.0_212-b04) (build 1.8.0_212-release-1586-b04)
# Java VM: OpenJDK 64-Bit Server VM (25.212-b04 mixed mode windows-amd64 compressed oops)
# Failed to write core dump. Minidumps are not enabled by default on client versions of Windows
#

---------------  T H R E A D  ---------------

Current thread (0x0000000017c6e000):  JavaThread "C2 CompilerThread2" daemon [_thread_in_native, id=9936, stack(0x00000000194d0000,0x00000000195d0000)]

Stack: [0x00000000194d0000,0x00000000195d0000]
[error occurred during error reporting (printing stack bounds), id 0xc0000005]

Native frames: (J=compiled Java code, j=interpreted, Vv=VM code, C=native code)


Current CompileTask:
C2: 357824 21472   !   4       java.io.ObjectInputStream::readSerialData (367 bytes)


---------------  P R O C E S S  ---------------

Java Threads: ( => current thread )
  0x0000000023d69800 JavaThread "stdout" [_thread_in_native, id=17068, stack(0x000000002e7b0000,0x000000002e8b0000)]
  0x0000000023d68800 JavaThread "stderr" [_thread_in_native, id=14496, stack(0x000000002e6b0000,0x000000002e7b0000)]
  0x0000000023d62800 JavaThread "stdout" [_thread_in_native, id=11340, stack(0x000000002e1b0000,0x000000002e2b0000)]
  0x0000000023d64000 JavaThread "stderr" [_thread_in_native, id=13960, stack(0x000000002e0b0000,0x000000002e1b0000)]
  0x0000000023d68000 JavaThread "stdout" [_thread_in_native, id=21916, stack(0x000000002dfb0000,0x000000002e0b0000)]
  0x0000000023d5b000 JavaThread "stderr" [_thread_in_native, id=19940, stack(0x000000002deb0000,0x000000002dfb0000)]
  0x0000000023d62000 JavaThread "pool-7-thread-1" [_thread_blocked, id=12792, stack(0x000000002a320000,0x000000002a420000)]
  0x0000000023d5a800 JavaThread "WorkerExecutor Queue Thread 12" [_thread_blocked, id=2768, stack(0x000000002a940000,0x000000002aa40000)]
  0x000000001fa27800 JavaThread "WorkerExecutor Queue Thread 11" [_thread_blocked, id=19072, stack(0x000000002a840000,0x000000002a940000)]
  0x000000001fa26800 JavaThread "WorkerExecutor Queue Thread 10" [_thread_blocked, id=692, stack(0x000000002a740000,0x000000002a840000)]
  0x000000001fa24800 JavaThread "WorkerExecutor Queue Thread 9" [_thread_blocked, id=696, stack(0x000000002a640000,0x000000002a740000)]
  0x000000001fa2a800 JavaThread "WorkerExecutor Queue Thread 8" [_thread_blocked, id=3652, stack(0x000000002a220000,0x000000002a320000)]
  0x000000001fa23000 JavaThread "MarlinRenderer Disposer" daemon [_thread_blocked, id=16032, stack(0x000000002a120000,0x000000002a220000)]
  0x000000001fa29800 JavaThread "Java2D Disposer" daemon [_thread_blocked, id=23344, stack(0x0000000029520000,0x0000000029620000)]
  0x000000001fa26000 JavaThread "WorkerExecutor Queue Thread 7" [_thread_blocked, id=18932, stack(0x0000000029120000,0x0000000029220000)]
  0x000000001fa29000 JavaThread "WorkerExecutor Queue Thread 6" [_thread_blocked, id=8584, stack(0x0000000029020000,0x0000000029120000)]
  0x000000001fa23800 JavaThread "WorkerExecutor Queue Thread 5" [_thread_blocked, id=17992, stack(0x0000000028f20000,0x0000000029020000)]
  0x000000001fa25000 JavaThread "WorkerExecutor Queue Thread 4" [_thread_blocked, id=16292, stack(0x0000000028e20000,0x0000000028f20000)]
  0x000000001fa1b800 JavaThread "WorkerExecutor Queue Thread 3" [_thread_blocked, id=15096, stack(0x0000000028920000,0x0000000028a20000)]
  0x000000001fa20800 JavaThread "WorkerExecutor Queue Thread 2" [_thread_in_vm, id=7880, stack(0x0000000028420000,0x0000000028520000)]
  0x000000001fa1e800 JavaThread "WorkerExecutor Queue" [_thread_blocked, id=6000, stack(0x0000000028220000,0x0000000028320000)]
  0x000000001db05000 JavaThread "Cache worker for execution history cache (D:\SiReMu\Cliente_Android\.gradle\5.6.4\executionHistory)" [_thread_blocked, id=21328, stack(0x0000000027f20000,0x0000000028020000)]
  0x000000001db03800 JavaThread "Execution worker for ':' Thread 11" [_thread_blocked, id=6228, stack(0x0000000027e20000,0x0000000027f20000)]
  0x000000001db07800 JavaThread "Execution worker for ':' Thread 10" [_thread_blocked, id=16608, stack(0x0000000027d20000,0x0000000027e20000)]
  0x000000001db03000 JavaThread "Execution worker for ':' Thread 9" [_thread_blocked, id=21264, stack(0x0000000027c20000,0x0000000027d20000)]
  0x000000001db06800 JavaThread "Execution worker for ':' Thread 8" [_thread_blocked, id=7520, stack(0x0000000027820000,0x0000000027920000)]
  0x000000001db02000 JavaThread "Execution worker for ':' Thread 7" [_thread_in_vm, id=13044, stack(0x0000000027020000,0x0000000027120000)]
  0x000000001db06000 JavaThread "Execution worker for ':' Thread 6" [_thread_blocked, id=8576, stack(0x0000000025d50000,0x0000000025e50000)]
  0x000000001db04800 JavaThread "Execution worker for ':' Thread 5" [_thread_blocked, id=11536, stack(0x0000000025c50000,0x0000000025d50000)]
  0x000000001dafa000 JavaThread "Execution worker for ':' Thread 4" [_thread_blocked, id=9280, stack(0x0000000025b50000,0x0000000025c50000)]
  0x000000001dafd800 JavaThread "Execution worker for ':' Thread 3" [_thread_blocked, id=3200, stack(0x0000000025a50000,0x0000000025b50000)]
  0x000000001db00800 JavaThread "Execution worker for ':' Thread 2" [_thread_blocked, id=6544, stack(0x0000000025950000,0x0000000025a50000)]
  0x000000001dafd000 JavaThread "Execution worker for ':'" [_thread_blocked, id=11628, stack(0x0000000024e50000,0x0000000024f50000)]
  0x000000001dafa800 JavaThread "Cache worker for file content cache (D:\SiReMu\Cliente_Android\.gradle\5.6.4\fileContent)" [_thread_blocked, id=18116, stack(0x0000000022f80000,0x0000000023080000)]
  0x000000001daff000 JavaThread "Cache worker for Build Output Cleanup Cache (D:\SiReMu\Cliente_Android\.gradle\buildOutputCleanup)" [_thread_blocked, id=8432, stack(0x0000000022880000,0x0000000022980000)]
  0x000000001db00000 JavaThread "Build operations Thread 12" [_thread_blocked, id=4840, stack(0x0000000022780000,0x0000000022880000)]
  0x000000001daf8800 JavaThread "Build operations Thread 11" [_thread_blocked, id=21256, stack(0x0000000022680000,0x0000000022780000)]
  0x000000001dafb800 JavaThread "Build operations Thread 10" [_thread_blocked, id=17664, stack(0x0000000022580000,0x0000000022680000)]
  0x000000001dafe800 JavaThread "Build operations Thread 9" [_thread_blocked, id=3896, stack(0x0000000022480000,0x0000000022580000)]
  0x000000001daf9000 JavaThread "Build operations Thread 8" [_thread_blocked, id=14948, stack(0x0000000022380000,0x0000000022480000)]
  0x000000001e5d5000 JavaThread "Build operations Thread 7" [_thread_blocked, id=22724, stack(0x0000000022280000,0x0000000022380000)]
  0x000000001e5db800 JavaThread "Build operations Thread 6" [_thread_blocked, id=15692, stack(0x0000000022180000,0x0000000022280000)]
  0x000000001e5d6800 JavaThread "Build operations Thread 5" [_thread_blocked, id=15092, stack(0x0000000022080000,0x0000000022180000)]
  0x000000001e5da000 JavaThread "Build operations Thread 4" [_thread_blocked, id=9360, stack(0x0000000021f80000,0x0000000022080000)]
  0x000000001e5d2800 JavaThread "Build operations Thread 3" [_thread_blocked, id=19048, stack(0x0000000021e80000,0x0000000021f80000)]
  0x000000001e5d3800 JavaThread "Build operations Thread 2" [_thread_blocked, id=23160, stack(0x0000000021a30000,0x0000000021b30000)]
  0x000000001e5d2000 JavaThread "Build operations" [_thread_blocked, id=1788, stack(0x0000000020960000,0x0000000020a60000)]
  0x000000001e5d4000 JavaThread "Cache worker for cache directory md-rule (C:\Users\IS Infinite Stratos\.gradle\caches\5.6.4\md-rule)" [_thread_blocked, id=17332, stack(0x000000001fc10000,0x000000001fd10000)]
  0x000000001e5d8000 JavaThread "Cache worker for cache directory md-supplier (C:\Users\IS Infinite Stratos\.gradle\caches\5.6.4\md-supplier)" [_thread_blocked, id=17684, stack(0x000000001e8f0000,0x000000001e9f0000)]
  0x000000001e5d7000 JavaThread "Cache worker for file hash cache (D:\SiReMu\Cliente_Android\.gradle\5.6.4\fileHashes)" [_thread_blocked, id=14528, stack(0x000000001d320000,0x000000001d420000)]
  0x000000001e5cc800 JavaThread "Thread-167" [_thread_blocked, id=17256, stack(0x000000001d020000,0x000000001d120000)]
  0x000000001e5cd800 JavaThread "Stdin handler" [_thread_blocked, id=10596, stack(0x000000001ce20000,0x000000001cf20000)]
  0x000000001e5d1000 JavaThread "Asynchronous log dispatcher for DefaultDaemonConnection: socket connection from /127.0.0.1:58496 to /127.0.0.1:59101" [_thread_blocked, id=4876, stack(0x000000001cb20000,0x000000001cc20000)]
  0x000000001e5d0800 JavaThread "Daemon worker Thread 3" [_thread_blocked, id=11452, stack(0x000000001ca20000,0x000000001cb20000)]
  0x000000001e5cf800 JavaThread "Cancel handler" [_thread_blocked, id=6176, stack(0x0000000000910000,0x0000000000a10000)]
  0x000000001e5cf000 JavaThread "Handler for socket connection from /127.0.0.1:58496 to /127.0.0.1:59101" [_thread_in_native, id=17624, stack(0x0000000000810000,0x0000000000910000)]
  0x000000001e5ce000 JavaThread "Daemon Thread 3" [_thread_blocked, id=8280, stack(0x0000000000710000,0x0000000000810000)]
  0x000000001b5f8000 JavaThread "Cache worker for Java compile cache (C:\Users\IS Infinite Stratos\.gradle\caches\5.6.4\javaCompile)" [_thread_blocked, id=23168, stack(0x0000000028320000,0x0000000028420000)]
  0x000000001fa1f000 JavaThread "RMI Reaper" [_thread_blocked, id=12060, stack(0x0000000027b20000,0x0000000027c20000)]
  0x000000001fa1c000 JavaThread "RMI TCP Accept-0" daemon [_thread_in_native, id=2584, stack(0x0000000027a20000,0x0000000027b20000)]
  0x000000001fa1d800 JavaThread "GC Daemon" daemon [_thread_blocked, id=11788, stack(0x0000000027920000,0x0000000027a20000)]
  0x000000001a40a000 JavaThread "RMI Scheduler(0)" daemon [_thread_blocked, id=16588, stack(0x0000000027720000,0x0000000027820000)]
  0x000000001e5d9800 JavaThread "Cache worker for file content cache (C:\Users\IS Infinite Stratos\.gradle\caches\5.6.4\fileContent)" [_thread_blocked, id=2500, stack(0x0000000024d50000,0x0000000024e50000)]
  0x000000001e5db000 JavaThread "Memory manager" [_thread_blocked, id=15768, stack(0x0000000024c50000,0x0000000024d50000)]
  0x000000001b5fe800 JavaThread "Cache worker for execution history cache (C:\Users\IS Infinite Stratos\.gradle\caches\5.6.4\executionHistory)" [_thread_blocked, id=11568, stack(0x0000000021b80000,0x0000000021c80000)]
  0x000000001b5fc800 JavaThread "Cache worker for journal cache (C:\Users\IS Infinite Stratos\.gradle\caches\journal-1)" [_thread_blocked, id=9944, stack(0x000000001d820000,0x000000001d920000)]
  0x000000001b5f8800 JavaThread "File lock request listener" [_thread_in_native, id=19336, stack(0x000000001d720000,0x000000001d820000)]
  0x000000001b448800 JavaThread "Cache worker for file hash cache (C:\Users\IS Infinite Stratos\.gradle\caches\5.6.4\fileHashes)" [_thread_blocked, id=16208, stack(0x000000001d620000,0x000000001d720000)]
  0x000000001b284000 JavaThread "Daemon periodic checks" [_thread_blocked, id=8060, stack(0x000000001c920000,0x000000001ca20000)]
  0x000000001b280000 JavaThread "Incoming local TCP Connector on port 58496" [_thread_in_native, id=18144, stack(0x000000001c6b0000,0x000000001c7b0000)]
  0x0000000017e98000 JavaThread "Daemon health stats" [_thread_blocked, id=19160, stack(0x000000001c070000,0x000000001c170000)]
  0x0000000017cb5000 JavaThread "Service Thread" daemon [_thread_blocked, id=21860, stack(0x00000000196d0000,0x00000000197d0000)]
  0x0000000017c6e800 JavaThread "C1 CompilerThread3" daemon [_thread_blocked, id=10044, stack(0x00000000195d0000,0x00000000196d0000)]
=>0x0000000017c6e000 JavaThread "C2 CompilerThread2" daemon [_thread_in_native, id=9936, stack(0x00000000194d0000,0x00000000195d0000)]
  0x0000000017c64800 JavaThread "C2 CompilerThread1" daemon [_thread_in_native, id=19720, stack(0x00000000193d0000,0x00000000194d0000)]
  0x0000000017c5e000 JavaThread "C2 CompilerThread0" daemon [_thread_in_native, id=16860, stack(0x00000000192d0000,0x00000000193d0000)]
  0x0000000017c5c000 JavaThread "Attach Listener" daemon [_thread_blocked, id=9364, stack(0x00000000191d0000,0x00000000192d0000)]
  0x0000000017c59000 JavaThread "Signal Dispatcher" daemon [_thread_blocked, id=11116, stack(0x00000000190d0000,0x00000000191d0000)]
  0x00000000025ba000 JavaThread "Finalizer" daemon [_thread_blocked, id=16256, stack(0x0000000018eb0000,0x0000000018fb0000)]
  0x000000001657c800 JavaThread "Reference Handler" daemon [_thread_blocked, id=13484, stack(0x0000000018db0000,0x0000000018eb0000)]
  0x00000000024c2800 JavaThread "main" [_thread_blocked, id=11092, stack(0x00000000023c0000,0x00000000024c0000)]

Other Threads:
  0x0000000016575800 VMThread [stack: 0x0000000018cb0000,0x0000000018db0000] [id=1724]
  0x0000000017cb5800 WatcherThread [stack: 0x00000000197d0000,0x00000000198d0000] [id=10100]

VM state:not at safepoint (normal execution)

VM Mutex/Monitor currently owned by a thread: None

heap address: 0x00000000a0000000, size: 1536 MB, Compressed Oops mode: 32-bit
Narrow klass base: 0x0000000000000000, Narrow klass shift: 3
Compressed class space size: 1073741824 Address: 0x0000000100000000

Heap:
 PSYoungGen      total 394240K, used 223352K [0x00000000e0000000, 0x0000000100000000, 0x0000000100000000)
  eden space 333824K, 66% used [0x00000000e0000000,0x00000000eda1e350,0x00000000f4600000)
  from space 60416K, 0% used [0x00000000f9900000,0x00000000f9900000,0x00000000fd400000)
  to   space 84992K, 0% used [0x00000000f4600000,0x00000000f4600000,0x00000000f9900000)
 ParOldGen       total 157184K, used 68896K [0x00000000a0000000, 0x00000000a9980000, 0x00000000e0000000)
  object space 157184K, 43% used [0x00000000a0000000,0x00000000a43483a0,0x00000000a9980000)
 Metaspace       used 100233K, capacity 104652K, committed 108032K, reserved 1142784K
  class space    used 12945K, capacity 13789K, committed 14592K, reserved 1048576K

Card table byte_map: [0x0000000011980000,0x0000000011c90000] byte_map_base: 0x0000000011480000

Marking Bits: (ParMarkBitMap*) 0x000000006b309f30
 Begin Bits: [0x0000000012890000, 0x0000000014090000)
 End Bits:   [0x0000000014090000, 0x0000000015890000)

Polling page: 0x00000000005d0000

CodeCache: size=245760Kb used=56845Kb max_used=56876Kb free=188914Kb
 bounds [0x00000000025c0000, 0x0000000005d90000, 0x00000000115c0000]
 total_blobs=18159 nmethods=17127 adapters=942
 compilation: enabled

Compilation events (10 events):
Event: 357.782 Thread 0x0000000017c6e800 nmethod 21515 0x0000000005d75050 code [0x0000000005d751a0, 0x0000000005d753d0]
Event: 357.783 Thread 0x0000000017c6e800 21514       2       org.gradle.api.internal.provider.AbstractMinimalProvider$FlatMapProvider::get (21 bytes)
Event: 357.784 Thread 0x0000000017c6e800 nmethod 21514 0x0000000005d75490 code [0x0000000005d75620, 0x0000000005d758f8]
Event: 357.809 Thread 0x0000000017c64800 nmethod 21290% 0x0000000005d7e3d0 code [0x0000000005d7e760, 0x0000000005d811e0]
Event: 357.810 Thread 0x0000000017c5e000 nmethod 21466 0x0000000005d84c10 code [0x0000000005d85300, 0x0000000005d89450]
Event: 357.810 Thread 0x0000000017c5e000 21470       4       java.io.ObjectStreamClass$FieldReflector::setPrimFieldValues (329 bytes)
Event: 357.811 Thread 0x0000000017c64800 21480   !   4       java.io.ObjectInputStream::readObject (130 bytes)
Event: 357.818 Thread 0x0000000017c5e000 nmethod 21470 0x0000000005d7c050 code [0x0000000005d7c300, 0x0000000005d7c8e8]
Event: 357.820 Thread 0x0000000017c5e000 21481       4       java.io.ObjectInputStream$BlockDataInputStream::currentBlockRemaining (41 bytes)
Event: 357.821 Thread 0x0000000017c5e000 nmethod 21481 0x00000000044cc810 code [0x00000000044cc940, 0x00000000044cc9d8]

GC Heap History (10 events):
Event: 174.609 GC heap before
{Heap before GC invocations=21 (full 3):
 PSYoungGen      total 297472K, used 269272K [0x00000000e0000000, 0x00000000f7a00000, 0x0000000100000000)
  eden space 250368K, 100% used [0x00000000e0000000,0x00000000ef480000,0x00000000ef480000)
  from space 47104K, 40% used [0x00000000ef480000,0x00000000f06f6078,0x00000000f2280000)
  to   space 44544K, 0% used [0x00000000f4e80000,0x00000000f4e80000,0x00000000f7a00000)
 ParOldGen       total 157184K, used 74390K [0x00000000a0000000, 0x00000000a9980000, 0x00000000e0000000)
  object space 157184K, 47% used [0x00000000a0000000,0x00000000a48a5b78,0x00000000a9980000)
 Metaspace       used 90622K, capacity 97052K, committed 97280K, reserved 1132544K
  class space    used 12199K, capacity 13283K, committed 13312K, reserved 1048576K
Event: 174.622 GC heap after
Heap after GC invocations=21 (full 3):
 PSYoungGen      total 331264K, used 17116K [0x00000000e0000000, 0x00000000f7300000, 0x0000000100000000)
  eden space 293888K, 0% used [0x00000000e0000000,0x00000000e0000000,0x00000000f1f00000)
  from space 37376K, 45% used [0x00000000f4e80000,0x00000000f5f37188,0x00000000f7300000)
  to   space 43008K, 0% used [0x00000000f1f00000,0x00000000f1f00000,0x00000000f4900000)
 ParOldGen       total 157184K, used 74398K [0x00000000a0000000, 0x00000000a9980000, 0x00000000e0000000)
  object space 157184K, 47% used [0x00000000a0000000,0x00000000a48a7b78,0x00000000a9980000)
 Metaspace       used 90622K, capacity 97052K, committed 97280K, reserved 1132544K
  class space    used 12199K, capacity 13283K, committed 13312K, reserved 1048576K
}
Event: 176.095 GC heap before
{Heap before GC invocations=22 (full 3):
 PSYoungGen      total 331264K, used 306970K [0x00000000e0000000, 0x00000000f7300000, 0x0000000100000000)
  eden space 293888K, 98% used [0x00000000e0000000,0x00000000f1b0f9e8,0x00000000f1f00000)
  from space 37376K, 45% used [0x00000000f4e80000,0x00000000f5f37188,0x00000000f7300000)
  to   space 43008K, 0% used [0x00000000f1f00000,0x00000000f1f00000,0x00000000f4900000)
 ParOldGen       total 157184K, used 74398K [0x00000000a0000000, 0x00000000a9980000, 0x00000000e0000000)
  object space 157184K, 47% used [0x00000000a0000000,0x00000000a48a7b78,0x00000000a9980000)
 Metaspace       used 91573K, capacity 98242K, committed 98432K, reserved 1134592K
  class space    used 12278K, capacity 13416K, committed 13440K, reserved 1048576K
Event: 176.255 GC heap after
Heap after GC invocations=22 (full 3):
 PSYoungGen      total 336896K, used 42978K [0x00000000e0000000, 0x00000000fd400000, 0x0000000100000000)
  eden space 293888K, 0% used [0x00000000e0000000,0x00000000e0000000,0x00000000f1f00000)
  from space 43008K, 99% used [0x00000000f1f00000,0x00000000f48f89d8,0x00000000f4900000)
  to   space 60416K, 0% used [0x00000000f9900000,0x00000000f9900000,0x00000000fd400000)
 ParOldGen       total 157184K, used 105185K [0x00000000a0000000, 0x00000000a9980000, 0x00000000e0000000)
  object space 157184K, 66% used [0x00000000a0000000,0x00000000a66b8788,0x00000000a9980000)
 Metaspace       used 91573K, capacity 98242K, committed 98432K, reserved 1134592K
  class space    used 12278K, capacity 13416K, committed 13440K, reserved 1048576K
}
Event: 178.374 GC heap before
{Heap before GC invocations=23 (full 3):
 PSYoungGen      total 336896K, used 336866K [0x00000000e0000000, 0x00000000fd400000, 0x0000000100000000)
  eden space 293888K, 100% used [0x00000000e0000000,0x00000000f1f00000,0x00000000f1f00000)
  from space 43008K, 99% used [0x00000000f1f00000,0x00000000f48f89d8,0x00000000f4900000)
  to   space 60416K, 0% used [0x00000000f9900000,0x00000000f9900000,0x00000000fd400000)
 ParOldGen       total 157184K, used 105185K [0x00000000a0000000, 0x00000000a9980000, 0x00000000e0000000)
  object space 157184K, 66% used [0x00000000a0000000,0x00000000a66b8788,0x00000000a9980000)
 Metaspace       used 91629K, capacity 98314K, committed 98432K, reserved 1134592K
  class space    used 12279K, capacity 13416K, committed 13440K, reserved 1048576K
Event: 178.622 GC heap after
Heap after GC invocations=23 (full 3):
 PSYoungGen      total 394240K, used 60388K [0x00000000e0000000, 0x0000000100000000, 0x0000000100000000)
  eden space 333824K, 0% used [0x00000000e0000000,0x00000000e0000000,0x00000000f4600000)
  from space 60416K, 99% used [0x00000000f9900000,0x00000000fd3f9340,0x00000000fd400000)
  to   space 84992K, 0% used [0x00000000f4600000,0x00000000f4600000,0x00000000f9900000)
 ParOldGen       total 157184K, used 145018K [0x00000000a0000000, 0x00000000a9980000, 0x00000000e0000000)
  object space 157184K, 92% used [0x00000000a0000000,0x00000000a8d9eaf8,0x00000000a9980000)
 Metaspace       used 91629K, capacity 98314K, committed 98432K, reserved 1134592K
  class space    used 12279K, capacity 13416K, committed 13440K, reserved 1048576K
}
Event: 178.622 GC heap before
{Heap before GC invocations=24 (full 4):
 PSYoungGen      total 394240K, used 60388K [0x00000000e0000000, 0x0000000100000000, 0x0000000100000000)
  eden space 333824K, 0% used [0x00000000e0000000,0x00000000e0000000,0x00000000f4600000)
  from space 60416K, 99% used [0x00000000f9900000,0x00000000fd3f9340,0x00000000fd400000)
  to   space 84992K, 0% used [0x00000000f4600000,0x00000000f4600000,0x00000000f9900000)
 ParOldGen       total 157184K, used 145018K [0x00000000a0000000, 0x00000000a9980000, 0x00000000e0000000)
  object space 157184K, 92% used [0x00000000a0000000,0x00000000a8d9eaf8,0x00000000a9980000)
 Metaspace       used 91629K, capacity 98314K, committed 98432K, reserved 1134592K
  class space    used 12279K, capacity 13416K, committed 13440K, reserved 1048576K
Event: 180.052 GC heap after
Heap after GC invocations=24 (full 4):
 PSYoungGen      total 394240K, used 0K [0x00000000e0000000, 0x0000000100000000, 0x0000000100000000)
  eden space 333824K, 0% used [0x00000000e0000000,0x00000000e0000000,0x00000000f4600000)
  from space 60416K, 0% used [0x00000000f9900000,0x00000000f9900000,0x00000000fd400000)
  to   space 84992K, 0% used [0x00000000f4600000,0x00000000f4600000,0x00000000f9900000)
 ParOldGen       total 157184K, used 130583K [0x00000000a0000000, 0x00000000a9980000, 0x00000000e0000000)
  object space 157184K, 83% used [0x00000000a0000000,0x00000000a7f85c58,0x00000000a9980000)
 Metaspace       used 89752K, capacity 93540K, committed 98432K, reserved 1134592K
  class space    used 11714K, capacity 12421K, committed 13440K, reserved 1048576K
}
Event: 354.079 GC heap before
{Heap before GC invocations=25 (full 5):
 PSYoungGen      total 394240K, used 333824K [0x00000000e0000000, 0x0000000100000000, 0x0000000100000000)
  eden space 333824K, 100% used [0x00000000e0000000,0x00000000f4600000,0x00000000f4600000)
  from space 60416K, 0% used [0x00000000f9900000,0x00000000f9900000,0x00000000fd400000)
  to   space 84992K, 0% used [0x00000000f4600000,0x00000000f4600000,0x00000000f9900000)
 ParOldGen       total 157184K, used 130583K [0x00000000a0000000, 0x00000000a9980000, 0x00000000e0000000)
  object space 157184K, 83% used [0x00000000a0000000,0x00000000a7f85c58,0x00000000a9980000)
 Metaspace       used 96055K, capacity 100420K, committed 104064K, reserved 1138688K
  class space    used 12528K, capacity 13331K, committed 14208K, reserved 1048576K
Event: 354.688 GC heap after
Heap after GC invocations=25 (full 5):
 PSYoungGen      total 394240K, used 0K [0x00000000e0000000, 0x0000000100000000, 0x0000000100000000)
  eden space 333824K, 0% used [0x00000000e0000000,0x00000000e0000000,0x00000000f4600000)
  from space 60416K, 0% used [0x00000000f9900000,0x00000000f9900000,0x00000000fd400000)
  to   space 84992K, 0% used [0x00000000f4600000,0x00000000f4600000,0x00000000f9900000)
 ParOldGen       total 157184K, used 68896K [0x00000000a0000000, 0x00000000a9980000, 0x00000000e0000000)
  object space 157184K, 43% used [0x00000000a0000000,0x00000000a43483a0,0x00000000a9980000)
 Metaspace       used 96029K, capacity 100332K, committed 104064K, reserved 1138688K
  class space    used 12521K, capacity 13323K, committed 14208K, reserved 1048576K
}

Deoptimization events (10 events):
Event: 357.488 Thread 0x000000001db06800 Uncommon trap: reason=bimorphic action=maybe_recompile pc=0x00000000042051bc method=com.sun.org.apache.xerces.internal.dom.ParentNode.checkNormalizationAfterInsert(Lcom/sun/org/apache/xerces/internal/dom/ChildNode;)V @ 23
Event: 357.488 Thread 0x000000001db06800 Uncommon trap: reason=bimorphic action=maybe_recompile pc=0x0000000005b478f4 method=com.sun.org.apache.xerces.internal.dom.ParentNode.checkNormalizationAfterInsert(Lcom/sun/org/apache/xerces/internal/dom/ChildNode;)V @ 23
Event: 357.510 Thread 0x000000001db06800 Uncommon trap: reason=null_check action=make_not_entrant pc=0x0000000002aaa898 method=com.sun.org.apache.xerces.internal.dom.NamedNodeMapImpl.findNamePoint(Ljava/lang/String;Ljava/lang/String;)I @ 105
Event: 357.514 Thread 0x000000001db06800 Uncommon trap: reason=unstable_if action=reinterpret pc=0x00000000057041f8 method=com.android.utils.XmlUtils.toXmlAttributeValue(Ljava/lang/String;)Ljava/lang/String; @ 33
Event: 357.662 Thread 0x000000001db00800 Uncommon trap: reason=unstable_if action=reinterpret pc=0x0000000005881c48 method=org.gradle.execution.plan.DefaultExecutionPlan.allDependenciesComplete(Lorg/gradle/execution/plan/Node;)Z @ 10
Event: 357.685 Thread 0x000000001dafa000 Uncommon trap: reason=unstable_if action=reinterpret pc=0x0000000004dc3a1c method=java.util.concurrent.ConcurrentLinkedQueue.offer(Ljava/lang/Object;)Z @ 72
Event: 357.772 Thread 0x000000001fa2a800 Uncommon trap: reason=class_check action=maybe_recompile pc=0x000000000320a140 method=java.lang.Throwable.<init>(Ljava/lang/String;Ljava/lang/Throwable;)V @ 24
Event: 357.772 Thread 0x000000001fa26800 Uncommon trap: reason=class_check action=maybe_recompile pc=0x000000000320a140 method=java.lang.Throwable.<init>(Ljava/lang/String;Ljava/lang/Throwable;)V @ 24
Event: 357.773 Thread 0x000000001fa1e800 Uncommon trap: reason=class_check action=maybe_recompile pc=0x000000000320a140 method=java.lang.Throwable.<init>(Ljava/lang/String;Ljava/lang/Throwable;)V @ 24
Event: 357.775 Thread 0x000000001fa2a800 Uncommon trap: reason=class_check action=maybe_recompile pc=0x000000000320a140 method=java.lang.Throwable.<init>(Ljava/lang/String;Ljava/lang/Throwable;)V @ 24

Classes redefined (0 events):
No events

Internal exceptions (10 events):
Event: 357.510 Thread 0x000000001db06800 Implicit null exception at 0x0000000002aaa4f1 to 0x0000000002aaa865
Event: 357.585 Thread 0x000000001db06800 Exception <a 'java/lang/NoSuchMethodError': <clinit>> (0x00000000ebc4cc38) thrown at [D:\src\AOSP-openjdk-cygwin\jdk8u\hotspot\src\share\vm\prims\jni.cpp, line 1614]
Event: 357.586 Thread 0x000000001db06800 Exception <a 'java/lang/NoSuchMethodError': <clinit>> (0x00000000ebc680f8) thrown at [D:\src\AOSP-openjdk-cygwin\jdk8u\hotspot\src\share\vm\prims\jni.cpp, line 1614]
Event: 357.586 Thread 0x000000001db06800 Exception <a 'java/lang/NoSuchMethodError': <clinit>> (0x00000000ebc6cf08) thrown at [D:\src\AOSP-openjdk-cygwin\jdk8u\hotspot\src\share\vm\prims\jni.cpp, line 1614]
Event: 357.587 Thread 0x000000001db06800 Exception <a 'java/lang/NoSuchMethodError': <clinit>> (0x00000000ebc7dcd0) thrown at [D:\src\AOSP-openjdk-cygwin\jdk8u\hotspot\src\share\vm\prims\jni.cpp, line 1614]
Event: 357.774 Thread 0x000000001fa2a800 Exception <a 'java/io/IOException'> (0x00000000ecd83088) thrown at [D:\src\AOSP-openjdk-cygwin\jdk8u\hotspot\src\share\vm\prims\jni.cpp, line 710]
Event: 357.775 Thread 0x000000001fa26800 Exception <a 'java/io/IOException'> (0x00000000ed396d58) thrown at [D:\src\AOSP-openjdk-cygwin\jdk8u\hotspot\src\share\vm\prims\jni.cpp, line 710]
Event: 357.777 Thread 0x000000001fa1e800 Exception <a 'java/io/IOException'> (0x00000000ecfa82b0) thrown at [D:\src\AOSP-openjdk-cygwin\jdk8u\hotspot\src\share\vm\prims\jni.cpp, line 710]
Event: 357.782 Thread 0x000000001fa24800 Exception <a 'java/io/IOException'> (0x00000000ecb518e0) thrown at [D:\src\AOSP-openjdk-cygwin\jdk8u\hotspot\src\share\vm\prims\jni.cpp, line 710]
Event: 357.816 Thread 0x000000001fa23800 Exception <a 'java/io/IOException'> (0x00000000ec8e8308) thrown at [D:\src\AOSP-openjdk-cygwin\jdk8u\hotspot\src\share\vm\prims\jni.cpp, line 710]

Events (10 events):
Event: 357.821 loading class com/android/manifmerger/ManifestMerger2$SelectorResolver
Event: 357.821 loading class com/android/manifmerger/ManifestMerger2$SelectorResolver done
Event: 357.821 Thread 0x0000000017c5e000 flushing nmethod 0x00000000036750d0
Event: 357.821 loading class com/android/manifmerger/XmlLoader
Event: 357.821 loading class com/android/manifmerger/XmlLoader done
Event: 357.822 Thread 0x0000000017c5e000 flushing nmethod 0x00000000038aec50
Event: 357.822 Thread 0x0000000017c5e000 flushing nmethod 0x00000000038afa90
Event: 357.822 Thread 0x0000000017c5e000 flushing nmethod 0x0000000003904f10
Event: 357.822 Thread 0x0000000017c5e000 flushing nmethod 0x000000000390b490
Event: 357.822 Thread 0x0000000017c5e000 flushing nmethod 0x000000000390df90


Dynamic libraries:
0x00007ff7a3750000 - 0x00007ff7a3781000 	C:\Program Files\Android\Android Studio\jre\bin\java.exe
0x00007ffee58c0000 - 0x00007ffee5ab0000 	C:\Windows\SYSTEM32\ntdll.dll
0x00007ffee5560000 - 0x00007ffee5612000 	C:\Windows\System32\KERNEL32.DLL
0x00007ffee3420000 - 0x00007ffee36c3000 	C:\Windows\System32\KERNELBASE.dll
0x00007ffee4c00000 - 0x00007ffee4ca3000 	C:\Windows\System32\ADVAPI32.dll
0x00007ffee45b0000 - 0x00007ffee464e000 	C:\Windows\System32\msvcrt.dll
0x00007ffee5250000 - 0x00007ffee52e7000 	C:\Windows\System32\sechost.dll
0x00007ffee5620000 - 0x00007ffee5740000 	C:\Windows\System32\RPCRT4.dll
0x00007ffee49f0000 - 0x00007ffee4b84000 	C:\Windows\System32\USER32.dll
0x00007ffee36d0000 - 0x00007ffee36f1000 	C:\Windows\System32\win32u.dll
0x00007ffee39f0000 - 0x00007ffee3a16000 	C:\Windows\System32\GDI32.dll
0x00007ffee3280000 - 0x00007ffee3414000 	C:\Windows\System32\gdi32full.dll
0x00007ffee2850000 - 0x00007ffee28ee000 	C:\Windows\System32\msvcp_win.dll
0x00007ffee2a00000 - 0x00007ffee2afa000 	C:\Windows\System32\ucrtbase.dll
0x00007ffed5c50000 - 0x00007ffed5ed5000 	C:\Windows\WinSxS\amd64_microsoft.windows.common-controls_6595b64144ccf1df_6.0.18362.778_none_e6c6b761130d4fb8\COMCTL32.dll
0x00007ffee4650000 - 0x00007ffee4986000 	C:\Windows\System32\combase.dll
0x00007ffee2950000 - 0x00007ffee29d0000 	C:\Windows\System32\bcryptPrimitives.dll
0x00007ffee3a50000 - 0x00007ffee3a7e000 	C:\Windows\System32\IMM32.DLL
0x000000006a980000 - 0x000000006aa52000 	C:\Program Files\Android\Android Studio\jre\jre\bin\msvcr100.dll
0x000000006ab40000 - 0x000000006b386000 	C:\Program Files\Android\Android Studio\jre\jre\bin\server\jvm.dll
0x00007ffee4dd0000 - 0x00007ffee4dd8000 	C:\Windows\System32\PSAPI.DLL
0x00007ffedd280000 - 0x00007ffedd28a000 	C:\Windows\SYSTEM32\VERSION.dll
0x00007ffee07e0000 - 0x00007ffee0804000 	C:\Windows\SYSTEM32\WINMM.dll
0x00007ffedf0b0000 - 0x00007ffedf0b9000 	C:\Windows\SYSTEM32\WSOCK32.dll
0x00007ffee4d60000 - 0x00007ffee4dcf000 	C:\Windows\System32\WS2_32.dll
0x00007ffee0780000 - 0x00007ffee07ad000 	C:\Windows\SYSTEM32\WINMMBASE.dll
0x00007ffee37d0000 - 0x00007ffee381a000 	C:\Windows\System32\cfgmgr32.dll
0x00007ffede8f0000 - 0x00007ffede8ff000 	C:\Program Files\Android\Android Studio\jre\jre\bin\verify.dll
0x00007ffedadf0000 - 0x00007ffedae19000 	C:\Program Files\Android\Android Studio\jre\jre\bin\java.dll
0x00007ffedae60000 - 0x00007ffedae76000 	C:\Program Files\Android\Android Studio\jre\jre\bin\zip.dll
0x00007ffee3bf0000 - 0x00007ffee42d5000 	C:\Windows\System32\SHELL32.dll
0x00007ffee4500000 - 0x00007ffee45a9000 	C:\Windows\System32\shcore.dll
0x00007ffee2b00000 - 0x00007ffee3280000 	C:\Windows\System32\windows.storage.dll
0x00007ffee2820000 - 0x00007ffee2843000 	C:\Windows\System32\profapi.dll
0x00007ffee27b0000 - 0x00007ffee27fa000 	C:\Windows\System32\powrprof.dll
0x00007ffee2780000 - 0x00007ffee2790000 	C:\Windows\System32\UMPDC.dll
0x00007ffee4990000 - 0x00007ffee49e2000 	C:\Windows\System32\shlwapi.dll
0x00007ffee2790000 - 0x00007ffee27a1000 	C:\Windows\System32\kernel.appcore.dll
0x00007ffee37b0000 - 0x00007ffee37c7000 	C:\Windows\System32\cryptsp.dll
0x00007ffeda7c0000 - 0x00007ffeda7da000 	C:\Program Files\Android\Android Studio\jre\jre\bin\net.dll
0x00007ffed32a0000 - 0x00007ffed3475000 	C:\Windows\SYSTEM32\urlmon.dll
0x00007ffed2820000 - 0x00007ffed2ac6000 	C:\Windows\SYSTEM32\iertutil.dll
0x00007ffee2120000 - 0x00007ffee212c000 	C:\Windows\SYSTEM32\CRYPTBASE.DLL
0x00007ffee1fa0000 - 0x00007ffee2007000 	C:\Windows\system32\mswsock.dll
0x00007ffed8900000 - 0x00007ffed8913000 	C:\Program Files\Android\Android Studio\jre\jre\bin\nio.dll
0x00007ffec3b10000 - 0x00007ffec3b36000 	C:\Users\IS Infinite Stratos\.gradle\native\30\windows-amd64\native-platform.dll
0x00007ffeddd60000 - 0x00007ffeddd6d000 	C:\Program Files\Android\Android Studio\jre\jre\bin\management.dll
0x00007ffee1ac0000 - 0x00007ffee1af3000 	C:\Windows\system32\rsaenh.dll
0x00007ffee29d0000 - 0x00007ffee29f6000 	C:\Windows\System32\bcrypt.dll
0x00007ffee26a0000 - 0x00007ffee26c5000 	C:\Windows\SYSTEM32\USERENV.dll
0x00007ffee1cc0000 - 0x00007ffee1cfa000 	C:\Windows\SYSTEM32\IPHLPAPI.DLL
0x00007ffee3a40000 - 0x00007ffee3a48000 	C:\Windows\System32\NSI.dll
0x00007ffedd1f0000 - 0x00007ffedd206000 	C:\Windows\SYSTEM32\dhcpcsvc6.DLL
0x00007ffedd1c0000 - 0x00007ffedd1dc000 	C:\Windows\SYSTEM32\dhcpcsvc.DLL
0x00007ffee1d00000 - 0x00007ffee1dca000 	C:\Windows\SYSTEM32\DNSAPI.dll
0x00007ffece890000 - 0x00007ffece8ae000 	C:\Users\IS Infinite Stratos\AppData\Local\Temp\native-platform8525247164461188149dir\native-platform.dll
0x00007ffeb8b10000 - 0x00007ffeb8cac000 	C:\Program Files\Android\Android Studio\jre\jre\bin\awt.dll
0x00007ffee4430000 - 0x00007ffee44f4000 	C:\Windows\System32\OLEAUT32.dll
0x00007ffee0ee0000 - 0x00007ffee0f0d000 	C:\Windows\SYSTEM32\dwmapi.dll
0x00007ffedf300000 - 0x00007ffedf8c0000 	C:\Windows\SYSTEM32\d2d1.dll
0x00007ffee0920000 - 0x00007ffee09af000 	C:\Windows\SYSTEM32\apphelp.dll
0x00007ffee0ac0000 - 0x00007ffee0b59000 	C:\Windows\system32\uxtheme.dll

VM Arguments:
jvm_args: -Xmx1536m -Dfile.encoding=windows-1252 -Duser.country=MX -Duser.language=es -Duser.variant 
java_command: org.gradle.launcher.daemon.bootstrap.GradleDaemon 5.6.4
java_class_path (initial): C:\Users\IS Infinite Stratos\.gradle\wrapper\dists\gradle-5.6.4-all\ankdp27end7byghfw1q2sw75f\gradle-5.6.4\lib\gradle-launcher-5.6.4.jar
Launcher Type: SUN_STANDARD

Environment Variables:
PATH=C:\Program Files (x86)\Common Files\Oracle\Java\javapath;C:\Windows\system32;C:\Windows;C:\Program Files\Java\jdk-14\bin;C:\Windows\System32\Wbem;C:\Windows\System32\WindowsPowerShell\v1.0\;C:\Windows\System32\OpenSSH\;C:\Program Files (x86)\NVIDIA Corporation\PhysX\Common;C:\Program Files\NVIDIA Corporation\NVIDIA NvDLISR;C:\Program Files\dotnet\;C:\Program Files\Microsoft SQL Server\130\Tools\Binn\;C:\Program Files\Microsoft SQL Server\Client SDK\ODBC\170\Tools\Binn\;C:\Program Files\Git\cmd;C:\Program Files (x86)\Microsoft SQL Server\140\Tools\Binn\;C:\Program Files\Microsoft SQL Server\140\Tools\Binn\;C:\Program Files (x86)\Microsoft SQL Server\140\DTS\Binn\;C:\Program Files\Microsoft SQL Server\140\DTS\Binn\;C:\Program Files\Microsoft SQL Server\Client SDK\ODBC\130\Tools\Binn\;C:\Program Files (x86)\Microsoft SQL Server\150\DTS\Binn\;C:\HashiCorp\Vagrant\bin;C:\Ruby26-x64\bin;C:\Users\IS Infinite Stratos\AppData\Local\Microsoft\WindowsApps;C:\Users\IS Infinite Stratos\AppData\Local\Programs\Microsoft VS Code\bin
USERNAME=IS Vega
OS=Windows_NT
PROCESSOR_IDENTIFIER=AMD64 Family 23 Model 8 Stepping 2, AuthenticAMD



---------------  S Y S T E M  ---------------

OS: Windows 10.0 , 64 bit Build 18362 (10.0.18362.778)

CPU:total 12 (initial active 12) (12 cores per cpu, 1 threads per core) family 23 model 8 stepping 2, cmov, cx8, fxsr, mmx, sse, sse2, sse3, ssse3, sse4.1, sse4.2, popcnt, avx, avx2, aes, clmul, mmxext, 3dnowpref, lzcnt, sse4a, tsc, tscinvbit, tscinv, bmi1

Memory: 4k page, physical 8337212k(558172k free), swap 12531516k(484k free)

vm_info: OpenJDK 64-Bit Server VM (25.212-b04) for windows-amd64 JRE (1.8.0_212-release-1586-b04), built by "builder" with MS VC++ 10.0 (VS2010)

time: Mon May 04 13:04:33 2020
timezone: Hora de verano central (México)
elapsed time: 357 seconds (0d 0h 5m 57s)

