#
# There is insufficient memory for the Java Runtime Environment to continue.
# Native memory allocation (malloc) failed to allocate 886256 bytes for Chunk::new
# Possible reasons:
#   The system is out of physical RAM or swap space
#   The process is running with CompressedOops enabled, and the Java Heap may be blocking the growth of the native heap
# Possible solutions:
#   Reduce memory load on the system
#   Increase physical memory or swap space
#   Check if swap backing store is full
#   Decrease Java heap size (-Xmx/-Xms)
#   Decrease number of Java threads
#   Decrease Java thread stack sizes (-Xss)
#   Set larger code cache with -XX:ReservedCodeCacheSize=
#   JVM is running with Unscaled Compressed Oops mode in which the Java heap is
#     placed in the first 4GB address space. The Java Heap base address is the
#     maximum limit for the native heap growth. Please use -XX:HeapBaseMinAddress
#     to set the Java Heap base and to place the Java Heap above 4GB virtual address.
# This output file may be truncated or incomplete.
#
#  Out of Memory Error (allocation.cpp:389), pid=9884, tid=0x0000000000004b00
#
# JRE version: OpenJDK Runtime Environment (8.0_212-b04) (build 1.8.0_212-release-1586-b04)
# Java VM: OpenJDK 64-Bit Server VM (25.212-b04 mixed mode windows-amd64 compressed oops)
# Failed to write core dump. Minidumps are not enabled by default on client versions of Windows
#

---------------  T H R E A D  ---------------

Current thread (0x0000000017ca0800):  JavaThread "C2 CompilerThread0" daemon [_thread_in_native, id=19200, stack(0x0000000019310000,0x0000000019410000)]

Stack: [0x0000000019310000,0x0000000019410000]
[error occurred during error reporting (printing stack bounds), id 0xc0000005]

Native frames: (J=compiled Java code, j=interpreted, Vv=VM code, C=native code)


Current CompileTask:
C2:1348697 16920 % !   4       com.android.ide.common.resources.DataMerger::mergeData @ 247 (611 bytes)


---------------  P R O C E S S  ---------------

Java Threads: ( => current thread )
  0x000000001a903000 JavaThread "MarlinRenderer Disposer" daemon [_thread_blocked, id=11520, stack(0x00000000293c0000,0x00000000294c0000)]
  0x000000001a907000 JavaThread "Java2D Disposer" daemon [_thread_blocked, id=9736, stack(0x00000000292c0000,0x00000000293c0000)]
  0x00000000211c2800 JavaThread "WorkerExecutor Queue Thread 7" [_thread_blocked, id=20848, stack(0x0000000027af0000,0x0000000027bf0000)]
  0x00000000211bf000 JavaThread "WorkerExecutor Queue Thread 6" [_thread_in_Java, id=12700, stack(0x00000000279f0000,0x0000000027af0000)]
  0x00000000211c1000 JavaThread "WorkerExecutor Queue Thread 5" [_thread_in_native, id=16680, stack(0x00000000278f0000,0x00000000279f0000)]
  0x00000000211be000 JavaThread "WorkerExecutor Queue Thread 4" [_thread_in_Java, id=14468, stack(0x00000000277f0000,0x00000000278f0000)]
  0x00000000211c0800 JavaThread "WorkerExecutor Queue Thread 3" [_thread_in_Java, id=8056, stack(0x00000000276f0000,0x00000000277f0000)]
  0x00000000211b5000 JavaThread "WorkerExecutor Queue Thread 2" [_thread_in_Java, id=10292, stack(0x0000000027370000,0x0000000027470000)]
  0x00000000211bc000 JavaThread "WorkerExecutor Queue" [_thread_in_Java, id=22164, stack(0x0000000027270000,0x0000000027370000)]
  0x00000000211bb000 JavaThread "Cache worker for execution history cache (D:\SiReMu\Cliente_Android\.gradle\5.6.4\executionHistory)" [_thread_blocked, id=15664, stack(0x0000000026f70000,0x0000000027070000)]
  0x00000000211b5800 JavaThread "Execution worker for ':' Thread 11" [_thread_blocked, id=22148, stack(0x0000000026870000,0x0000000026970000)]
  0x00000000211b8000 JavaThread "Execution worker for ':' Thread 10" [_thread_blocked, id=17976, stack(0x0000000026770000,0x0000000026870000)]
  0x00000000211b9800 JavaThread "Execution worker for ':' Thread 9" [_thread_blocked, id=21736, stack(0x0000000026670000,0x0000000026770000)]
  0x00000000211b8800 JavaThread "Execution worker for ':' Thread 8" [_thread_blocked, id=19212, stack(0x0000000026570000,0x0000000026670000)]
  0x000000001e889800 JavaThread "Execution worker for ':' Thread 7" [_thread_blocked, id=4368, stack(0x0000000026470000,0x0000000026570000)]
  0x000000001e888000 JavaThread "Execution worker for ':' Thread 6" [_thread_blocked, id=23100, stack(0x0000000026370000,0x0000000026470000)]
  0x000000001e886800 JavaThread "Execution worker for ':' Thread 5" [_thread_blocked, id=4012, stack(0x0000000026270000,0x0000000026370000)]
  0x000000001e887000 JavaThread "Execution worker for ':' Thread 4" [_thread_blocked, id=14152, stack(0x0000000026170000,0x0000000026270000)]
  0x000000001e885800 JavaThread "Execution worker for ':' Thread 3" [_thread_in_native, id=13560, stack(0x0000000026070000,0x0000000026170000)]
  0x000000001e885000 JavaThread "Execution worker for ':' Thread 2" [_thread_blocked, id=14320, stack(0x0000000025870000,0x0000000025970000)]
  0x000000001e888800 JavaThread "Execution worker for ':'" [_thread_blocked, id=10864, stack(0x0000000024d70000,0x0000000024e70000)]
  0x000000001e87d800 JavaThread "Cache worker for file content cache (D:\SiReMu\Cliente_Android\.gradle\5.6.4\fileContent)" [_thread_blocked, id=11180, stack(0x0000000024b70000,0x0000000024c70000)]
  0x000000001e884000 JavaThread "Cache worker for Build Output Cleanup Cache (D:\SiReMu\Cliente_Android\.gradle\buildOutputCleanup)" [_thread_blocked, id=15536, stack(0x0000000023e70000,0x0000000023f70000)]
  0x000000001e87f800 JavaThread "Build operations Thread 12" [_thread_blocked, id=20468, stack(0x0000000022f70000,0x0000000023070000)]
  0x000000001e883800 JavaThread "Build operations Thread 11" [_thread_blocked, id=9600, stack(0x0000000022870000,0x0000000022970000)]
  0x000000001e882000 JavaThread "Build operations Thread 10" [_thread_blocked, id=5288, stack(0x0000000022770000,0x0000000022870000)]
  0x000000001e87e000 JavaThread "Build operations Thread 9" [_thread_blocked, id=8756, stack(0x0000000022670000,0x0000000022770000)]
  0x000000001e882800 JavaThread "Build operations Thread 8" [_thread_blocked, id=6308, stack(0x0000000022570000,0x0000000022670000)]
  0x000000001e87a800 JavaThread "Build operations Thread 7" [_thread_blocked, id=15960, stack(0x0000000022470000,0x0000000022570000)]
  0x000000001e87c800 JavaThread "Build operations Thread 6" [_thread_blocked, id=22560, stack(0x0000000022370000,0x0000000022470000)]
  0x000000001e87c000 JavaThread "Build operations Thread 5" [_thread_blocked, id=15076, stack(0x0000000022270000,0x0000000022370000)]
  0x000000001e87b000 JavaThread "Build operations Thread 4" [_thread_blocked, id=15532, stack(0x0000000022170000,0x0000000022270000)]
  0x000000001e881000 JavaThread "Build operations Thread 3" [_thread_blocked, id=6784, stack(0x0000000022070000,0x0000000022170000)]
  0x000000001e87f000 JavaThread "Build operations Thread 2" [_thread_blocked, id=15700, stack(0x0000000020b50000,0x0000000020c50000)]
  0x000000001f797800 JavaThread "Build operations" [_thread_blocked, id=19544, stack(0x0000000020950000,0x0000000020a50000)]
  0x000000001f796800 JavaThread "Cache worker for cache directory md-rule (C:\Users\IS Infinite Stratos\.gradle\caches\5.6.4\md-rule)" [_thread_blocked, id=5376, stack(0x000000001fc00000,0x000000001fd00000)]
  0x000000001f796000 JavaThread "Cache worker for cache directory md-supplier (C:\Users\IS Infinite Stratos\.gradle\caches\5.6.4\md-supplier)" [_thread_blocked, id=1600, stack(0x000000001fb00000,0x000000001fc00000)]
  0x000000001f78c000 JavaThread "Cache worker for file hash cache (D:\SiReMu\Cliente_Android\.gradle\5.6.4\fileHashes)" [_thread_blocked, id=6896, stack(0x000000001d360000,0x000000001d460000)]
  0x000000001f78f000 JavaThread "Thread-84" [_thread_blocked, id=15332, stack(0x000000001d060000,0x000000001d160000)]
  0x000000001f793000 JavaThread "Stdin handler" [_thread_blocked, id=20764, stack(0x000000001ce60000,0x000000001cf60000)]
  0x000000001f78e800 JavaThread "Asynchronous log dispatcher for DefaultDaemonConnection: socket connection from /127.0.0.1:57785 to /127.0.0.1:58084" [_thread_blocked, id=8240, stack(0x000000001cb60000,0x000000001cc60000)]
  0x000000001f78b800 JavaThread "Daemon worker Thread 3" [_thread_blocked, id=8392, stack(0x000000001ca60000,0x000000001cb60000)]
  0x000000001f792000 JavaThread "Cancel handler" [_thread_blocked, id=12304, stack(0x00000000008f0000,0x00000000009f0000)]
  0x000000001f78a800 JavaThread "Handler for socket connection from /127.0.0.1:57785 to /127.0.0.1:58084" [_thread_in_native, id=16368, stack(0x00000000007f0000,0x00000000008f0000)]
  0x000000001f78d000 JavaThread "Daemon Thread 3" [_thread_blocked, id=14016, stack(0x00000000006f0000,0x00000000007f0000)]
  0x00000000211c3800 JavaThread "RMI Reaper" [_thread_blocked, id=10408, stack(0x0000000025b70000,0x0000000025c70000)]
  0x00000000211c2000 JavaThread "RMI TCP Accept-0" daemon [_thread_in_native, id=22048, stack(0x0000000025a70000,0x0000000025b70000)]
  0x00000000211b7000 JavaThread "GC Daemon" daemon [_thread_blocked, id=3320, stack(0x0000000025970000,0x0000000025a70000)]
  0x00000000211bd800 JavaThread "RMI Scheduler(0)" daemon [_thread_blocked, id=22760, stack(0x0000000025770000,0x0000000025870000)]
  0x000000001f795000 JavaThread "Cache worker for file content cache (C:\Users\IS Infinite Stratos\.gradle\caches\5.6.4\fileContent)" [_thread_blocked, id=15084, stack(0x0000000023d70000,0x0000000023e70000)]
  0x000000001f794800 JavaThread "Memory manager" [_thread_blocked, id=18204, stack(0x0000000023c70000,0x0000000023d70000)]
  0x000000001a901000 JavaThread "Cache worker for execution history cache (C:\Users\IS Infinite Stratos\.gradle\caches\5.6.4\executionHistory)" [_thread_blocked, id=4844, stack(0x0000000020a50000,0x0000000020b50000)]
  0x000000001a904800 JavaThread "Cache worker for journal cache (C:\Users\IS Infinite Stratos\.gradle\caches\journal-1)" [_thread_blocked, id=12024, stack(0x000000001d860000,0x000000001d960000)]
  0x000000001a902800 JavaThread "File lock request listener" [_thread_in_native, id=12128, stack(0x000000001d760000,0x000000001d860000)]
  0x000000001b376800 JavaThread "Cache worker for file hash cache (C:\Users\IS Infinite Stratos\.gradle\caches\5.6.4\fileHashes)" [_thread_blocked, id=19000, stack(0x000000001d660000,0x000000001d760000)]
  0x000000001b2c6000 JavaThread "Daemon periodic checks" [_thread_blocked, id=9704, stack(0x000000001c960000,0x000000001ca60000)]
  0x000000001b2c4000 JavaThread "Incoming local TCP Connector on port 57785" [_thread_in_native, id=9672, stack(0x000000001c6f0000,0x000000001c7f0000)]
  0x000000001b1ba000 JavaThread "Daemon health stats" [_thread_blocked, id=16868, stack(0x000000001c0b0000,0x000000001c1b0000)]
  0x0000000017d3b000 JavaThread "Service Thread" daemon [_thread_blocked, id=13576, stack(0x0000000019710000,0x0000000019810000)]
  0x0000000017cb7800 JavaThread "C1 CompilerThread3" daemon [_thread_in_native, id=18796, stack(0x0000000019610000,0x0000000019710000)]
  0x0000000017cb7000 JavaThread "C2 CompilerThread2" daemon [_thread_in_native, id=21544, stack(0x0000000019510000,0x0000000019610000)]
  0x0000000017ca6000 JavaThread "C2 CompilerThread1" daemon [_thread_in_native, id=10780, stack(0x0000000019410000,0x0000000019510000)]
=>0x0000000017ca0800 JavaThread "C2 CompilerThread0" daemon [_thread_in_native, id=19200, stack(0x0000000019310000,0x0000000019410000)]
  0x0000000017c9e000 JavaThread "Attach Listener" daemon [_thread_blocked, id=19308, stack(0x0000000019210000,0x0000000019310000)]
  0x0000000017c9d000 JavaThread "Signal Dispatcher" daemon [_thread_blocked, id=16956, stack(0x0000000019110000,0x0000000019210000)]
  0x00000000025ee000 JavaThread "Finalizer" daemon [_thread_blocked, id=9900, stack(0x0000000018ef0000,0x0000000018ff0000)]
  0x0000000017c93000 JavaThread "Reference Handler" daemon [_thread_blocked, id=12516, stack(0x0000000018df0000,0x0000000018ef0000)]
  0x00000000024f2800 JavaThread "main" [_thread_blocked, id=16788, stack(0x00000000023f0000,0x00000000024f0000)]

Other Threads:
  0x00000000165a6000 VMThread [stack: 0x0000000018cf0000,0x0000000018df0000] [id=21248]
  0x0000000017d3b800 WatcherThread [stack: 0x0000000019810000,0x0000000019910000] [id=1980]

VM state:not at safepoint (normal execution)

VM Mutex/Monitor currently owned by a thread: None

heap address: 0x00000000a0000000, size: 1536 MB, Compressed Oops mode: 32-bit
Narrow klass base: 0x0000000000000000, Narrow klass shift: 3
Compressed class space size: 1073741824 Address: 0x0000000100000000

Heap:
 PSYoungGen      total 360448K, used 213801K [0x00000000e0000000, 0x00000000fcc80000, 0x0000000100000000)
  eden space 316416K, 54% used [0x00000000e0000000,0x00000000ea9d0a38,0x00000000f3500000)
  from space 44032K, 90% used [0x00000000f3500000,0x00000000f5bf9c60,0x00000000f6000000)
  to   space 49664K, 0% used [0x00000000f9c00000,0x00000000f9c00000,0x00000000fcc80000)
 ParOldGen       total 194048K, used 54945K [0x00000000a0000000, 0x00000000abd80000, 0x00000000e0000000)
  object space 194048K, 28% used [0x00000000a0000000,0x00000000a35a8740,0x00000000abd80000)
 Metaspace       used 100617K, capacity 105660K, committed 105984K, reserved 1140736K
  class space    used 13211K, capacity 14214K, committed 14336K, reserved 1048576K

Card table byte_map: [0x00000000119b0000,0x0000000011cc0000] byte_map_base: 0x00000000114b0000

Marking Bits: (ParMarkBitMap*) 0x000000006b309f30
 Begin Bits: [0x00000000128c0000, 0x00000000140c0000)
 End Bits:   [0x00000000140c0000, 0x00000000158c0000)

Polling page: 0x00000000001e0000

CodeCache: size=245760Kb used=47457Kb max_used=47457Kb free=198302Kb
 bounds [0x00000000025f0000, 0x0000000005480000, 0x00000000115f0000]
 total_blobs=15245 nmethods=14202 adapters=956
 compilation: enabled

Compilation events (10 events):
Event: 1348.691 Thread 0x0000000017cb7800 17141       2       java.util.Arrays::sort (37 bytes)
Event: 1348.691 Thread 0x0000000017cb7800 nmethod 17141 0x00000000054783d0 code [0x0000000005478540, 0x0000000005478718]
Event: 1348.691 Thread 0x0000000017cb7800 17142       2       java.util.ComparableTimSort::mergeCollapse (101 bytes)
Event: 1348.692 Thread 0x0000000017cb7800 nmethod 17142 0x0000000005478850 code [0x00000000054789e0, 0x0000000005478cb8]
Event: 1348.693 Thread 0x0000000017cb7800 17143       2       com.sun.org.apache.xerces.internal.dom.ElementNSImpl::setPrefix (222 bytes)
Event: 1348.694 Thread 0x0000000017cb7800 nmethod 17143 0x0000000005478ed0 code [0x0000000005479160, 0x0000000005479ad8]
Event: 1348.694 Thread 0x0000000017cb7800 17145       2       com.android.ide.common.resources.NodeUtils::getPrefixForNs (71 bytes)
Event: 1348.695 Thread 0x0000000017cb7800 nmethod 17145 0x000000000547a150 code [0x000000000547a320, 0x000000000547a7e8]
Event: 1348.695 Thread 0x0000000017cb7800 17144       2       com.android.ide.common.resources.NodeUtils::getDocumentNamespaceAttributes (38 bytes)
Event: 1348.695 Thread 0x0000000017cb7800 nmethod 17144 0x000000000547ab90 code [0x000000000547ad00, 0x000000000547aea8]

GC Heap History (10 events):
Event: 10.970 GC heap before
{Heap before GC invocations=15 (full 3):
 PSYoungGen      total 247808K, used 245832K [0x00000000e0000000, 0x00000000f4480000, 0x0000000100000000)
  eden space 225792K, 100% used [0x00000000e0000000,0x00000000edc80000,0x00000000edc80000)
  from space 22016K, 91% used [0x00000000edc80000,0x00000000ef0123d0,0x00000000ef200000)
  to   space 24576K, 0% used [0x00000000f2c80000,0x00000000f2c80000,0x00000000f4480000)
 ParOldGen       total 124928K, used 35165K [0x00000000a0000000, 0x00000000a7a00000, 0x00000000e0000000)
  object space 124928K, 28% used [0x00000000a0000000,0x00000000a22574d8,0x00000000a7a00000)
 Metaspace       used 75657K, capacity 79912K, committed 80128K, reserved 1118208K
  class space    used 10610K, capacity 11409K, committed 11520K, reserved 1048576K
Event: 11.033 GC heap after
Heap after GC invocations=15 (full 3):
 PSYoungGen      total 286720K, used 24571K [0x00000000e0000000, 0x00000000f6c00000, 0x0000000100000000)
  eden space 262144K, 0% used [0x00000000e0000000,0x00000000e0000000,0x00000000f0000000)
  from space 24576K, 99% used [0x00000000f2c80000,0x00000000f447eee8,0x00000000f4480000)
  to   space 45568K, 0% used [0x00000000f0000000,0x00000000f0000000,0x00000000f2c80000)
 ParOldGen       total 124928K, used 82285K [0x00000000a0000000, 0x00000000a7a00000, 0x00000000e0000000)
  object space 124928K, 65% used [0x00000000a0000000,0x00000000a505b6f0,0x00000000a7a00000)
 Metaspace       used 75657K, capacity 79912K, committed 80128K, reserved 1118208K
  class space    used 10610K, capacity 11409K, committed 11520K, reserved 1048576K
}
Event: 416.406 GC heap before
{Heap before GC invocations=16 (full 3):
 PSYoungGen      total 286720K, used 286715K [0x00000000e0000000, 0x00000000f6c00000, 0x0000000100000000)
  eden space 262144K, 100% used [0x00000000e0000000,0x00000000f0000000,0x00000000f0000000)
  from space 24576K, 99% used [0x00000000f2c80000,0x00000000f447eee8,0x00000000f4480000)
  to   space 45568K, 0% used [0x00000000f0000000,0x00000000f0000000,0x00000000f2c80000)
 ParOldGen       total 124928K, used 82285K [0x00000000a0000000, 0x00000000a7a00000, 0x00000000e0000000)
  object space 124928K, 65% used [0x00000000a0000000,0x00000000a505b6f0,0x00000000a7a00000)
 Metaspace       used 82504K, capacity 87186K, committed 87296K, reserved 1124352K
  class space    used 11360K, capacity 12244K, committed 12288K, reserved 1048576K
Event: 416.434 GC heap after
Heap after GC invocations=16 (full 3):
 PSYoungGen      total 307712K, used 20329K [0x00000000e0000000, 0x00000000f8b00000, 0x0000000100000000)
  eden space 262144K, 0% used [0x00000000e0000000,0x00000000e0000000,0x00000000f0000000)
  from space 45568K, 44% used [0x00000000f0000000,0x00000000f13da528,0x00000000f2c80000)
  to   space 44032K, 0% used [0x00000000f6000000,0x00000000f6000000,0x00000000f8b00000)
 ParOldGen       total 124928K, used 104904K [0x00000000a0000000, 0x00000000a7a00000, 0x00000000e0000000)
  object space 124928K, 83% used [0x00000000a0000000,0x00000000a66722c8,0x00000000a7a00000)
 Metaspace       used 82504K, capacity 87186K, committed 87296K, reserved 1124352K
  class space    used 11360K, capacity 12244K, committed 12288K, reserved 1048576K
}
Event: 416.434 GC heap before
{Heap before GC invocations=17 (full 4):
 PSYoungGen      total 307712K, used 20329K [0x00000000e0000000, 0x00000000f8b00000, 0x0000000100000000)
  eden space 262144K, 0% used [0x00000000e0000000,0x00000000e0000000,0x00000000f0000000)
  from space 45568K, 44% used [0x00000000f0000000,0x00000000f13da528,0x00000000f2c80000)
  to   space 44032K, 0% used [0x00000000f6000000,0x00000000f6000000,0x00000000f8b00000)
 ParOldGen       total 124928K, used 104904K [0x00000000a0000000, 0x00000000a7a00000, 0x00000000e0000000)
  object space 124928K, 83% used [0x00000000a0000000,0x00000000a66722c8,0x00000000a7a00000)
 Metaspace       used 82504K, capacity 87186K, committed 87296K, reserved 1124352K
  class space    used 11360K, capacity 12244K, committed 12288K, reserved 1048576K
Event: 416.527 GC heap after
Heap after GC invocations=17 (full 4):
 PSYoungGen      total 307712K, used 0K [0x00000000e0000000, 0x00000000f8b00000, 0x0000000100000000)
  eden space 262144K, 0% used [0x00000000e0000000,0x00000000e0000000,0x00000000f0000000)
  from space 45568K, 0% used [0x00000000f0000000,0x00000000f0000000,0x00000000f2c80000)
  to   space 44032K, 0% used [0x00000000f6000000,0x00000000f6000000,0x00000000f8b00000)
 ParOldGen       total 194048K, used 54929K [0x00000000a0000000, 0x00000000abd80000, 0x00000000e0000000)
  object space 194048K, 28% used [0x00000000a0000000,0x00000000a35a4740,0x00000000abd80000)
 Metaspace       used 81778K, capacity 85204K, committed 87296K, reserved 1124352K
  class space    used 11117K, capacity 11811K, committed 12288K, reserved 1048576K
}
Event: 421.686 GC heap before
{Heap before GC invocations=18 (full 4):
 PSYoungGen      total 307712K, used 262144K [0x00000000e0000000, 0x00000000f8b00000, 0x0000000100000000)
  eden space 262144K, 100% used [0x00000000e0000000,0x00000000f0000000,0x00000000f0000000)
  from space 45568K, 0% used [0x00000000f0000000,0x00000000f0000000,0x00000000f2c80000)
  to   space 44032K, 0% used [0x00000000f6000000,0x00000000f6000000,0x00000000f8b00000)
 ParOldGen       total 194048K, used 54929K [0x00000000a0000000, 0x00000000abd80000, 0x00000000e0000000)
  object space 194048K, 28% used [0x00000000a0000000,0x00000000a35a4740,0x00000000abd80000)
 Metaspace       used 93286K, capacity 97484K, committed 98944K, reserved 1134592K
  class space    used 12466K, capacity 13317K, committed 13696K, reserved 1048576K
Event: 421.702 GC heap after
Heap after GC invocations=18 (full 4):
 PSYoungGen      total 360448K, used 25564K [0x00000000e0000000, 0x00000000f8d00000, 0x0000000100000000)
  eden space 316416K, 0% used [0x00000000e0000000,0x00000000e0000000,0x00000000f3500000)
  from space 44032K, 58% used [0x00000000f6000000,0x00000000f78f7318,0x00000000f8b00000)
  to   space 44032K, 0% used [0x00000000f3500000,0x00000000f3500000,0x00000000f6000000)
 ParOldGen       total 194048K, used 54937K [0x00000000a0000000, 0x00000000abd80000, 0x00000000e0000000)
  object space 194048K, 28% used [0x00000000a0000000,0x00000000a35a6740,0x00000000abd80000)
 Metaspace       used 93286K, capacity 97484K, committed 98944K, reserved 1134592K
  class space    used 12466K, capacity 13317K, committed 13696K, reserved 1048576K
}
Event: 1347.355 GC heap before
{Heap before GC invocations=19 (full 4):
 PSYoungGen      total 360448K, used 341980K [0x00000000e0000000, 0x00000000f8d00000, 0x0000000100000000)
  eden space 316416K, 100% used [0x00000000e0000000,0x00000000f3500000,0x00000000f3500000)
  from space 44032K, 58% used [0x00000000f6000000,0x00000000f78f7318,0x00000000f8b00000)
  to   space 44032K, 0% used [0x00000000f3500000,0x00000000f3500000,0x00000000f6000000)
 ParOldGen       total 194048K, used 54937K [0x00000000a0000000, 0x00000000abd80000, 0x00000000e0000000)
  object space 194048K, 28% used [0x00000000a0000000,0x00000000a35a6740,0x00000000abd80000)
 Metaspace       used 97588K, capacity 102496K, committed 102784K, reserved 1138688K
  class space    used 12928K, capacity 13892K, committed 13952K, reserved 1048576K
Event: 1347.383 GC heap after
Heap after GC invocations=19 (full 4):
 PSYoungGen      total 360448K, used 39911K [0x00000000e0000000, 0x00000000fcc80000, 0x0000000100000000)
  eden space 316416K, 0% used [0x00000000e0000000,0x00000000e0000000,0x00000000f3500000)
  from space 44032K, 90% used [0x00000000f3500000,0x00000000f5bf9c60,0x00000000f6000000)
  to   space 49664K, 0% used [0x00000000f9c00000,0x00000000f9c00000,0x00000000fcc80000)
 ParOldGen       total 194048K, used 54945K [0x00000000a0000000, 0x00000000abd80000, 0x00000000e0000000)
  object space 194048K, 28% used [0x00000000a0000000,0x00000000a35a8740,0x00000000abd80000)
 Metaspace       used 97588K, capacity 102496K, committed 102784K, reserved 1138688K
  class space    used 12928K, capacity 13892K, committed 13952K, reserved 1048576K
}

Deoptimization events (10 events):
Event: 1348.447 Thread 0x000000001e885800 Uncommon trap: reason=bimorphic action=maybe_recompile pc=0x00000000052d4d68 method=com.sun.org.apache.xerces.internal.dom.CoreDocumentImpl.isKidOK(Lorg/w3c/dom/Node;Lorg/w3c/dom/Node;)Z @ 39
Event: 1348.457 Thread 0x000000001e885800 Uncommon trap: reason=class_check action=maybe_recompile pc=0x0000000002a82328 method=com.sun.org.apache.xerces.internal.dom.ElementImpl.getAttributes()Lorg/w3c/dom/NamedNodeMap; @ 8
Event: 1348.461 Thread 0x000000001e885800 Uncommon trap: reason=bimorphic action=maybe_recompile pc=0x0000000005211a10 method=com.sun.org.apache.xerces.internal.dom.NodeImpl.ownerDocument()Lcom/sun/org/apache/xerces/internal/dom/CoreDocumentImpl; @ 11
Event: 1348.461 Thread 0x000000001e885800 Uncommon trap: reason=bimorphic action=maybe_recompile pc=0x0000000005211a10 method=com.sun.org.apache.xerces.internal.dom.NodeImpl.ownerDocument()Lcom/sun/org/apache/xerces/internal/dom/CoreDocumentImpl; @ 11
Event: 1348.461 Thread 0x000000001e885800 Uncommon trap: reason=bimorphic action=maybe_recompile pc=0x0000000005211a10 method=com.sun.org.apache.xerces.internal.dom.NodeImpl.ownerDocument()Lcom/sun/org/apache/xerces/internal/dom/CoreDocumentImpl; @ 11
Event: 1348.461 Thread 0x000000001e885800 Uncommon trap: reason=bimorphic action=maybe_recompile pc=0x0000000005211a10 method=com.sun.org.apache.xerces.internal.dom.NodeImpl.ownerDocument()Lcom/sun/org/apache/xerces/internal/dom/CoreDocumentImpl; @ 11
Event: 1348.500 Thread 0x000000001e885800 Uncommon trap: reason=unstable_if action=reinterpret pc=0x0000000003469a6c method=java.nio.charset.CharsetEncoder.encode(Ljava/nio/CharBuffer;Ljava/nio/ByteBuffer;Z)Ljava/nio/charset/CoderResult; @ 94
Event: 1348.515 Thread 0x000000001e885800 Uncommon trap: reason=class_check action=maybe_recompile pc=0x0000000002a82328 method=com.sun.org.apache.xerces.internal.dom.ElementImpl.getAttributes()Lorg/w3c/dom/NamedNodeMap; @ 8
Event: 1348.518 Thread 0x000000001e885800 Uncommon trap: reason=class_check action=maybe_recompile pc=0x0000000002a82328 method=com.sun.org.apache.xerces.internal.dom.ElementImpl.getAttributes()Lorg/w3c/dom/NamedNodeMap; @ 8
Event: 1348.522 Thread 0x000000001e885800 Uncommon trap: reason=class_check action=maybe_recompile pc=0x0000000002a82328 method=com.sun.org.apache.xerces.internal.dom.ElementImpl.getAttributes()Lorg/w3c/dom/NamedNodeMap; @ 8

Classes redefined (0 events):
No events

Internal exceptions (10 events):
Event: 1348.390 Thread 0x000000001e885800 Exception <a 'java/lang/NoSuchMethodError': <clinit>> (0x00000000e8e536b0) thrown at [D:\src\AOSP-openjdk-cygwin\jdk8u\hotspot\src\share\vm\prims\jni.cpp, line 1614]
Event: 1348.391 Thread 0x000000001e885800 Exception <a 'java/lang/NoSuchMethodError': <clinit>> (0x00000000e8e786f0) thrown at [D:\src\AOSP-openjdk-cygwin\jdk8u\hotspot\src\share\vm\prims\jni.cpp, line 1614]
Event: 1348.392 Thread 0x000000001e885800 Exception <a 'java/lang/NoSuchMethodError': <clinit>> (0x00000000e8e7d308) thrown at [D:\src\AOSP-openjdk-cygwin\jdk8u\hotspot\src\share\vm\prims\jni.cpp, line 1614]
Event: 1348.392 Thread 0x000000001e885800 Exception <a 'java/lang/NoSuchMethodError': <clinit>> (0x00000000e8e809b0) thrown at [D:\src\AOSP-openjdk-cygwin\jdk8u\hotspot\src\share\vm\prims\jni.cpp, line 1614]
Event: 1348.392 Thread 0x000000001e885800 Exception <a 'java/lang/NoSuchMethodError': <clinit>> (0x00000000e8e97fe0) thrown at [D:\src\AOSP-openjdk-cygwin\jdk8u\hotspot\src\share\vm\prims\jni.cpp, line 1614]
Event: 1348.392 Thread 0x000000001e885800 Exception <a 'java/lang/NoSuchMethodError': <clinit>> (0x00000000e8ead958) thrown at [D:\src\AOSP-openjdk-cygwin\jdk8u\hotspot\src\share\vm\prims\jni.cpp, line 1614]
Event: 1348.393 Thread 0x000000001e885800 Exception <a 'java/lang/NoSuchMethodError': <clinit>> (0x00000000e8ecb028) thrown at [D:\src\AOSP-openjdk-cygwin\jdk8u\hotspot\src\share\vm\prims\jni.cpp, line 1614]
Event: 1348.394 Thread 0x000000001e885800 Exception <a 'java/lang/NoSuchMethodError': <clinit>> (0x00000000e8ede500) thrown at [D:\src\AOSP-openjdk-cygwin\jdk8u\hotspot\src\share\vm\prims\jni.cpp, line 1614]
Event: 1348.471 Thread 0x00000000211b5000 Exception <a 'java/io/FileNotFoundException'> (0x00000000e961fae8) thrown at [D:\src\AOSP-openjdk-cygwin\jdk8u\hotspot\src\share\vm\prims\jni.cpp, line 710]
Event: 1348.522 Thread 0x00000000211c1000 Exception <a 'java/io/FileNotFoundException'> (0x00000000e9dee358) thrown at [D:\src\AOSP-openjdk-cygwin\jdk8u\hotspot\src\share\vm\prims\jni.cpp, line 710]

Events (10 events):
Event: 1348.691 loading class com/sun/imageio/plugins/png/PNGMetadata done
Event: 1348.692 loading class com/sun/imageio/plugins/png/ChunkStream
Event: 1348.692 Thread 0x000000001e885800 DEOPT PACKING pc=0x000000000541b30f sp=0x000000002616aee0
Event: 1348.692 Thread 0x000000001e885800 DEOPT UNPACKING pc=0x00000000026371d0 sp=0x000000002616acd0 mode 0
Event: 1348.692 loading class com/sun/imageio/plugins/png/ChunkStream done
Event: 1348.692 loading class com/sun/imageio/plugins/png/CRC
Event: 1348.692 loading class com/sun/imageio/plugins/png/CRC done
Event: 1348.695 loading class com/sun/imageio/plugins/png/IDATOutputStream
Event: 1348.695 loading class com/sun/imageio/plugins/png/IDATOutputStream done
Event: 1348.695 loading class java/awt/image/PixelInterleavedSampleModel


Dynamic libraries:
0x00007ff7a3750000 - 0x00007ff7a3781000 	C:\Program Files\Android\Android Studio\jre\bin\java.exe
0x00007ffee58c0000 - 0x00007ffee5ab0000 	C:\Windows\SYSTEM32\ntdll.dll
0x00007ffee5560000 - 0x00007ffee5612000 	C:\Windows\System32\KERNEL32.DLL
0x00007ffee3420000 - 0x00007ffee36c3000 	C:\Windows\System32\KERNELBASE.dll
0x00007ffee4c00000 - 0x00007ffee4ca3000 	C:\Windows\System32\ADVAPI32.dll
0x00007ffee45b0000 - 0x00007ffee464e000 	C:\Windows\System32\msvcrt.dll
0x00007ffee5250000 - 0x00007ffee52e7000 	C:\Windows\System32\sechost.dll
0x00007ffee5620000 - 0x00007ffee5740000 	C:\Windows\System32\RPCRT4.dll
0x00007ffee49f0000 - 0x00007ffee4b84000 	C:\Windows\System32\USER32.dll
0x00007ffee36d0000 - 0x00007ffee36f1000 	C:\Windows\System32\win32u.dll
0x00007ffee39f0000 - 0x00007ffee3a16000 	C:\Windows\System32\GDI32.dll
0x00007ffee3280000 - 0x00007ffee3414000 	C:\Windows\System32\gdi32full.dll
0x00007ffee2850000 - 0x00007ffee28ee000 	C:\Windows\System32\msvcp_win.dll
0x00007ffee2a00000 - 0x00007ffee2afa000 	C:\Windows\System32\ucrtbase.dll
0x00007ffed5c50000 - 0x00007ffed5ed5000 	C:\Windows\WinSxS\amd64_microsoft.windows.common-controls_6595b64144ccf1df_6.0.18362.778_none_e6c6b761130d4fb8\COMCTL32.dll
0x00007ffee4650000 - 0x00007ffee4986000 	C:\Windows\System32\combase.dll
0x00007ffee2950000 - 0x00007ffee29d0000 	C:\Windows\System32\bcryptPrimitives.dll
0x00007ffee3a50000 - 0x00007ffee3a7e000 	C:\Windows\System32\IMM32.DLL
0x000000006a980000 - 0x000000006aa52000 	C:\Program Files\Android\Android Studio\jre\jre\bin\msvcr100.dll
0x000000006ab40000 - 0x000000006b386000 	C:\Program Files\Android\Android Studio\jre\jre\bin\server\jvm.dll
0x00007ffee4dd0000 - 0x00007ffee4dd8000 	C:\Windows\System32\PSAPI.DLL
0x00007ffedf0b0000 - 0x00007ffedf0b9000 	C:\Windows\SYSTEM32\WSOCK32.dll
0x00007ffee07e0000 - 0x00007ffee0804000 	C:\Windows\SYSTEM32\WINMM.dll
0x00007ffedd280000 - 0x00007ffedd28a000 	C:\Windows\SYSTEM32\VERSION.dll
0x00007ffee4d60000 - 0x00007ffee4dcf000 	C:\Windows\System32\WS2_32.dll
0x00007ffee0780000 - 0x00007ffee07ad000 	C:\Windows\SYSTEM32\winmmbase.dll
0x00007ffee37d0000 - 0x00007ffee381a000 	C:\Windows\System32\cfgmgr32.dll
0x00007ffede8f0000 - 0x00007ffede8ff000 	C:\Program Files\Android\Android Studio\jre\jre\bin\verify.dll
0x00007ffed7600000 - 0x00007ffed7629000 	C:\Program Files\Android\Android Studio\jre\jre\bin\java.dll
0x00007ffeda7c0000 - 0x00007ffeda7d6000 	C:\Program Files\Android\Android Studio\jre\jre\bin\zip.dll
0x00007ffee3bf0000 - 0x00007ffee42d5000 	C:\Windows\System32\SHELL32.dll
0x00007ffee4500000 - 0x00007ffee45a9000 	C:\Windows\System32\shcore.dll
0x00007ffee2b00000 - 0x00007ffee3280000 	C:\Windows\System32\windows.storage.dll
0x00007ffee2820000 - 0x00007ffee2843000 	C:\Windows\System32\profapi.dll
0x00007ffee27b0000 - 0x00007ffee27fa000 	C:\Windows\System32\powrprof.dll
0x00007ffee2780000 - 0x00007ffee2790000 	C:\Windows\System32\UMPDC.dll
0x00007ffee4990000 - 0x00007ffee49e2000 	C:\Windows\System32\shlwapi.dll
0x00007ffee2790000 - 0x00007ffee27a1000 	C:\Windows\System32\kernel.appcore.dll
0x00007ffee37b0000 - 0x00007ffee37c7000 	C:\Windows\System32\cryptsp.dll
0x00007ffed72d0000 - 0x00007ffed72ea000 	C:\Program Files\Android\Android Studio\jre\jre\bin\net.dll
0x00007ffed32a0000 - 0x00007ffed3475000 	C:\Windows\SYSTEM32\urlmon.dll
0x00007ffed2820000 - 0x00007ffed2ac6000 	C:\Windows\SYSTEM32\iertutil.dll
0x00007ffee2120000 - 0x00007ffee212c000 	C:\Windows\SYSTEM32\CRYPTBASE.DLL
0x00007ffee1fa0000 - 0x00007ffee2007000 	C:\Windows\system32\mswsock.dll
0x00007ffed71f0000 - 0x00007ffed7203000 	C:\Program Files\Android\Android Studio\jre\jre\bin\nio.dll
0x00007ffec4d10000 - 0x00007ffec4d36000 	C:\Users\IS Infinite Stratos\.gradle\native\30\windows-amd64\native-platform.dll
0x00007ffeddd60000 - 0x00007ffeddd6d000 	C:\Program Files\Android\Android Studio\jre\jre\bin\management.dll
0x00007ffee1ac0000 - 0x00007ffee1af3000 	C:\Windows\system32\rsaenh.dll
0x00007ffee29d0000 - 0x00007ffee29f6000 	C:\Windows\System32\bcrypt.dll
0x00007ffee26a0000 - 0x00007ffee26c5000 	C:\Windows\SYSTEM32\USERENV.dll
0x00007ffee1cc0000 - 0x00007ffee1cfa000 	C:\Windows\SYSTEM32\IPHLPAPI.DLL
0x00007ffee3a40000 - 0x00007ffee3a48000 	C:\Windows\System32\NSI.dll
0x00007ffedd1f0000 - 0x00007ffedd206000 	C:\Windows\SYSTEM32\dhcpcsvc6.DLL
0x00007ffedd1c0000 - 0x00007ffedd1dc000 	C:\Windows\SYSTEM32\dhcpcsvc.DLL
0x00007ffee1d00000 - 0x00007ffee1dca000 	C:\Windows\SYSTEM32\DNSAPI.dll
0x00007ffecff10000 - 0x00007ffecff34000 	C:\Program Files\Android\Android Studio\jre\jre\bin\sunec.dll
0x00007ffedc5a0000 - 0x00007ffedc5aa000 	C:\Windows\System32\rasadhlp.dll
0x00007ffedcc80000 - 0x00007ffedccf7000 	C:\Windows\System32\fwpuclnt.dll
0x00007ffedae00000 - 0x00007ffedae0b000 	C:\Program Files\Android\Android Studio\jre\jre\bin\sunmscapi.dll
0x00007ffee3820000 - 0x00007ffee3969000 	C:\Windows\System32\CRYPT32.dll
0x00007ffee2800000 - 0x00007ffee2812000 	C:\Windows\System32\MSASN1.dll
0x00007ffee17a0000 - 0x00007ffee17d1000 	C:\Windows\SYSTEM32\ntmarta.dll
0x00007ffeb88e0000 - 0x00007ffeb8a7c000 	C:\Program Files\Android\Android Studio\jre\jre\bin\awt.dll
0x00007ffee4430000 - 0x00007ffee44f4000 	C:\Windows\System32\OLEAUT32.dll
0x00007ffee0ee0000 - 0x00007ffee0f0d000 	C:\Windows\SYSTEM32\dwmapi.dll
0x00007ffedf300000 - 0x00007ffedf8c0000 	C:\Windows\SYSTEM32\d2d1.dll
0x00007ffee0920000 - 0x00007ffee09af000 	C:\Windows\SYSTEM32\apphelp.dll
0x00007ffee0ac0000 - 0x00007ffee0b59000 	C:\Windows\system32\uxtheme.dll

VM Arguments:
jvm_args: -Xmx1536m -Dfile.encoding=windows-1252 -Duser.country=MX -Duser.language=es -Duser.variant 
java_command: org.gradle.launcher.daemon.bootstrap.GradleDaemon 5.6.4
java_class_path (initial): C:\Users\IS Infinite Stratos\.gradle\wrapper\dists\gradle-5.6.4-all\ankdp27end7byghfw1q2sw75f\gradle-5.6.4\lib\gradle-launcher-5.6.4.jar
Launcher Type: SUN_STANDARD

Environment Variables:
PATH=C:\Program Files (x86)\Common Files\Oracle\Java\javapath;C:\Windows\system32;C:\Windows;C:\Program Files\Java\jdk-14\bin;C:\Windows\System32\Wbem;C:\Windows\System32\WindowsPowerShell\v1.0\;C:\Windows\System32\OpenSSH\;C:\Program Files (x86)\NVIDIA Corporation\PhysX\Common;C:\Program Files\NVIDIA Corporation\NVIDIA NvDLISR;C:\Program Files\dotnet\;C:\Program Files\Microsoft SQL Server\130\Tools\Binn\;C:\Program Files\Microsoft SQL Server\Client SDK\ODBC\170\Tools\Binn\;C:\Program Files\Git\cmd;C:\Program Files (x86)\Microsoft SQL Server\140\Tools\Binn\;C:\Program Files\Microsoft SQL Server\140\Tools\Binn\;C:\Program Files (x86)\Microsoft SQL Server\140\DTS\Binn\;C:\Program Files\Microsoft SQL Server\140\DTS\Binn\;C:\Program Files\Microsoft SQL Server\Client SDK\ODBC\130\Tools\Binn\;C:\Program Files (x86)\Microsoft SQL Server\150\DTS\Binn\;C:\HashiCorp\Vagrant\bin;C:\Ruby26-x64\bin;C:\Users\IS Infinite Stratos\AppData\Local\Microsoft\WindowsApps;C:\Users\IS Infinite Stratos\AppData\Local\Programs\Microsoft VS Code\bin
USERNAME=IS Vega
OS=Windows_NT
PROCESSOR_IDENTIFIER=AMD64 Family 23 Model 8 Stepping 2, AuthenticAMD



---------------  S Y S T E M  ---------------

OS: Windows 10.0 , 64 bit Build 18362 (10.0.18362.778)

CPU:total 12 (initial active 12) (12 cores per cpu, 1 threads per core) family 23 model 8 stepping 2, cmov, cx8, fxsr, mmx, sse, sse2, sse3, ssse3, sse4.1, sse4.2, popcnt, avx, avx2, aes, clmul, mmxext, 3dnowpref, lzcnt, sse4a, tsc, tscinvbit, tscinv, bmi1

Memory: 4k page, physical 8337212k(853856k free), swap 12531516k(5356k free)

vm_info: OpenJDK 64-Bit Server VM (25.212-b04) for windows-amd64 JRE (1.8.0_212-release-1586-b04), built by "builder" with MS VC++ 10.0 (VS2010)

time: Mon May 04 12:55:15 2020
timezone: Hora de verano central (México)
elapsed time: 1348 seconds (0d 0h 22m 28s)

